<?xml version="1.0" encoding="utf-8"?><testsuites name="pytest tests"><testsuite name="pytest" errors="0" failures="1" skipped="0" tests="22" time="159.633" timestamp="2026-08-13T16:18:45.593053+00:00" hostname="agent-env-a17f91ba-fba0-414a-ab18-50ce127c19a2"><testcase classname="tests.test_batch2_recruitment_restructure.TestModule1BlueprintCount" name="test_generate_blueprint_matches_count_3" time="22.824" /><testcase classname="tests.test_batch2_recruitment_restructure.TestModule1BlueprintCount" name="test_edit_and_approve_blueprint" time="0.644" /><testcase classname="tests.test_batch2_recruitment_restructure.TestModule1CountVariations" name="test_count_7_produces_7_profiles" time="49.794" /><testcase classname="tests.test_batch2_recruitment_restructure.TestModule1CountVariations" name="test_count_not_sure_produces_recommendation" time="25.403" /><testcase classname="tests.test_batch2_recruitment_restructure.TestModule1CountVariations" name="test_reset_to_3" time="0.002" /><testcase classname="tests.test_batch2_recruitment_restructure.TestModule2AutoApplication" name="test_opportunity_auto_creates_application" time="0.258" /><testcase classname="tests.test_batch2_recruitment_restructure.TestModule2AutoApplication" name="test_slug_in_apply_url_is_org_slug" time="0.207" /><testcase classname="tests.test_batch2_recruitment_restructure.TestCampaignGeneration" name="test_all_five_generated" time="57.201" /><testcase classname="tests.test_batch2_recruitment_restructure.TestCampaignGeneration" name="test_apply_url_substituted_and_no_placeholders" time="0.001" /><testcase classname="tests.test_batch2_recruitment_restructure.TestCampaignGeneration" name="test_outputs_are_distinct" time="0.000" /><testcase classname="tests.test_batch2_recruitment_restructure.TestCampaignGeneration" name="test_email_has_subject_and_generic_greeting" time="0.000" /><testcase classname="tests.test_batch2_recruitment_restructure.TestCampaignGeneration" name="test_material_edit_persists_after_reload" time="0.486" /><testcase classname="tests.test_batch2_recruitment_restructure.TestLaunch" name="test_readiness_after_all_generated" time="0.127" /><testcase classname="tests.test_batch2_recruitment_restructure.TestLaunch" name="test_publish_success" time="0.683" /><testcase classname="tests.test_batch2_recruitment_restructure.TestLaunch" name="test_second_publish_returns_409" time="0.124" /><testcase classname="tests.test_batch2_recruitment_restructure.TestLaunch" name="test_public_apply_page_loads" time="0.134" /><testcase classname="tests.test_batch2_recruitment_restructure.TestPublishReadinessNegative" name="test_publish_blocked_without_materials" time="0.800" /><testcase classname="tests.test_batch2_recruitment_restructure.TestTenantIsolation" name="test_other_member_cannot_read_first_members_materials" time="0.125" /><testcase classname="tests.test_batch2_recruitment_restructure.TestTenantIsolation" name="test_other_member_cannot_fetch_first_members_material_by_id" time="0.141" /><testcase classname="tests.test_batch2_recruitment_restructure.TestRegression" name="test_intake_context_still_works" time="0.164"><failure message="AssertionError: {&quot;detail&quot;:[{&quot;type&quot;:&quot;missing&quot;,&quot;loc&quot;:[&quot;query&quot;,&quot;session_id&quot;],&quot;msg&quot;:&quot;Field required&quot;,&quot;input&quot;:null,&quot;url&quot;:&quot;https://errors.pydantic.dev/2.13/v/missing&quot;}]}&#10;assert 422 == 200&#10; +  where 422 = &lt;Response [422]&gt;.status_code">backend/tests/test_batch2_recruitment_restructure.py:383: in test_intake_context_still_works
    assert r.status_code == 200, r.text
E   AssertionError: {"detail":[{"type":"missing","loc":["query","session_id"],"msg":"Field required","input":null,"url":"https://errors.pydantic.dev/2.13/v/missing"}]}
E   assert 422 == 200
E    +  where 422 = &lt;Response [422]&gt;.status_code</failure></testcase><testcase classname="tests.test_batch2_recruitment_restructure.TestRegression" name="test_materials_returns_all_types" time="0.142" /><testcase classname="tests.test_batch2_recruitment_restructure.TestRegression" name="test_courses_still_5_modules" time="0.192" /></testsuite></testsuites>