<?xml version="1.0" encoding="utf-8"?><testsuites name="pytest tests"><testsuite name="pytest" errors="0" failures="0" skipped="0" tests="16" time="4.492" timestamp="2026-08-13T16:04:25.699720+00:00" hostname="agent-env-a17f91ba-fba0-414a-ab18-50ce127c19a2"><testcase classname="tests.test_batch1_five_step_restructure.TestCoursesSelfGuided" name="test_self_guided_returns_5_modules" time="0.703" /><testcase classname="tests.test_batch1_five_step_restructure.TestCoursesSelfGuided" name="test_self_guided_percent_over_5" time="0.227" /><testcase classname="tests.test_batch1_five_step_restructure.TestCoursesBasic" name="test_basic_returns_5_modules" time="0.529" /><testcase classname="tests.test_batch1_five_step_restructure.TestCourseProgress" name="test_accepts_1_to_5_rejects_6" time="0.346" /><testcase classname="tests.test_batch1_five_step_restructure.TestCourseProgress" name="test_complete_returns_percent_over_5" time="0.265" /><testcase classname="tests.test_batch1_five_step_restructure.TestCourseProgress" name="test_retired_99_records_do_not_count" time="0.279" /><testcase classname="tests.test_batch1_five_step_restructure.TestMigrationDB" name="test_migration_recorded" time="0.001" /><testcase classname="tests.test_batch1_five_step_restructure.TestMigrationDB" name="test_course_progress_has_legacy_fields" time="0.001" /><testcase classname="tests.test_batch1_five_step_restructure.TestMigrationDB" name="test_retired_strategy_preserved" time="0.001" /><testcase classname="tests.test_batch1_five_step_restructure.TestBoardIntakeMemory" name="test_submit_merges_without_overwrite_no_duplicate" time="0.343" /><testcase classname="tests.test_batch1_five_step_restructure.TestBoardIntakeMemory" name="test_context_returns_organization_prefill" time="0.194" /><testcase classname="tests.test_batch1_five_step_restructure.TestPublishReadiness" name="test_readiness_only_has_two_keys" time="0.169" /><testcase classname="tests.test_batch1_five_step_restructure.TestTenantIsolation" name="test_member_cannot_see_others_profile" time="0.604" /><testcase classname="tests.test_batch1_five_step_restructure.TestAdminVideos" name="test_reject_module_6" time="0.485" /><testcase classname="tests.test_batch1_five_step_restructure.TestAdminVideos" name="test_accept_module_1" time="0.074" /><testcase classname="tests.test_batch1_five_step_restructure.TestDashboard" name="test_modules_total_5" time="0.128" /></testsuite></testsuites>