<?xml version="1.0" encoding="utf-8"?><testsuites name="pytest tests"><testsuite name="pytest" errors="0" failures="16" skipped="0" tests="35" time="5.412" timestamp="2026-08-14T07:30:55.273305+00:00" hostname="agent-env-dd120449-c5aa-422d-b224-17ebd907f0b9"><testcase classname="tests.test_batch2_reactivation.TestRosterAndAdd" name="test_roster_empty_initially" time="0.758" /><testcase classname="tests.test_batch2_reactivation.TestSendFlow" name="test_email_preview_initial" time="0.694"><failure message="KeyError: 'alice_id'">E   KeyError: 'alice_id'</failure></testcase><testcase classname="tests.test_batch2_reactivation.TestSendFlow" name="test_email_preview_reminder" time="0.000"><failure message="KeyError: 'alice_id'">E   KeyError: 'alice_id'</failure></testcase><testcase classname="tests.test_batch2_reactivation.TestSendFlow" name="test_send_initial_form" time="0.000"><failure message="KeyError: 'alice_id'">E   KeyError: 'alice_id'</failure></testcase><testcase classname="tests.test_batch2_reactivation.TestSendFlow" name="test_resend_keeps_same_token" time="0.000"><failure message="KeyError: 'alice_id'">E   KeyError: 'alice_id'</failure></testcase><testcase classname="tests.test_batch2_reactivation.TestSendFlow" name="test_send_reminder_records_last_reminder_at" time="0.000"><failure message="KeyError: 'alice_id'">E   KeyError: 'alice_id'</failure></testcase><testcase classname="tests.test_batch2_reactivation.TestSendFlow" name="test_call_script" time="0.000"><failure message="KeyError: 'alice_id'">E   KeyError: 'alice_id'</failure></testcase><testcase classname="tests.test_batch2_reactivation.TestSendFlow" name="test_save_call_notes" time="0.000"><failure message="KeyError: 'alice_id'">E   KeyError: 'alice_id'</failure></testcase><testcase classname="tests.test_batch2_reactivation.TestPublicForm" name="test_public_context_valid_token" time="0.000"><failure message="KeyError: 'alice_token'">E   KeyError: 'alice_token'</failure></testcase><testcase classname="tests.test_batch2_reactivation.TestPublicForm" name="test_public_context_invalid_token" time="0.112" /><testcase classname="tests.test_batch2_reactivation.TestRosterAndAdd" name="test_add_board_member" time="0.115" /><testcase classname="tests.test_batch2_reactivation.TestPublicForm" name="test_submit_missing_confirmation_returns_422" time="0.000"><failure message="KeyError: 'alice_token'">E   KeyError: 'alice_token'</failure></testcase><testcase classname="tests.test_batch2_reactivation.TestPublicForm" name="test_submit_invalid_recommitment_returns_422" time="0.000"><failure message="KeyError: 'alice_token'">E   KeyError: 'alice_token'</failure></testcase><testcase classname="tests.test_batch2_reactivation.TestPublicForm" name="test_submit_valid" time="0.000"><failure message="KeyError: 'alice_token'">E   KeyError: 'alice_token'</failure></testcase><testcase classname="tests.test_batch2_reactivation.TestPublicForm" name="test_revisit_already_submitted" time="0.000"><failure message="KeyError: 'alice_token'">E   KeyError: 'alice_token'</failure></testcase><testcase classname="tests.test_batch2_reactivation.TestPublicForm" name="test_repost_returns_409" time="0.000"><failure message="KeyError: 'alice_token'">E   KeyError: 'alice_token'</failure></testcase><testcase classname="tests.test_batch2_reactivation.TestBatch1Regression" name="test_reactivate_short_lead" time="2.026" /><testcase classname="tests.test_batch2_reactivation.TestRosterAndAdd" name="test_add_board_member_dedupe" time="0.150" /><testcase classname="tests.test_batch2_reactivation.TestRosterAndAdd" name="test_add_missing_name_returns_422" time="0.111" /><testcase classname="tests.test_batch2_reactivation.TestRosterAndAdd" name="test_add_missing_email_returns_422" time="0.113" /><testcase classname="tests.test_batch2_reactivation.TestRosterAndAdd" name="test_roster_after_add" time="0.122" /><testcase classname="tests.test_batch2_reactivation.TestRosterAndAdd" name="test_import_from_recruitment" time="0.481" /><testcase classname="tests.test_batch2_reactivation.TestAuthGuards" name="test_roster_unauth_returns_401" time="0.115" /><testcase classname="tests.test_batch2_reactivation.TestAuthGuards" name="test_roster_recruitment_only_returns_403" time="0.430" /><testcase classname="tests.test_batch2_reactivation.TestAuthGuards" name="test_admin_overview_requires_admin" time="0.115" /><testcase classname="tests.test_batch2_reactivation.TestTenantIsolation" name="test_founder_b_cannot_see_a_members" time="0.453" /><testcase classname="tests.test_batch2_reactivation.TestBatch1Regression" name="test_reactivation_diy_checkout" time="0.798" /><testcase classname="tests.test_batch2_reactivation.TestTenantIsolation" name="test_founder_b_cannot_read_a_member_details" time="0.646" /><testcase classname="tests.test_batch2_reactivation.TestTenantIsolation" name="test_founder_b_cannot_send_form_for_a_member" time="0.097" /><testcase classname="tests.test_batch2_reactivation.TestBatch1Regression" name="test_intake_context_bogus_session_404" time="0.101" /><testcase classname="tests.test_batch2_reactivation.TestViewResponse" name="test_view_response_completed" time="0.124"><failure message="assert 404 == 200&#10; +  where 404 = &lt;Response [404]&gt;.status_code">E   assert 404 == 200
     +  where 404 = &lt;Response [404]&gt;.status_code</failure></testcase><testcase classname="tests.test_batch2_reactivation.TestBatch1Regression" name="test_recruitment_workspace_endpoint_still_gated" time="0.111" /><testcase classname="tests.test_batch2_reactivation.TestViewResponse" name="test_view_response_not_completed_404" time="0.107" /><testcase classname="tests.test_batch2_reactivation.TestAdminOverview" name="test_admin_overview_success" time="0.403"><failure message="assert 0 &gt;= 2">E   assert 0 &gt;= 2</failure></testcase><testcase classname="tests.test_batch2_reactivation.TestViewResponse" name="test_roster_progress_reflects_completion" time="0.253"><failure message="assert 0 == 1">E   assert 0 == 1</failure></testcase></testsuite></testsuites>