<?xml version="1.0" encoding="utf-8"?><testsuites name="pytest tests"><testsuite name="pytest" errors="0" failures="0" skipped="0" tests="17" time="4.916" timestamp="2026-08-12T21:00:52.650441+00:00" hostname="agent-env-442895fd-7171-40d4-b51c-c87ed56c1131"><testcase classname="tests.test_batch_intake_e2e.TestDIYCheckout" name="test_diy_checkout_creates_stripe_session" time="1.129" /><testcase classname="tests.test_batch_intake_e2e.TestDIYCheckout" name="test_diy_checkout_invalid_origin" time="0.056" /><testcase classname="tests.test_batch_intake_e2e.TestDirectProjectCheckout" name="test_direct_project_success_url_is_intake" time="0.640" /><testcase classname="tests.test_batch_intake_e2e.TestIntakeGating" name="test_intake_context_404_for_bogus_session" time="0.060" /><testcase classname="tests.test_batch_intake_e2e.TestIntakeGating" name="test_intake_context_402_for_pending_diy_session" time="0.939" /><testcase classname="tests.test_batch_intake_e2e.TestIntakeGating" name="test_intake_submit_rejected_for_bogus_session" time="0.070" /><testcase classname="tests.test_batch_intake_e2e.TestIntakeSubmitHappyPath" name="test_intake_submit_and_upsert" time="0.445" /><testcase classname="tests.test_batch_intake_e2e.TestRoutes" name="test_route_returns_html[/]" time="0.213" /><testcase classname="tests.test_batch_intake_e2e.TestRoutes" name="test_route_returns_html[/about-rooney]" time="0.108" /><testcase classname="tests.test_batch_intake_e2e.TestRoutes" name="test_route_returns_html[/recruit-your-board-yourself]" time="0.185" /><testcase classname="tests.test_batch_intake_e2e.TestRoutes" name="test_route_returns_html[/board-recruitment-proposal]" time="0.129" /><testcase classname="tests.test_batch_intake_e2e.TestRoutes" name="test_route_returns_html[/board-recruitment-intake]" time="0.125" /><testcase classname="tests.test_batch_intake_e2e.TestRoutes" name="test_route_returns_html[/recruit-with-rooney]" time="0.126" /><testcase classname="tests.test_batch_intake_e2e.TestRoutes" name="test_route_returns_html[/recruit]" time="0.113" /><testcase classname="tests.test_batch_intake_e2e.TestRoutes" name="test_route_returns_html[/reactivate]" time="0.118" /><testcase classname="tests.test_batch_intake_e2e.TestRoutes" name="test_route_returns_html[/activate]" time="0.134" /><testcase classname="tests.test_batch_intake_e2e.TestRoutes" name="test_route_returns_html[/join-a-board]" time="0.186" /></testsuite></testsuites>