<?xml version="1.0" encoding="utf-8"?><testsuites name="pytest tests"><testsuite name="pytest" errors="0" failures="0" skipped="0" tests="17" time="6.679" timestamp="2026-08-13T15:09:54.765132+00:00" hostname="agent-env-442895fd-7171-40d4-b51c-c87ed56c1131"><testcase classname="tests.test_batch123_recruitment_funnel.TestSpaRoutes" name="test_html_shell[/]" time="0.209" /><testcase classname="tests.test_batch123_recruitment_funnel.TestBatch3IntakeRedirect" name="test_diy_intake_redirects_to_start_here" time="0.467" /><testcase classname="tests.test_batch123_recruitment_funnel.TestSpaRoutes" name="test_html_shell[/recruit]" time="0.155" /><testcase classname="tests.test_batch123_recruitment_funnel.TestSpaRoutes" name="test_html_shell[/recruit-with-rooney]" time="0.151" /><testcase classname="tests.test_batch123_recruitment_funnel.TestBatch3IntakeRedirect" name="test_dwm_intake_redirects_to_calendly" time="0.228" /><testcase classname="tests.test_batch123_recruitment_funnel.TestSpaRoutes" name="test_html_shell[/recruit-your-board-yourself]" time="0.127" /><testcase classname="tests.test_batch123_recruitment_funnel.TestSpaRoutes" name="test_html_shell[/board-recruitment-proposal]" time="0.121" /><testcase classname="tests.test_batch123_recruitment_funnel.TestBatch3IntakeRedirect" name="test_intake_context_bogus_returns_404" time="0.061" /><testcase classname="tests.test_batch123_recruitment_funnel.TestBatch1Funnel" name="test_direct_recruitment_video_config" time="0.079" /><testcase classname="tests.test_batch123_recruitment_funnel.TestSpaRoutes" name="test_html_shell[/board-recruitment-intake]" time="0.127" /><testcase classname="tests.test_batch123_recruitment_funnel.TestBatch1Funnel" name="test_recruit_lead_5_fields" time="2.952" /><testcase classname="tests.test_batch123_recruitment_funnel.TestSpaRoutes" name="test_html_shell[/recruitment-start-here]" time="0.132" /><testcase classname="tests.test_batch123_recruitment_funnel.TestSpaRoutes" name="test_html_shell[/about-rooney]" time="0.146" /><testcase classname="tests.test_batch123_recruitment_funnel.TestSpaRoutes" name="test_html_shell[/reactivate]" time="0.119" /><testcase classname="tests.test_batch123_recruitment_funnel.TestSpaRoutes" name="test_html_shell[/activate]" time="0.130" /><testcase classname="tests.test_batch123_recruitment_funnel.TestBatch2Checkouts" name="test_diy_amount_and_metadata" time="0.957" /><testcase classname="tests.test_batch123_recruitment_funnel.TestBatch2Checkouts" name="test_direct_project_amount_and_metadata" time="1.055" /></testsuite></testsuites>