<?xml version="1.0" encoding="utf-8"?><testsuites name="pytest tests"><testsuite name="pytest" errors="0" failures="0" skipped="0" tests="14" time="10.675" timestamp="2026-08-14T06:53:08.497177+00:00" hostname="agent-env-dd120449-c5aa-422d-b224-17ebd907f0b9"><testcase classname="tests.test_batch1_reactivation.TestReactivationLeadCapture" name="test_short_form_lead_capture" time="1.597" /><testcase classname="tests.test_batch1_reactivation.TestReactivationLeadCapture" name="test_short_form_rejects_missing_disengaged_count" time="0.051" /><testcase classname="tests.test_batch1_reactivation.TestNurtureFlags" name="test_reactivation_not_in_enabled_sources" time="2.016" /><testcase classname="tests.test_batch1_reactivation.TestReactivationConfig" name="test_config_returns_empty_video" time="0.046" /><testcase classname="tests.test_batch1_reactivation.TestReactivationCheckouts" name="test_diy_checkout_creates_session_497" time="0.937" /><testcase classname="tests.test_batch1_reactivation.TestReactivationCheckouts" name="test_project_checkout_creates_session_1997" time="0.725" /><testcase classname="tests.test_batch1_reactivation.TestIntakeContextSecurity" name="test_bogus_session_returns_404" time="0.046" /><testcase classname="tests.test_batch1_reactivation.TestIntakeContextSecurity" name="test_unpaid_session_returns_402" time="0.727" /><testcase classname="tests.test_batch1_reactivation.TestIntakeContextSecurity" name="test_recruitment_session_returns_404" time="0.545" /><testcase classname="tests.test_batch1_reactivation.TestClaimPurchaseRejectsDWM" name="test_direct_board_reactivation_project_cannot_be_claimed" time="0.889" /><testcase classname="tests.test_batch1_reactivation.TestReactivationCourseAccess" name="test_recruitment_only_member_gets_403" time="0.320" /><testcase classname="tests.test_batch1_reactivation.TestRecruitmentRegression" name="test_recruitment_diy_checkout_still_works" time="0.687" /><testcase classname="tests.test_batch1_reactivation.TestRecruitmentRegression" name="test_recruitment_direct_project_checkout_still_works" time="0.686" /><testcase classname="tests.test_batch1_reactivation.TestRecruitmentRegression" name="test_recruitment_short_form_still_5_fields" time="1.320" /></testsuite></testsuites>