<?xml version="1.0" encoding="utf-8"?><testsuites name="pytest tests"><testsuite name="pytest" errors="0" failures="0" skipped="0" tests="19" time="5.246" timestamp="2026-08-13T19:10:45.807743+00:00" hostname="agent-env-a17f91ba-fba0-414a-ab18-50ce127c19a2"><testcase classname="tests.test_batch5_onboard_myboard.TestAIPromptContent" name="test_onboarding_script_schema_11_sections" time="1.513" /><testcase classname="tests.test_batch5_onboard_myboard.TestAIPromptContent" name="test_first_board_meeting_invitation_schema" time="0.000" /><testcase classname="tests.test_batch5_onboard_myboard.TestAIPromptContent" name="test_engagement_guide_schema" time="0.000" /><testcase classname="tests.test_batch5_onboard_myboard.TestFirstMeetingPersistence" name="test_missing_date_time_or_timezone_422" time="0.919" /><testcase classname="tests.test_batch5_onboard_myboard.TestFirstMeetingPersistence" name="test_valid_save_and_get" time="0.273" /><testcase classname="tests.test_batch5_onboard_myboard.TestFirstMeetingPersistence" name="test_persistence_across_login" time="0.504" /><testcase classname="tests.test_batch5_onboard_myboard.TestFirstMeetingContextBuilding" name="test_context_branches_present_in_source" time="0.001" /><testcase classname="tests.test_batch5_onboard_myboard.TestFirstMeetingContextBuilding" name="test_first_meeting_prompt_forbids_placeholders" time="0.001" /><testcase classname="tests.test_batch5_onboard_myboard.TestPaymentAmounts" name="test_diy_checkout_creates_49700_session" time="0.993" /><testcase classname="tests.test_batch5_onboard_myboard.TestPaymentAmounts" name="test_direct_project_checkout_creates_199700_session" time="0.735" /><testcase classname="tests.test_batch5_onboard_myboard.TestPaymentAmounts" name="test_diy_rejects_invalid_origin" time="0.139" /><testcase classname="tests.test_batch5_onboard_myboard.TestPublicFunnelPages" name="test_recruit_your_board_yourself_source_copy" time="0.000" /><testcase classname="tests.test_batch5_onboard_myboard.TestPublicFunnelPages" name="test_recruit_with_rooney_offers_and_video" time="0.000" /><testcase classname="tests.test_batch5_onboard_myboard.TestPublicFunnelPages" name="test_about_rooney_links" time="0.001" /><testcase classname="tests.test_batch5_onboard_myboard.TestPublicFunnelPages" name="test_no_current_997_offer_public_pages" time="0.001" /><testcase classname="tests.test_batch5_onboard_myboard.TestRegressionSpotChecks" name="test_module_5_video_and_title" time="0.000" /><testcase classname="tests.test_batch5_onboard_myboard.TestRegressionSpotChecks" name="test_module6_workspace_ui_source" time="0.001" /><testcase classname="tests.test_batch5_onboard_myboard.TestRegressionSpotChecks" name="test_results_page_my_board" time="0.000" /><testcase classname="tests.test_batch5_onboard_myboard.TestRegressionSpotChecks" name="test_five_modules_intact" time="0.004" /></testsuite></testsuites>