<?xml version="1.0" encoding="utf-8"?><testsuites name="pytest tests"><testsuite name="pytest" errors="0" failures="0" skipped="0" tests="19" time="5.544" timestamp="2026-08-13T18:57:44.048264+00:00" hostname="agent-env-a17f91ba-fba0-414a-ab18-50ce127c19a2"><testcase classname="tests.test_batch4_references_emails.TestMoveForward" name="test_move_forward_creates_reference_process" time="0.859" /><testcase classname="tests.test_batch4_references_emails.TestSendCandidateForm" name="test_send_transitions_status" time="0.614" /><testcase classname="tests.test_batch4_references_emails.TestSendCandidateForm" name="test_subject_string_present_in_source" time="0.000" /><testcase classname="tests.test_batch4_references_emails.TestCandidateSubmitsReferences" name="test_permission_required" time="0.228" /><testcase classname="tests.test_batch4_references_emails.TestCandidateSubmitsReferences" name="test_two_references_required" time="0.123" /><testcase classname="tests.test_batch4_references_emails.TestCandidateSubmitsReferences" name="test_submit_saves_ready_to_contact_no_auto_email" time="0.310" /><testcase classname="tests.test_batch4_references_emails.TestCandidateSubmitsReferences" name="test_founder_notification_subject_static" time="0.000" /><testcase classname="tests.test_batch4_references_emails.TestResendReferee" name="test_resend_marks_sent" time="0.316" /><testcase classname="tests.test_batch4_references_emails.TestResendReferee" name="test_referee_email_subject_static" time="0.000" /><testcase classname="tests.test_batch4_references_emails.TestRefereeFormShape" name="test_get_returns_four_questions_plus_recommend" time="0.236" /><testcase classname="tests.test_batch4_references_emails.TestRefereeSubmitValidation" name="test_missing_declaration_returns_422" time="0.231" /><testcase classname="tests.test_batch4_references_emails.TestRefereeSubmitValidation" name="test_missing_explanation_returns_422" time="0.142" /><testcase classname="tests.test_batch4_references_emails.TestRefereeSubmitValidation" name="test_invalid_recommend_returns_422" time="0.156" /><testcase classname="tests.test_batch4_references_emails.TestRefereeSubmitValidation" name="test_missing_question_answer_returns_422" time="1.247" /><testcase classname="tests.test_batch4_references_emails.TestRefereeSubmitSuccess" name="test_both_referees_complete_sets_process_completed" time="0.703" /><testcase classname="tests.test_batch4_references_emails.TestOpportunityEmailHtml" name="test_html_content_and_subject" time="0.065" /><testcase classname="tests.test_batch4_references_emails.TestOpportunityEmailHtml" name="test_owner_preview_prefix_used_in_source" time="0.000" /><testcase classname="tests.test_batch4_references_emails.TestEmailAudit" name="test_no_test_mode_labels_in_user_emails" time="0.002" /><testcase classname="tests.test_batch4_references_emails.TestModuleRegression" name="test_course_has_five_modules" time="0.177" /></testsuite></testsuites>