<?xml version="1.0" encoding="utf-8"?><testsuites name="pytest tests"><testsuite name="pytest" errors="0" failures="0" skipped="0" tests="35" time="8.253" timestamp="2026-08-14T07:11:56.253199+00:00" hostname="agent-env-dd120449-c5aa-422d-b224-17ebd907f0b9"><testcase classname="tests.test_batch2_reactivation.TestAuthGuards" name="test_roster_unauth_returns_401" time="0.157" /><testcase classname="tests.test_batch2_reactivation.TestAuthGuards" name="test_roster_recruitment_only_returns_403" time="0.485" /><testcase classname="tests.test_batch2_reactivation.TestAuthGuards" name="test_admin_overview_requires_admin" time="0.432" /><testcase classname="tests.test_batch2_reactivation.TestRosterAndAdd" name="test_roster_empty_initially" time="0.108" /><testcase classname="tests.test_batch2_reactivation.TestRosterAndAdd" name="test_add_board_member" time="0.131" /><testcase classname="tests.test_batch2_reactivation.TestRosterAndAdd" name="test_add_board_member_dedupe" time="0.117" /><testcase classname="tests.test_batch2_reactivation.TestRosterAndAdd" name="test_add_missing_name_returns_422" time="0.110" /><testcase classname="tests.test_batch2_reactivation.TestRosterAndAdd" name="test_add_missing_email_returns_422" time="0.117" /><testcase classname="tests.test_batch2_reactivation.TestRosterAndAdd" name="test_roster_after_add" time="0.095" /><testcase classname="tests.test_batch2_reactivation.TestRosterAndAdd" name="test_import_from_recruitment" time="0.465" /><testcase classname="tests.test_batch2_reactivation.TestTenantIsolation" name="test_founder_b_cannot_see_a_members" time="0.421" /><testcase classname="tests.test_batch2_reactivation.TestTenantIsolation" name="test_founder_b_cannot_read_a_member_details" time="0.104" /><testcase classname="tests.test_batch2_reactivation.TestTenantIsolation" name="test_founder_b_cannot_send_form_for_a_member" time="0.133" /><testcase classname="tests.test_batch2_reactivation.TestSendFlow" name="test_email_preview_initial" time="0.164" /><testcase classname="tests.test_batch2_reactivation.TestSendFlow" name="test_email_preview_reminder" time="0.095" /><testcase classname="tests.test_batch2_reactivation.TestSendFlow" name="test_send_initial_form" time="0.280" /><testcase classname="tests.test_batch2_reactivation.TestSendFlow" name="test_resend_keeps_same_token" time="0.293" /><testcase classname="tests.test_batch2_reactivation.TestSendFlow" name="test_send_reminder_records_last_reminder_at" time="0.264" /><testcase classname="tests.test_batch2_reactivation.TestSendFlow" name="test_call_script" time="0.118" /><testcase classname="tests.test_batch2_reactivation.TestSendFlow" name="test_save_call_notes" time="0.093" /><testcase classname="tests.test_batch2_reactivation.TestPublicForm" name="test_public_context_valid_token" time="0.103" /><testcase classname="tests.test_batch2_reactivation.TestPublicForm" name="test_public_context_invalid_token" time="0.096" /><testcase classname="tests.test_batch2_reactivation.TestPublicForm" name="test_submit_missing_confirmation_returns_422" time="0.096" /><testcase classname="tests.test_batch2_reactivation.TestPublicForm" name="test_submit_invalid_recommitment_returns_422" time="0.093" /><testcase classname="tests.test_batch2_reactivation.TestPublicForm" name="test_submit_valid" time="0.256" /><testcase classname="tests.test_batch2_reactivation.TestPublicForm" name="test_revisit_already_submitted" time="0.093" /><testcase classname="tests.test_batch2_reactivation.TestPublicForm" name="test_repost_returns_409" time="0.136" /><testcase classname="tests.test_batch2_reactivation.TestViewResponse" name="test_view_response_completed" time="0.143" /><testcase classname="tests.test_batch2_reactivation.TestViewResponse" name="test_view_response_not_completed_404" time="0.102" /><testcase classname="tests.test_batch2_reactivation.TestViewResponse" name="test_roster_progress_reflects_completion" time="0.099" /><testcase classname="tests.test_batch2_reactivation.TestAdminOverview" name="test_admin_overview_success" time="0.378" /><testcase classname="tests.test_batch2_reactivation.TestBatch1Regression" name="test_reactivate_short_lead" time="1.597" /><testcase classname="tests.test_batch2_reactivation.TestBatch1Regression" name="test_reactivation_diy_checkout" time="0.541" /><testcase classname="tests.test_batch2_reactivation.TestBatch1Regression" name="test_intake_context_bogus_session_404" time="0.098" /><testcase classname="tests.test_batch2_reactivation.TestBatch1Regression" name="test_recruitment_workspace_endpoint_still_gated" time="0.090" /></testsuite></testsuites>