<?xml version="1.0" encoding="utf-8"?><testsuites name="pytest tests"><testsuite name="pytest" errors="6" failures="0" skipped="0" tests="21" time="10.929" timestamp="2026-08-13T18:42:53.273732+00:00" hostname="agent-env-a17f91ba-fba0-414a-ab18-50ce127c19a2"><testcase classname="tests.test_batch3_module3_interview.TestExternalApplicant" name="test_external_requires_name" time="0.653" /><testcase classname="tests.test_batch3_module3_interview.TestExternalApplicant" name="test_external_created_appears_in_list" time="0.300" /><testcase classname="tests.test_batch3_module3_interview.TestExternalApplicant" name="test_external_no_duplicate_records" time="0.001" /><testcase classname="tests.test_batch3_module3_interview.TestNoAutoInterviewGuide" name="test_hosted_application_has_no_generated_guide" time="2.488" /><testcase classname="tests.test_batch3_module3_interview.TestNoAutoInterviewGuide" name="test_hosted_application_status_applied" time="0.000" /><testcase classname="tests.test_batch3_module3_interview.TestApplicationStatuses" name="test_new_statuses_present" time="0.145" /><testcase classname="tests.test_batch3_module3_interview.TestInterviewInvitation" name="test_subject_and_body" time="0.261"><error message="failed on setup with &quot;AssertionError: {&quot;detail&quot;:&quot;Generation failed: Failed to generate chat completion: litellm.BadRequestError: OpenAIException - Budget has been exceeded! Current cost: 14.8367681, Max budget: 14.76314312. Your information is preserved — you can try again.&quot;}&#10;assert 502 == 200&#10; +  where 502 = &lt;Response [502]&gt;.status_code&quot;">tests/test_batch3_module3_interview.py:247: in invitation_material
    assert r.status_code == 200, r.text[:500]
E   AssertionError: {"detail":"Generation failed: Failed to generate chat completion: litellm.BadRequestError: OpenAIException - Budget has been exceeded! Current cost: 14.8367681, Max budget: 14.76314312. Your information is preserved — you can try again."}
E   assert 502 == 200
E    +  where 502 = &lt;Response [502]&gt;.status_code</error></testcase><testcase classname="tests.test_batch3_module3_interview.TestInterviewInvitation" name="test_send_transitions_status" time="0.000"><error message="failed on setup with &quot;AssertionError: {&quot;detail&quot;:&quot;Generation failed: Failed to generate chat completion: litellm.BadRequestError: OpenAIException - Budget has been exceeded! Current cost: 14.8367681, Max budget: 14.76314312. Your information is preserved — you can try again.&quot;}&#10;assert 502 == 200&#10; +  where 502 = &lt;Response [502]&gt;.status_code&quot;">tests/test_batch3_module3_interview.py:247: in invitation_material
    assert r.status_code == 200, r.text[:500]
E   AssertionError: {"detail":"Generation failed: Failed to generate chat completion: litellm.BadRequestError: OpenAIException - Budget has been exceeded! Current cost: 14.8367681, Max budget: 14.76314312. Your information is preserved — you can try again."}
E   assert 502 == 200
E    +  where 502 = &lt;Response [502]&gt;.status_code</error></testcase><testcase classname="tests.test_batch3_module3_interview.TestBeforeInterviewRejection" name="test_body_respectful_no_invented_reasons" time="0.422"><error message="failed on setup with &quot;AssertionError: {&quot;detail&quot;:&quot;Generation failed: Failed to generate chat completion: litellm.BadRequestError: OpenAIException - Budget has been exceeded! Current cost: 14.8367681, Max budget: 14.76314312. Your information is preserved — you can try again.&quot;}&#10;assert 502 == 200&#10; +  where 502 = &lt;Response [502]&gt;.status_code&quot;">tests/test_batch3_module3_interview.py:298: in rejection_material
    assert r.status_code == 200, r.text
E   AssertionError: {"detail":"Generation failed: Failed to generate chat completion: litellm.BadRequestError: OpenAIException - Budget has been exceeded! Current cost: 14.8367681, Max budget: 14.76314312. Your information is preserved — you can try again."}
E   assert 502 == 200
E    +  where 502 = &lt;Response [502]&gt;.status_code</error></testcase><testcase classname="tests.test_batch3_module3_interview.TestBeforeInterviewRejection" name="test_send_transitions_status" time="0.000"><error message="failed on setup with &quot;AssertionError: {&quot;detail&quot;:&quot;Generation failed: Failed to generate chat completion: litellm.BadRequestError: OpenAIException - Budget has been exceeded! Current cost: 14.8367681, Max budget: 14.76314312. Your information is preserved — you can try again.&quot;}&#10;assert 502 == 200&#10; +  where 502 = &lt;Response [502]&gt;.status_code&quot;">tests/test_batch3_module3_interview.py:298: in rejection_material
    assert r.status_code == 200, r.text
E   AssertionError: {"detail":"Generation failed: Failed to generate chat completion: litellm.BadRequestError: OpenAIException - Budget has been exceeded! Current cost: 14.8367681, Max budget: 14.76314312. Your information is preserved — you can try again."}
E   assert 502 == 200
E    +  where 502 = &lt;Response [502]&gt;.status_code</error></testcase><testcase classname="tests.test_batch3_module3_interview.TestBeforeInterviewRejection" name="test_record_not_deleted" time="0.001" /><testcase classname="tests.test_batch3_module3_interview.TestInterviewGuide" name="test_schema_and_content" time="0.044"><error message="failed on setup with &quot;AssertionError: {&quot;detail&quot;:&quot;Generation failed: Failed to generate chat completion: litellm.BadRequestError: OpenAIException - Budget has been exceeded! Current cost: 14.8367681, Max budget: 14.76314312. Your information is preserved — you can try again.&quot;}&#10;assert 502 == 200&#10; +  where 502 = &lt;Response [502]&gt;.status_code&quot;">tests/test_batch3_module3_interview.py:340: in guide_material
    assert r.status_code == 200, r.text[:500]
E   AssertionError: {"detail":"Generation failed: Failed to generate chat completion: litellm.BadRequestError: OpenAIException - Budget has been exceeded! Current cost: 14.8367681, Max budget: 14.76314312. Your information is preserved — you can try again."}
E   assert 502 == 200
E    +  where 502 = &lt;Response [502]&gt;.status_code</error></testcase><testcase classname="tests.test_batch3_module3_interview.TestInterviewGuide" name="test_edit_and_approve" time="0.000"><error message="failed on setup with &quot;AssertionError: {&quot;detail&quot;:&quot;Generation failed: Failed to generate chat completion: litellm.BadRequestError: OpenAIException - Budget has been exceeded! Current cost: 14.8367681, Max budget: 14.76314312. Your information is preserved — you can try again.&quot;}&#10;assert 502 == 200&#10; +  where 502 = &lt;Response [502]&gt;.status_code&quot;">tests/test_batch3_module3_interview.py:340: in guide_material
    assert r.status_code == 200, r.text[:500]
E   AssertionError: {"detail":"Generation failed: Failed to generate chat completion: litellm.BadRequestError: OpenAIException - Budget has been exceeded! Current cost: 14.8367681, Max budget: 14.76314312. Your information is preserved — you can try again."}
E   assert 502 == 200
E    +  where 502 = &lt;Response [502]&gt;.status_code</error></testcase><testcase classname="tests.test_batch3_module3_interview.TestInterviewCompletion" name="test_patch_interview_completed" time="0.154" /><testcase classname="tests.test_batch3_module3_interview.TestAfterInterviewThankYou" name="test_decision_neutral" time="4.670" /><testcase classname="tests.test_batch3_module3_interview.TestAfterInterviewThankYou" name="test_send_does_not_change_status" time="0.346" /><testcase classname="tests.test_batch3_module3_interview.TestSendableTypes" name="test_unknown_sendable_type_422" time="0.135" /><testcase classname="tests.test_batch3_module3_interview.TestSendableTypes" name="test_sendable_missing_email_422" time="0.265" /><testcase classname="tests.test_batch3_module3_interview.TestTenantIsolation" name="test_other_member_sees_no_applications" time="0.492" /><testcase classname="tests.test_batch3_module3_interview.TestTenantIsolation" name="test_other_member_cannot_read_application" time="0.144" /><testcase classname="tests.test_batch3_module3_interview.TestRegression" name="test_courses_still_5_modules" time="0.181" /></testsuite></testsuites>