<?xml version="1.0" encoding="utf-8"?><testsuites name="pytest tests"><testsuite name="pytest" errors="0" failures="1" skipped="0" tests="3" time="3.815" timestamp="2026-08-14T06:57:01.610789+00:00" hostname="agent-env-dd120449-c5aa-422d-b224-17ebd907f0b9"><testcase classname="tests.test_batch1_intake_e2e.TestDIYE2E" name="test_full_diy_flow" time="1.631"><failure message="AssertionError: {&quot;detail&quot;:[{&quot;type&quot;:&quot;missing&quot;,&quot;loc&quot;:[&quot;body&quot;,&quot;action&quot;],&quot;msg&quot;:&quot;Field required&quot;,&quot;input&quot;:{&quot;product&quot;:&quot;reactivation_self_guided&quot;,&quot;module_number&quot;:1,&quot;completed&quot;:true},&quot;url&quot;:&quot;https://errors.pydantic.dev/2.13/v/missing&quot;}]}&#10;assert 422 in (200, 201)&#10; +  where 422 = &lt;Response [422]&gt;.status_code">tests/test_batch1_intake_e2e.py:139: in test_full_diy_flow
    assert prog.status_code in (200, 201), prog.text
E   AssertionError: {"detail":[{"type":"missing","loc":["body","action"],"msg":"Field required","input":{"product":"reactivation_self_guided","module_number":1,"completed":true},"url":"https://errors.pydantic.dev/2.13/v/missing"}]}
E   assert 422 in (200, 201)
E    +  where 422 = &lt;Response [422]&gt;.status_code</failure></testcase><testcase classname="tests.test_batch1_intake_e2e.TestDWMPaidFlow" name="test_dwm_no_account_intake_calendly_redirect" time="0.972" /><testcase classname="tests.test_batch1_intake_e2e.TestDWMPaidFlow" name="test_dwm_session_cannot_be_claimed" time="1.023" /></testsuite></testsuites>