<?xml version="1.0" encoding="utf-8"?><testsuites name="pytest tests"><testsuite name="pytest" errors="0" failures="0" skipped="0" tests="17" time="14.520" timestamp="2026-08-14T06:57:55.028042+00:00" hostname="agent-env-dd120449-c5aa-422d-b224-17ebd907f0b9"><testcase classname="tests.test_batch1_intake_e2e.TestDIYE2E" name="test_full_diy_flow" time="1.910" /><testcase classname="tests.test_batch1_intake_e2e.TestDWMPaidFlow" name="test_dwm_no_account_intake_calendly_redirect" time="0.861" /><testcase classname="tests.test_batch1_intake_e2e.TestDWMPaidFlow" name="test_dwm_session_cannot_be_claimed" time="1.017" /><testcase classname="tests.test_batch1_reactivation.TestReactivationLeadCapture" name="test_short_form_lead_capture" time="1.679" /><testcase classname="tests.test_batch1_reactivation.TestReactivationLeadCapture" name="test_short_form_rejects_missing_disengaged_count" time="0.044" /><testcase classname="tests.test_batch1_reactivation.TestNurtureFlags" name="test_reactivation_not_in_enabled_sources" time="2.023" /><testcase classname="tests.test_batch1_reactivation.TestReactivationConfig" name="test_config_returns_empty_video" time="0.045" /><testcase classname="tests.test_batch1_reactivation.TestReactivationCheckouts" name="test_diy_checkout_creates_session_497" time="0.706" /><testcase classname="tests.test_batch1_reactivation.TestReactivationCheckouts" name="test_project_checkout_creates_session_1997" time="0.562" /><testcase classname="tests.test_batch1_reactivation.TestIntakeContextSecurity" name="test_bogus_session_returns_404" time="0.043" /><testcase classname="tests.test_batch1_reactivation.TestIntakeContextSecurity" name="test_unpaid_session_returns_402" time="0.683" /><testcase classname="tests.test_batch1_reactivation.TestIntakeContextSecurity" name="test_recruitment_session_returns_404" time="0.590" /><testcase classname="tests.test_batch1_reactivation.TestClaimPurchaseRejectsDWM" name="test_direct_board_reactivation_project_cannot_be_claimed" time="1.078" /><testcase classname="tests.test_batch1_reactivation.TestReactivationCourseAccess" name="test_recruitment_only_member_gets_403" time="0.313" /><testcase classname="tests.test_batch1_reactivation.TestRecruitmentRegression" name="test_recruitment_diy_checkout_still_works" time="0.691" /><testcase classname="tests.test_batch1_reactivation.TestRecruitmentRegression" name="test_recruitment_direct_project_checkout_still_works" time="0.883" /><testcase classname="tests.test_batch1_reactivation.TestRecruitmentRegression" name="test_recruitment_short_form_still_5_fields" time="1.229" /></testsuite></testsuites>