<?xml version="1.0" encoding="utf-8"?><testsuites name="pytest tests"><testsuite name="pytest" errors="0" failures="0" skipped="3" tests="23" time="7.697" timestamp="2026-08-14T07:30:20.461184+00:00" hostname="agent-env-dd120449-c5aa-422d-b224-17ebd907f0b9"><testcase classname="tests.test_batch3_reactivation.TestConclusionOutcome" name="test_save_conclusion_persists" time="1.332" /><testcase classname="tests.test_batch3_reactivation.TestScriptAndMaterialWorkflow" name="test_generate_for_non_completed_returns_409" time="0.792" /><testcase classname="tests.test_batch3_reactivation.TestScriptAndMaterialWorkflow" name="test_cross_tenant_generation_returns_404" time="0.629" /><testcase classname="tests.test_batch3_reactivation.TestConclusionOutcome" name="test_invalid_outcome_stepping_down_rejected" time="0.183" /><testcase classname="tests.test_batch3_reactivation.TestScriptAndMaterialWorkflow" name="test_generate_for_completed_member" time="0.415"><skipped type="pytest.skip" message="AI generation blocked at infra (502) — stub seeded for workflow tests: &lt;!DOCTYPE html&gt;&#10;&lt;!--[if lt IE 7]&gt; &lt;html class=&quot;no-js ie6 oldie&quot; lang=&quot;en-US&quot;&gt; &lt;![endif]--&gt;&#10;&lt;!--[if IE 7]&gt;    &lt;html class=&quot;no-js ie7 oldie&quot; lang=&quot;en-US&quot;&gt; &lt;![endif]--&gt;&#10;&lt;!--[if IE 8]&gt;    &lt;html class=&quot;no-">/app/backend/tests/test_batch3_reactivation.py:285: AI generation blocked at infra (502) — stub seeded for workflow tests: &lt;!DOCTYPE html&gt;
&lt;!--[if lt IE 7]&gt; &lt;html class="no-js ie6 oldie" lang="en-US"&gt; &lt;![endif]--&gt;
&lt;!--[if IE 7]&gt;    &lt;html class="no-js ie7 oldie" lang="en-US"&gt; &lt;![endif]--&gt;
&lt;!--[if IE 8]&gt;    &lt;html class="no-</skipped></testcase><testcase classname="tests.test_batch3_reactivation.TestConclusionOutcome" name="test_valid_outcome_follow_up_updates_progress" time="0.346" /><testcase classname="tests.test_batch3_reactivation.TestScriptAndMaterialWorkflow" name="test_generate_for_no_member_transitions_respectfully" time="0.123"><skipped type="pytest.skip" message="AI generation blocked at infra (502): &lt;!DOCTYPE html&gt;&#10;&lt;!--[if lt IE 7]&gt; &lt;html class=&quot;no-js ie6 oldie&quot; lang=&quot;en-US&quot;&gt; &lt;![endif]--&gt;&#10;&lt;!--[if IE 7]&gt;    &lt;html class=&quot;no-js ie7 oldie&quot; lang=&quot;en-US&quot;&gt; &lt;![endif]--&gt;&#10;&lt;!--[if IE 8]&gt;    &lt;html class=&quot;no-">/app/backend/tests/test_batch3_reactivation.py:320: AI generation blocked at infra (502): &lt;!DOCTYPE html&gt;
&lt;!--[if lt IE 7]&gt; &lt;html class="no-js ie6 oldie" lang="en-US"&gt; &lt;![endif]--&gt;
&lt;!--[if IE 7]&gt;    &lt;html class="no-js ie7 oldie" lang="en-US"&gt; &lt;![endif]--&gt;
&lt;!--[if IE 8]&gt;    &lt;html class="no-</skipped></testcase><testcase classname="tests.test_batch3_reactivation.TestConclusionOutcome" name="test_outcome_alone_no_conclusion_does_not_count_conversation_complete" time="0.266" /><testcase classname="tests.test_batch3_reactivation.TestScriptAndMaterialWorkflow" name="test_get_material_returns_draft" time="0.140" /><testcase classname="tests.test_batch3_reactivation.TestScriptAndMaterialWorkflow" name="test_cross_tenant_material_returns_404" time="0.093" /><testcase classname="tests.test_batch3_reactivation.TestRegression" name="test_batch1_short_lead_still_works" time="3.037" /><testcase classname="tests.test_batch3_reactivation.TestScriptAndMaterialWorkflow" name="test_edit_material_creates_new_version_and_persists" time="0.213" /><testcase classname="tests.test_batch3_reactivation.TestScriptAndMaterialWorkflow" name="test_approve_returns_status_approved" time="0.208" /><testcase classname="tests.test_batch3_reactivation.TestScriptAndMaterialWorkflow" name="test_pdf_download_returns_pdf" time="0.413" /><testcase classname="tests.test_batch3_reactivation.TestScriptAndMaterialWorkflow" name="test_edit_after_approve_returns_status_to_draft" time="0.277" /><testcase classname="tests.test_batch3_reactivation.TestScriptAndMaterialWorkflow" name="test_regenerate_bumps_version_preserves_history" time="0.154"><skipped type="pytest.skip" message="AI generation blocked at infra (502)">/app/backend/tests/test_batch3_reactivation.py:412: AI generation blocked at infra (502)</skipped></testcase><testcase classname="tests.test_batch3_reactivation.TestAuthGuards" name="test_step3_unauth_returns_401" time="0.155" /><testcase classname="tests.test_batch3_reactivation.TestAuthGuards" name="test_step3_recruitment_only_returns_403" time="0.408" /><testcase classname="tests.test_batch3_reactivation.TestStep3Listing" name="test_step3_shape_and_outcome_options" time="0.124" /><testcase classname="tests.test_batch3_reactivation.TestStep3Listing" name="test_completed_row_has_recommitment_and_flags" time="0.113" /><testcase classname="tests.test_batch3_reactivation.TestGenerationTypesRegression" name="test_generation_types_untouched" time="2.006" /><testcase classname="tests.test_batch3_reactivation.TestRegression" name="test_batch2_roster_still_works" time="0.160" /><testcase classname="tests.test_batch3_reactivation.TestRegression" name="test_recruitment_member_403_on_step3" time="0.717" /></testsuite></testsuites>