<?xml version="1.0" encoding="utf-8"?><testsuites name="pytest tests"><testsuite name="pytest" errors="0" failures="0" skipped="0" tests="28" time="44.239" timestamp="2026-08-14T08:45:58.122534+00:00" hostname="agent-env-dd120449-c5aa-422d-b224-17ebd907f0b9"><testcase classname="tests.test_batch5_reactivation_myboard.TestMyBoard" name="test_unauth_401" time="0.289" /><testcase classname="tests.test_batch5_reactivation_myboard.TestMyBoard" name="test_recruitment_only_403" time="0.476" /><testcase classname="tests.test_batch5_reactivation_myboard.TestMyBoard" name="test_shape_and_groups" time="0.495" /><testcase classname="tests.test_batch5_reactivation_myboard.TestMyBoard" name="test_stepping_down_portfolio_returns_409" time="0.117" /><testcase classname="tests.test_batch5_reactivation_myboard.TestMyBoard" name="test_no_duplicate_members_from_myboard_calls" time="0.294" /><testcase classname="tests.test_batch5_reactivation_myboard.TestPortfolioLive" name="test_generate_active_portfolio_live" time="34.827" /><testcase classname="tests.test_batch5_reactivation_myboard.TestPortfolioLive" name="test_workflow_edit_approve_pdf_no_ai" time="0.423" /><testcase classname="tests.test_batch5_reactivation_myboard.TestPortfolioLive" name="test_public_portfolio_and_pdf" time="0.295" /><testcase classname="tests.test_batch5_reactivation_myboard.TestPortfolioLive" name="test_public_wrong_token_404" time="0.113" /><testcase classname="tests.test_batch5_reactivation_myboard.TestPortfolioLive" name="test_draft_portfolio_not_public" time="0.136" /><testcase classname="tests.test_batch5_reactivation_myboard.TestPortfolioLive" name="test_portfolio_email_preview" time="0.147" /><testcase classname="tests.test_batch5_reactivation_myboard.TestPortfolioLive" name="test_portfolio_email_send" time="0.447" /><testcase classname="tests.test_batch5_reactivation_myboard.TestPortfolioLive" name="test_version_safety_edit_after_send_returns_to_draft" time="0.616" /><testcase classname="tests.test_batch5_reactivation_myboard.TestPortfolioLive" name="test_cross_tenant_portfolio_404" time="0.619" /><testcase classname="tests.test_batch5_reactivation_myboard.TestAdvisoryEmailSubject" name="test_advisory_subject" time="0.191" /><testcase classname="tests.test_batch5_reactivation_myboard.TestAccountability" name="test_stage_emails_portfolios_cta" time="0.228" /><testcase classname="tests.test_batch5_reactivation_myboard.TestAccountability" name="test_enrollment_only_for_diy_497" time="0.010" /><testcase classname="tests.test_batch5_reactivation_myboard.TestAccountability" name="test_process_ignore_window_no_real_send" time="0.010" /><testcase classname="tests.test_batch5_reactivation_myboard.TestAccountability" name="test_refunded_ends_engagement" time="0.003" /><testcase classname="tests.test_batch5_reactivation_myboard.TestNurture" name="test_flag_is_false_and_excluded" time="1.427" /><testcase classname="tests.test_batch5_reactivation_myboard.TestNurture" name="test_templates_exact" time="0.000" /><testcase classname="tests.test_batch5_reactivation_myboard.TestNurture" name="test_purchase_sources_and_stop" time="0.005" /><testcase classname="tests.test_batch5_reactivation_myboard.TestVideoReadiness" name="test_direct_reactivation_config_empty_video" time="0.095" /><testcase classname="tests.test_batch5_reactivation_myboard.TestVideoReadiness" name="test_no_course_videos_for_reactivation" time="0.001" /><testcase classname="tests.test_batch5_reactivation_myboard.TestRegression" name="test_funnel_lead_reactivation" time="1.479" /><testcase classname="tests.test_batch5_reactivation_myboard.TestRegression" name="test_roster_and_step3" time="0.276" /><testcase classname="tests.test_batch5_reactivation_myboard.TestRegression" name="test_admin_overview" time="0.480" /><testcase classname="tests.test_batch5_reactivation_myboard.TestRegression" name="test_recruitment_member_still_works" time="0.595" /></testsuite></testsuites>