<?xml version="1.0" encoding="utf-8"?><testsuites name="pytest tests"><testsuite name="pytest" errors="0" failures="0" skipped="0" tests="17" time="10.072" timestamp="2026-09-14T13:52:39.708076+00:00" hostname="agent-env-29760b3b-349b-4383-8e1f-7eae23c39785"><testcase classname="tests.test_board_fundraising_game.TestGameContent" name="test_public_content_defaults" time="0.251" /><testcase classname="tests.test_board_fundraising_game.TestGameContent" name="test_admin_update_content_requires_auth" time="0.153" /><testcase classname="tests.test_board_fundraising_game.TestGameContent" name="test_admin_update_content_and_restore" time="2.245" /><testcase classname="tests.test_board_fundraising_game.TestFlowVideos" name="test_flow_videos_contains_game_keys" time="0.191" /><testcase classname="tests.test_board_fundraising_game.TestFlowVideos" name="test_admin_update_game_welcome_and_restore" time="0.765" /><testcase classname="tests.test_board_fundraising_game.TestGameProfile" name="test_save_and_get_profile" time="2.913" /><testcase classname="tests.test_board_fundraising_game.TestSituationEntitlement" name="test_situation_get_forbidden_without_entitlement" time="0.091" /><testcase classname="tests.test_board_fundraising_game.TestSituationEntitlement" name="test_situation_put_forbidden_without_entitlement" time="0.096" /><testcase classname="tests.test_board_fundraising_game.TestSituationEntitlement" name="test_dashboard_forbidden_without_entitlement" time="0.120" /><testcase classname="tests.test_board_fundraising_game.TestSituationWithEntitlement" name="test_situation_save_partial_and_resume" time="0.267" /><testcase classname="tests.test_board_fundraising_game.TestSituationWithEntitlement" name="test_situation_complete" time="0.179" /><testcase classname="tests.test_board_fundraising_game.TestSituationWithEntitlement" name="test_dashboard_with_entitlement" time="0.087" /><testcase classname="tests.test_board_fundraising_game.TestGameCheckout" name="test_game_checkout_creates_session" time="1.191" /><testcase classname="tests.test_board_fundraising_game.TestGoogleSessionNegative" name="test_invalid_session_returns_401" time="0.314" /><testcase classname="tests.test_board_fundraising_game.TestRegressionExistingMember" name="test_existing_member_login" time="0.499" /><testcase classname="tests.test_board_fundraising_game.TestRegressionExistingMember" name="test_support_request_regression" time="0.526" /><testcase classname="tests.test_board_fundraising_game.TestAdminGameCustomers" name="test_customers_list" time="0.102" /></testsuite></testsuites>