<?xml version="1.0" encoding="utf-8"?><testsuites name="pytest tests"><testsuite name="pytest" errors="0" failures="0" skipped="0" tests="11" time="81.384" timestamp="2026-08-09T10:10:47.832491+00:00" hostname="agent-env-bb24713a-9226-4066-956f-ee71e92ce731"><testcase classname="tests.test_blog_preview_dashboard" name="test_admin_list_returns_categories_and_posts" time="0.447" /><testcase classname="tests.test_blog_preview_dashboard" name="test_public_list_excludes_pending_and_rejected" time="0.179" /><testcase classname="tests.test_blog_preview_dashboard" name="test_generate_duplicate_category_same_day_returns_409" time="0.044" /><testcase classname="tests.test_blog_preview_dashboard" name="test_patch_edit_updates_slug_for_pending" time="43.425" /><testcase classname="tests.test_blog_preview_dashboard" name="test_patch_duplicate_title_returns_409" time="0.118" /><testcase classname="tests.test_blog_preview_dashboard" name="test_reject_pending_and_public_invisible" time="0.221" /><testcase classname="tests.test_blog_preview_dashboard" name="test_approve_already_published_returns_409" time="0.089" /><testcase classname="tests.test_blog_preview_dashboard" name="test_regenerate_published_returns_409" time="0.089" /><testcase classname="tests.test_blog_preview_dashboard" name="test_reject_published_returns_409" time="0.087" /><testcase classname="tests.test_blog_preview_dashboard" name="test_regenerate_rejected_produces_new_pending" time="36.107" /><testcase classname="tests.test_blog_preview_dashboard" name="test_public_article_detail_regression" time="0.085" /></testsuite></testsuites>