<?xml version="1.0" encoding="utf-8"?><testsuites name="pytest tests"><testsuite name="pytest" errors="0" failures="0" skipped="0" tests="8" time="4.325" timestamp="2026-08-12T19:55:27.040910+00:00" hostname="agent-env-b6348b9b-a511-4b65-89f4-69bc1b647f25"><testcase classname="tests.test_board_recruitment_proposal" name="test_payment_config_unchanged" time="0.263" /><testcase classname="tests.test_board_recruitment_proposal" name="test_direct_project_checkout_creates_session" time="1.158" /><testcase classname="tests.test_board_recruitment_proposal" name="test_direct_project_checkout_invalid_origin" time="0.087" /><testcase classname="tests.test_board_recruitment_proposal" name="test_status_missing_session" time="0.101" /><testcase classname="tests.test_board_recruitment_proposal" name="test_status_idempotent_for_pending" time="0.833" /><testcase classname="tests.test_board_recruitment_proposal" name="test_claim_purchase_rejects_direct_project" time="1.196" /><testcase classname="tests.test_board_recruitment_proposal" name="test_recruit_with_rooney_still_gated" time="0.082" /><testcase classname="tests.test_board_recruitment_proposal" name="test_existing_pages_still_load" time="0.469" /></testsuite></testsuites>