<?xml version="1.0" encoding="utf-8"?><testsuites name="pytest tests"><testsuite name="pytest" errors="0" failures="0" skipped="0" tests="12" time="5.246" timestamp="2026-08-13T21:05:07.782656+00:00" hostname="agent-env-a17f91ba-fba0-414a-ab18-50ce127c19a2"><testcase classname="tests.test_iter28_account_verify.TestRegisterDuplicate" name="test_register_new_then_duplicate_returns_409" time="0.494" /><testcase classname="tests.test_iter28_account_verify.TestClaimSecurity" name="test_claim_fake_session_returns_400" time="0.487" /><testcase classname="tests.test_iter28_account_verify.TestClaimSecurity" name="test_claim_unpaid_session_returns_402" time="1.215" /><testcase classname="tests.test_iter28_account_verify.TestClaimSecurity" name="test_claim_already_linked_to_different_account_returns_409" time="0.391" /><testcase classname="tests.test_iter28_account_verify.TestLoginContract" name="test_login_returns_claimed_source_shape" time="0.619" /><testcase classname="tests.test_iter28_account_verify.TestIntakeRedirectByOffer" name="test_diy_intake_redirects_to_start_here" time="0.351" /><testcase classname="tests.test_iter28_account_verify.TestIntakeRedirectByOffer" name="test_dwm_intake_redirects_to_calendly" time="0.267" /><testcase classname="tests.test_iter28_account_verify.TestDirectProjectCheckoutMetadata" name="test_checkout_metadata_has_direct_project_offer_source" time="0.958" /><testcase classname="tests.test_iter28_account_verify.TestPublicLoginLinks" name="test_page_loads_html[/]" time="0.084" /><testcase classname="tests.test_iter28_account_verify.TestPublicLoginLinks" name="test_page_loads_html[/recruit]" time="0.081" /><testcase classname="tests.test_iter28_account_verify.TestPublicLoginLinks" name="test_page_loads_html[/about-rooney]" time="0.084" /><testcase classname="tests.test_iter28_account_verify.TestPublicLoginLinks" name="test_login_page_loads" time="0.083" /></testsuite></testsuites>