<?xml version="1.0" encoding="utf-8"?><testsuites name="pytest tests"><testsuite name="pytest" errors="0" failures="0" skipped="0" tests="12" time="37.350" timestamp="2026-08-22T09:34:54.237365+00:00" hostname="agent-env-aefaa5b9-f806-486a-8a94-361a815e43a8"><testcase classname="tests.test_iter52_recruitment_funnel_offer.TestIntakeGating" name="test_context_requires_session_id" time="36.119" /><testcase classname="tests.test_iter52_recruitment_funnel_offer.TestCheckout" name="test_diy_checkout_497_with_cancel_path" time="0.997" /><testcase classname="tests.test_iter52_recruitment_funnel_offer.TestCheckout" name="test_dwy_checkout_2497_with_cancel_path" time="0.687" /><testcase classname="tests.test_iter52_recruitment_funnel_offer.TestCheckout" name="test_diy_checkout_rejects_unknown_cancel_path" time="0.612" /><testcase classname="tests.test_iter52_recruitment_funnel_offer.TestCheckout" name="test_reactivation_project_checkout_default_cancel" time="0.658" /><testcase classname="tests.test_iter52_recruitment_funnel_offer.TestDiyPath" name="test_context_and_submit_redirects_to_start_here" time="0.318" /><testcase classname="tests.test_iter52_recruitment_funnel_offer.TestDiyPath" name="test_submit_validation_rejects_missing_fields" time="0.040" /><testcase classname="tests.test_iter52_recruitment_funnel_offer.TestFunnelLead" name="test_recruitment_lead_created" time="1.403" /><testcase classname="tests.test_iter52_recruitment_funnel_offer.TestDwyPath" name="test_context_and_submit_redirects_to_calendly" time="0.473" /><testcase classname="tests.test_iter52_recruitment_funnel_offer.TestIntakeGating" name="test_context_bogus_session_id" time="0.042" /><testcase classname="tests.test_iter52_recruitment_funnel_offer.TestIntakeGating" name="test_submit_bogus_session_id" time="0.041" /><testcase classname="tests.test_iter52_recruitment_funnel_offer.TestIntakeGating" name="test_unpaid_transaction_blocked" time="0.154" /></testsuite></testsuites>