<?xml version="1.0" encoding="utf-8"?><testsuites name="pytest tests"><testsuite name="pytest" errors="0" failures="0" skipped="0" tests="10" time="2.985" timestamp="2026-09-01T15:26:43.744839+00:00" hostname="agent-env-2a612c1c-5f41-4188-9733-5f22d5a67283"><testcase classname="tests.test_iter59_board_fix_preview_access.TestPreviewAccess" name="test_01_preview_access_returns_intake_url_and_member_cookie" time="0.547" /><testcase classname="tests.test_iter59_board_fix_preview_access.TestPreviewAccess" name="test_02_member_record_provisioned_with_entitlements" time="0.005" /><testcase classname="tests.test_iter59_board_fix_preview_access.TestPreviewAccess" name="test_03_journey_marked_internal_preview" time="0.001" /><testcase classname="tests.test_iter59_board_fix_preview_access.TestPreviewAccess" name="test_04_member_login_with_admin_credentials" time="0.375" /><testcase classname="tests.test_iter59_board_fix_preview_access.TestPreviewAccess" name="test_05_intake_context_sessionless_with_preview_cookie" time="0.174" /><testcase classname="tests.test_iter59_board_fix_preview_access.TestPreviewAccess" name="test_06_preview_access_is_idempotent" time="0.091" /><testcase classname="tests.test_iter59_board_fix_preview_access.TestPreviewAccess" name="test_07_intake_context_no_auth_no_session_returns_401" time="0.187" /><testcase classname="tests.test_iter59_board_fix_preview_access.TestPreviewAccess" name="test_08_preview_access_without_admin_auth_returns_401" time="0.243" /><testcase classname="tests.test_iter59_board_fix_preview_access.TestPreviewAccess" name="test_09_member_without_board_fix_entitlement_gets_403" time="0.529" /><testcase classname="tests.test_iter59_board_fix_preview_access.TestPreviewAccess" name="test_10_admin_customers_still_works_and_excludes_preview_member" time="0.128" /></testsuite></testsuites>