<?xml version="1.0" encoding="utf-8"?><testsuites name="pytest tests"><testsuite name="pytest" errors="0" failures="3" skipped="0" tests="42" time="5.808" timestamp="2026-08-13T21:46:15.907319+00:00" hostname="agent-env-a17f91ba-fba0-414a-ab18-50ce127c19a2"><testcase classname="tests.test_recruitment_nurture_v2.TestTemplates" name="test_recruitment_has_exactly_three_templates" time="0.001" /><testcase classname="tests.test_recruitment_nurture_v2.TestTemplates" name="test_reactivation_and_fundraising_unchanged_four_each" time="0.000" /><testcase classname="tests.test_recruitment_nurture_v2.TestTemplates" name="test_email1_subject_url_and_rooney_sentence" time="0.000" /><testcase classname="tests.test_recruitment_nurture_v2.TestTemplates" name="test_email2_subject_url_and_required_phrases" time="0.000" /><testcase classname="tests.test_recruitment_nurture_v2.TestTemplates" name="test_email3_subject_url_and_required_phrases" time="0.000" /><testcase classname="tests.test_recruitment_nurture_v2.TestTemplates" name="test_no_recruitment_template_links_to_recruit_options" time="0.000" /><testcase classname="tests.test_recruitment_nurture_v2.TestTemplates" name="test_reactivation_and_fundraising_urls_still_options_paths" time="0.000" /><testcase classname="tests.test_recruitment_nurture_v2.TestHtmlRender" name="test_recruitment_render_has_greeting_merge_two_braces[0]" time="0.001"><failure message="AssertionError: Expected 2-brace Resend merge 'Hi {{FIRST_NAME|there}},' in HTML but got greeting section: Hi {{{FIRST_NAME|there}}},&lt;/p&gt;&lt;p style='font-size:18px;line-height:1.6;color:#00&#10;assert 'Hi {{FIRST_NAME|there}},' in &quot;&lt;div style='background:#ffffff;padding:26px;font-family:Arial,Helvetica,sans-serif;max-width:600px;margin:auto;'&gt;&lt;p style='font-size:18px;line-height:1.6;color:#000;margin:0 0 16px;'&gt;Hi {{{FIRST_NAME|there}}},&lt;/p&gt;&lt;p style='font-size:18px;line-height:1.6;color:#000;margin:0 0 16px;'&gt;You came to me because your nonprofit needs Board Members.&lt;/p&gt;&lt;p style='font-size:18px;line-height:1.6;color:#000;margin:0 0 16px;'&gt;Before you decide whether you want to recruit them yourself or have me work with you, I want you to know a little about the person behind the process.&lt;/p&gt;&lt;p style='font-size:18px;line-height:1.6;color:#000;margin:0 0 16px;'&gt;I started as a nonprofit founder many years ago, where I built my first Board.&lt;/p&gt;&lt;p style='font-size:18px;line-height:1.6;color:#000;margin:0 0 16px;'&gt;I made mistakes, damaged relationships, learned from the experience, rebuilt my Board, and eventually developed a process that worked.&lt;/p&gt;&lt;p style='font-size:18px;line-height:1.6;color:#000;margin:0 0 16px;'&gt;Since then, I have served on nonprofit Boards, worked as a fundraising consultant, served as Vice President of a fundraising consulting firm working with nonprofits across the United States, trained hundreds of nonprofit founders and fundraisers, helped nonprofits strengthen their Boards, and contributed to raising more than $5 million.&lt;/p&gt;&lt;p style='font-size:18px;line-height:1.6;color:#000;margin:0 0 16px;'&gt;Today, I work with founders and executive directors so they do not have to make the mistakes I made, damage relationships, or waste months trying to figure out how to build the Board their organization needs.&lt;/p&gt;&lt;p style='font-size:18px;line-height:1.6;color:#000;margin:0 0 16px;'&gt;If you are still trying to decide how to move forward with your Board, start here.&lt;/p&gt;&lt;p&gt;&lt;a href='https://nonprofitboardbuilder.com/about-rooney' style='display:inline-block;background:#087e5b;color:#ffffff;padding:14px 24px;border-radius:6px;text-decoration:none;font-weight:bold;font-size:17px;'&gt;MEET ROONEY &amp;amp; SEE HOW I CAN HELP&lt;/a&gt;&lt;/p&gt;&lt;p style='font-size:18px;line-height:1.6;color:#000;margin:24px 0 0;'&gt;Rooney Akpesiri&lt;br/&gt;The Nonprofit Board Builder&lt;/p&gt;&lt;p style='font-size:12px;color:#667;margin-top:30px;'&gt;Nonprofit Board Builder — 651 N Broad Street, Middletown, Delaware 19709&lt;br/&gt;&lt;a href='{{{RESEND_UNSUBSCRIBE_URL}}}'&gt;Unsubscribe&lt;/a&gt;&lt;/p&gt;&lt;/div&gt;&quot;">tests/test_recruitment_nurture_v2.py:131: in test_recruitment_render_has_greeting_merge_two_braces
    assert "Hi {{FIRST_NAME|there}}," in html, (
E   AssertionError: Expected 2-brace Resend merge 'Hi {{FIRST_NAME|there}},' in HTML but got greeting section: Hi {{{FIRST_NAME|there}}},&lt;/p&gt;&lt;p style='font-size:18px;line-height:1.6;color:#00
E   assert 'Hi {{FIRST_NAME|there}},' in "&lt;div style='background:#ffffff;padding:26px;font-family:Arial,Helvetica,sans-serif;max-width:600px;margin:auto;'&gt;&lt;p style='font-size:18px;line-height:1.6;color:#000;margin:0 0 16px;'&gt;Hi {{{FIRST_NAME|there}}},&lt;/p&gt;&lt;p style='font-size:18px;line-height:1.6;color:#000;margin:0 0 16px;'&gt;You came to me because your nonprofit needs Board Members.&lt;/p&gt;&lt;p style='font-size:18px;line-height:1.6;color:#000;margin:0 0 16px;'&gt;Before you decide whether you want to recruit them yourself or have me work with you, I want you to know a little about the person behind the process.&lt;/p&gt;&lt;p style='font-size:18px;line-height:1.6;color:#000;margin:0 0 16px;'&gt;I started as a nonprofit founder many years ago, where I built my first Board.&lt;/p&gt;&lt;p style='font-size:18px;line-height:1.6;color:#000;margin:0 0 16px;'&gt;I made mistakes, damaged relationships, learned from the experience, rebuilt my Board, and eventually developed a process that worked.&lt;/p&gt;&lt;p style='font-size:18px;line-height:1.6;color:#000;margin:0 0 16px;'&gt;Since then, I have served on nonprofit Boards, worked as a fundraising consultant, served as Vice President of a fundraising consulting firm working with nonprofits across the United States, trained hundreds of nonprofit founders and fundraisers, helped nonprofits strengthen their Boards, and contributed to raising more than $5 million.&lt;/p&gt;&lt;p style='font-size:18px;line-height:1.6;color:#000;margin:0 0 16px;'&gt;Today, I work with founders and executive directors so they do not have to make the mistakes I made, damage relationships, or waste months trying to figure out how to build the Board their organization needs.&lt;/p&gt;&lt;p style='font-size:18px;line-height:1.6;color:#000;margin:0 0 16px;'&gt;If you are still trying to decide how to move forward with your Board, start here.&lt;/p&gt;&lt;p&gt;&lt;a href='https://nonprofitboardbuilder.com/about-rooney' style='display:inline-block;background:#087e5b;color:#ffffff;padding:14px 24px;border-radius:6px;text-decoration:none;font-weight:bold;font-size:17px;'&gt;MEET ROONEY &amp;amp; SEE HOW I CAN HELP&lt;/a&gt;&lt;/p&gt;&lt;p style='font-size:18px;line-height:1.6;color:#000;margin:24px 0 0;'&gt;Rooney Akpesiri&lt;br/&gt;The Nonprofit Board Builder&lt;/p&gt;&lt;p style='font-size:12px;color:#667;margin-top:30px;'&gt;Nonprofit Board Builder — 651 N Broad Street, Middletown, Delaware 19709&lt;br/&gt;&lt;a href='{{{RESEND_UNSUBSCRIBE_URL}}}'&gt;Unsubscribe&lt;/a&gt;&lt;/p&gt;&lt;/div&gt;"</failure></testcase><testcase classname="tests.test_recruitment_nurture_v2.TestHtmlRender" name="test_recruitment_render_has_greeting_merge_two_braces[1]" time="0.001"><failure message="AssertionError: Expected 2-brace Resend merge 'Hi {{FIRST_NAME|there}},' in HTML but got greeting section: Hi {{{FIRST_NAME|there}}},&lt;/p&gt;&lt;p style='font-size:18px;line-height:1.6;color:#00&#10;assert 'Hi {{FIRST_NAME|there}},' in &quot;&lt;div style='background:#ffffff;padding:26px;font-family:Arial,Helvetica,sans-serif;max-width:600px;margin:auto;'&gt;&lt;p style='font-size:18px;line-height:1.6;color:#000;margin:0 0 16px;'&gt;Hi {{{FIRST_NAME|there}}},&lt;/p&gt;&lt;p style='font-size:18px;line-height:1.6;color:#000;margin:0 0 16px;'&gt;If you want to recruit your Board yourself, you do not have to spend months figuring out what to do next.&lt;/p&gt;&lt;p style='font-size:18px;line-height:1.6;color:#000;margin:0 0 16px;'&gt;I have created a way for you to follow the same Board Recruitment process I use and actually build the Board your nonprofit needs.&lt;/p&gt;&lt;p style='font-size:18px;line-height:1.6;color:#000;margin:0 0 16px;'&gt;You will identify the types of Board Members your organization should be recruiting, launch your actual Recruitment campaign, put your opportunity in front of professionals, work through the applicants who respond, interview the people you want to consider, complete your references and due diligence, and properly bring the people you choose into your organization.&lt;/p&gt;&lt;p style='font-size:18px;line-height:1.6;color:#000;margin:0 0 16px;'&gt;You will have the Recruitment materials you need.&lt;/p&gt;&lt;p style='font-size:18px;line-height:1...0;margin:0 0 16px;'&gt;If you get stuck, need clarification, want something reviewed, or need help moving through a step, you can reach out to me for support.&lt;/p&gt;&lt;p style='font-size:18px;line-height:1.6;color:#000;margin:0 0 16px;'&gt;The investment is $497, one time.&lt;/p&gt;&lt;p style='font-size:18px;line-height:1.6;color:#000;margin:0 0 16px;'&gt;Your investment is protected by our 100% money-back guarantee.&lt;/p&gt;&lt;p style='font-size:18px;line-height:1.6;color:#000;margin:0 0 16px;'&gt;If you are ready to stop waiting for the right people to somehow find you and start building the Board your nonprofit needs, you can begin now.&lt;/p&gt;&lt;p&gt;&lt;a href='https://nonprofitboardbuilder.com/recruit-your-board-yourself' style='display:inline-block;background:#087e5b;color:#ffffff;padding:14px 24px;border-radius:6px;text-decoration:none;font-weight:bold;font-size:17px;'&gt;BUILD MY BOARD MYSELF — $497&lt;/a&gt;&lt;/p&gt;&lt;p style='font-size:18px;line-height:1.6;color:#000;margin:24px 0 0;'&gt;Rooney Akpesiri&lt;br/&gt;The Nonprofit Board Builder&lt;/p&gt;&lt;p style='font-size:12px;color:#667;margin-top:30px;'&gt;Nonprofit Board Builder — 651 N Broad Street, Middletown, Delaware 19709&lt;br/&gt;&lt;a href='{{{RESEND_UNSUBSCRIBE_URL}}}'&gt;Unsubscribe&lt;/a&gt;&lt;/p&gt;&lt;/div&gt;&quot;">tests/test_recruitment_nurture_v2.py:131: in test_recruitment_render_has_greeting_merge_two_braces
    assert "Hi {{FIRST_NAME|there}}," in html, (
E   AssertionError: Expected 2-brace Resend merge 'Hi {{FIRST_NAME|there}},' in HTML but got greeting section: Hi {{{FIRST_NAME|there}}},&lt;/p&gt;&lt;p style='font-size:18px;line-height:1.6;color:#00
E   assert 'Hi {{FIRST_NAME|there}},' in "&lt;div style='background:#ffffff;padding:26px;font-family:Arial,Helvetica,sans-serif;max-width:600px;margin:auto;'&gt;&lt;p style='font-size:18px;line-height:1.6;color:#000;margin:0 0 16px;'&gt;Hi {{{FIRST_NAME|there}}},&lt;/p&gt;&lt;p style='font-size:18px;line-height:1.6;color:#000;margin:0 0 16px;'&gt;If you want to recruit your Board yourself, you do not have to spend months figuring out what to do next.&lt;/p&gt;&lt;p style='font-size:18px;line-height:1.6;color:#000;margin:0 0 16px;'&gt;I have created a way for you to follow the same Board Recruitment process I use and actually build the Board your nonprofit needs.&lt;/p&gt;&lt;p style='font-size:18px;line-height:1.6;color:#000;margin:0 0 16px;'&gt;You will identify the types of Board Members your organization should be recruiting, launch your actual Recruitment campaign, put your opportunity in front of professionals, work through the applicants who respond, interview the people you want to consider, complete your references and due diligence, and properly bring the people you choose into your organization.&lt;/p&gt;&lt;p style='font-size:18px;line-height:1.6;color:#000;margin:0 0 16px;'&gt;You will have the Recruitment materials you need.&lt;/p&gt;&lt;p style='font-size:18px;line-height:1...0;margin:0 0 16px;'&gt;If you get stuck, need clarification, want something reviewed, or need help moving through a step, you can reach out to me for support.&lt;/p&gt;&lt;p style='font-size:18px;line-height:1.6;color:#000;margin:0 0 16px;'&gt;The investment is $497, one time.&lt;/p&gt;&lt;p style='font-size:18px;line-height:1.6;color:#000;margin:0 0 16px;'&gt;Your investment is protected by our 100% money-back guarantee.&lt;/p&gt;&lt;p style='font-size:18px;line-height:1.6;color:#000;margin:0 0 16px;'&gt;If you are ready to stop waiting for the right people to somehow find you and start building the Board your nonprofit needs, you can begin now.&lt;/p&gt;&lt;p&gt;&lt;a href='https://nonprofitboardbuilder.com/recruit-your-board-yourself' style='display:inline-block;background:#087e5b;color:#ffffff;padding:14px 24px;border-radius:6px;text-decoration:none;font-weight:bold;font-size:17px;'&gt;BUILD MY BOARD MYSELF — $497&lt;/a&gt;&lt;/p&gt;&lt;p style='font-size:18px;line-height:1.6;color:#000;margin:24px 0 0;'&gt;Rooney Akpesiri&lt;br/&gt;The Nonprofit Board Builder&lt;/p&gt;&lt;p style='font-size:12px;color:#667;margin-top:30px;'&gt;Nonprofit Board Builder — 651 N Broad Street, Middletown, Delaware 19709&lt;br/&gt;&lt;a href='{{{RESEND_UNSUBSCRIBE_URL}}}'&gt;Unsubscribe&lt;/a&gt;&lt;/p&gt;&lt;/div&gt;"</failure></testcase><testcase classname="tests.test_recruitment_nurture_v2.TestHtmlRender" name="test_recruitment_render_has_greeting_merge_two_braces[2]" time="0.001"><failure message="AssertionError: Expected 2-brace Resend merge 'Hi {{FIRST_NAME|there}},' in HTML but got greeting section: Hi {{{FIRST_NAME|there}}},&lt;/p&gt;&lt;p style='font-size:18px;line-height:1.6;color:#00&#10;assert 'Hi {{FIRST_NAME|there}},' in &quot;&lt;div style='background:#ffffff;padding:26px;font-family:Arial,Helvetica,sans-serif;max-width:600px;margin:auto;'&gt;&lt;p style='font-size:18px;line-height:1.6;color:#000;margin:0 0 16px;'&gt;Hi {{{FIRST_NAME|there}}},&lt;/p&gt;&lt;p style='font-size:18px;line-height:1.6;color:#000;margin:0 0 16px;'&gt;You do not have to build your Board alone.&lt;/p&gt;&lt;p style='font-size:18px;line-height:1.6;color:#000;margin:0 0 16px;'&gt;If your nonprofit needs stronger people around the table and you want someone who has done this before to work through the Recruitment with you, this is the option I created for you.&lt;/p&gt;&lt;p style='font-size:18px;line-height:1.6;color:#000;margin:0 0 16px;'&gt;We will work together to build the Board your organization needs.&lt;/p&gt;&lt;p style='font-size:18px;line-height:1.6;color:#000;margin:0 0 16px;'&gt;The goal is not to give you another plan and leave you to figure it out.&lt;/p&gt;&lt;p style='font-size:18px;line-height:1.6;color:#000;margin:0 0 16px;'&gt;The goal is to get your Recruitment moving, attract quality professionals, help you work through the people who respond, and properly bring the people you choose into your organization so you can begin building with them.&lt;/p&gt;&lt;p style='font-size:18px;line-he...style='font-size:18px;line-height:1.6;color:#000;margin:0 0 16px;'&gt;I bring the Recruitment process, experience, structure and support needed to help you get there.&lt;/p&gt;&lt;p style='font-size:18px;line-height:1.6;color:#000;margin:0 0 16px;'&gt;Your nonprofit should not have to keep struggling because you do not have the right people around the table.&lt;/p&gt;&lt;p style='font-size:18px;line-height:1.6;color:#000;margin:0 0 16px;'&gt;If you want me directly involved in helping you change that, come build your Board with me.&lt;/p&gt;&lt;p style='font-size:18px;line-height:1.6;color:#000;margin:0 0 16px;'&gt;The investment is $1,997.&lt;/p&gt;&lt;p&gt;&lt;a href='https://nonprofitboardbuilder.com/board-recruitment-proposal' style='display:inline-block;background:#087e5b;color:#ffffff;padding:14px 24px;border-radius:6px;text-decoration:none;font-weight:bold;font-size:17px;'&gt;BUILD MY BOARD WITH ROONEY — $1,997&lt;/a&gt;&lt;/p&gt;&lt;p style='font-size:18px;line-height:1.6;color:#000;margin:24px 0 0;'&gt;Rooney Akpesiri&lt;br/&gt;The Nonprofit Board Builder&lt;/p&gt;&lt;p style='font-size:12px;color:#667;margin-top:30px;'&gt;Nonprofit Board Builder — 651 N Broad Street, Middletown, Delaware 19709&lt;br/&gt;&lt;a href='{{{RESEND_UNSUBSCRIBE_URL}}}'&gt;Unsubscribe&lt;/a&gt;&lt;/p&gt;&lt;/div&gt;&quot;">tests/test_recruitment_nurture_v2.py:131: in test_recruitment_render_has_greeting_merge_two_braces
    assert "Hi {{FIRST_NAME|there}}," in html, (
E   AssertionError: Expected 2-brace Resend merge 'Hi {{FIRST_NAME|there}},' in HTML but got greeting section: Hi {{{FIRST_NAME|there}}},&lt;/p&gt;&lt;p style='font-size:18px;line-height:1.6;color:#00
E   assert 'Hi {{FIRST_NAME|there}},' in "&lt;div style='background:#ffffff;padding:26px;font-family:Arial,Helvetica,sans-serif;max-width:600px;margin:auto;'&gt;&lt;p style='font-size:18px;line-height:1.6;color:#000;margin:0 0 16px;'&gt;Hi {{{FIRST_NAME|there}}},&lt;/p&gt;&lt;p style='font-size:18px;line-height:1.6;color:#000;margin:0 0 16px;'&gt;You do not have to build your Board alone.&lt;/p&gt;&lt;p style='font-size:18px;line-height:1.6;color:#000;margin:0 0 16px;'&gt;If your nonprofit needs stronger people around the table and you want someone who has done this before to work through the Recruitment with you, this is the option I created for you.&lt;/p&gt;&lt;p style='font-size:18px;line-height:1.6;color:#000;margin:0 0 16px;'&gt;We will work together to build the Board your organization needs.&lt;/p&gt;&lt;p style='font-size:18px;line-height:1.6;color:#000;margin:0 0 16px;'&gt;The goal is not to give you another plan and leave you to figure it out.&lt;/p&gt;&lt;p style='font-size:18px;line-height:1.6;color:#000;margin:0 0 16px;'&gt;The goal is to get your Recruitment moving, attract quality professionals, help you work through the people who respond, and properly bring the people you choose into your organization so you can begin building with them.&lt;/p&gt;&lt;p style='font-size:18px;line-he...style='font-size:18px;line-height:1.6;color:#000;margin:0 0 16px;'&gt;I bring the Recruitment process, experience, structure and support needed to help you get there.&lt;/p&gt;&lt;p style='font-size:18px;line-height:1.6;color:#000;margin:0 0 16px;'&gt;Your nonprofit should not have to keep struggling because you do not have the right people around the table.&lt;/p&gt;&lt;p style='font-size:18px;line-height:1.6;color:#000;margin:0 0 16px;'&gt;If you want me directly involved in helping you change that, come build your Board with me.&lt;/p&gt;&lt;p style='font-size:18px;line-height:1.6;color:#000;margin:0 0 16px;'&gt;The investment is $1,997.&lt;/p&gt;&lt;p&gt;&lt;a href='https://nonprofitboardbuilder.com/board-recruitment-proposal' style='display:inline-block;background:#087e5b;color:#ffffff;padding:14px 24px;border-radius:6px;text-decoration:none;font-weight:bold;font-size:17px;'&gt;BUILD MY BOARD WITH ROONEY — $1,997&lt;/a&gt;&lt;/p&gt;&lt;p style='font-size:18px;line-height:1.6;color:#000;margin:24px 0 0;'&gt;Rooney Akpesiri&lt;br/&gt;The Nonprofit Board Builder&lt;/p&gt;&lt;p style='font-size:12px;color:#667;margin-top:30px;'&gt;Nonprofit Board Builder — 651 N Broad Street, Middletown, Delaware 19709&lt;br/&gt;&lt;a href='{{{RESEND_UNSUBSCRIBE_URL}}}'&gt;Unsubscribe&lt;/a&gt;&lt;/p&gt;&lt;/div&gt;"</failure></testcase><testcase classname="tests.test_recruitment_nurture_v2.TestHtmlRender" name="test_recruitment_render_cta_href_and_closing[0]" time="0.000" /><testcase classname="tests.test_recruitment_nurture_v2.TestHtmlRender" name="test_recruitment_render_cta_href_and_closing[1]" time="0.000" /><testcase classname="tests.test_recruitment_nurture_v2.TestHtmlRender" name="test_recruitment_render_cta_href_and_closing[2]" time="0.000" /><testcase classname="tests.test_recruitment_nurture_v2.TestHtmlRender" name="test_recruitment_render_unsubscribe_and_postal[0]" time="0.000" /><testcase classname="tests.test_recruitment_nurture_v2.TestHtmlRender" name="test_recruitment_render_unsubscribe_and_postal[1]" time="0.000" /><testcase classname="tests.test_recruitment_nurture_v2.TestHtmlRender" name="test_recruitment_render_unsubscribe_and_postal[2]" time="0.000" /><testcase classname="tests.test_recruitment_nurture_v2.TestHtmlRender" name="test_no_test_or_placeholder_strings[0]" time="0.000" /><testcase classname="tests.test_recruitment_nurture_v2.TestHtmlRender" name="test_no_test_or_placeholder_strings[1]" time="0.000" /><testcase classname="tests.test_recruitment_nurture_v2.TestHtmlRender" name="test_no_test_or_placeholder_strings[2]" time="0.000" /><testcase classname="tests.test_recruitment_nurture_v2.TestHtmlRender" name="test_legacy_reactivation_render_has_headline_no_greeting" time="0.000" /><testcase classname="tests.test_recruitment_nurture_v2.TestEnableGating" name="test_current_env_only_recruitment_enabled" time="0.000" /><testcase classname="tests.test_recruitment_nurture_v2.TestEnableGating" name="test_both_false_returns_empty" time="0.000" /><testcase classname="tests.test_recruitment_nurture_v2.TestEnableGating" name="test_lead_nurture_true_enables_all" time="0.000" /><testcase classname="tests.test_recruitment_nurture_v2.TestEnableGating" name="test_preview_safety_guard_test_database" time="0.004" /><testcase classname="tests.test_recruitment_nurture_v2.TestEnableGating" name="test_disabled_sources_are_skipped_and_recruitment_broadcasts" time="0.010" /><testcase classname="tests.test_recruitment_nurture_v2.TestRotation" name="test_rotation_cycle_and_failure" time="0.033" /><testcase classname="tests.test_recruitment_nurture_v2.TestSender" name="test_recruitment_sender_format" time="0.000" /><testcase classname="tests.test_recruitment_nurture_v2.TestSender" name="test_other_sources_keep_nonprofit_sender" time="0.000" /><testcase classname="tests.test_recruitment_nurture_v2.TestPurchaseStop" name="test_recruitment_purchase_sources_constant" time="0.001" /><testcase classname="tests.test_recruitment_nurture_v2.TestPurchaseStop" name="test_stop_fires_for_recruitment_sources[direct_diy_board_recruitment_497]" time="0.069" /><testcase classname="tests.test_recruitment_nurture_v2.TestPurchaseStop" name="test_stop_fires_for_recruitment_sources[direct_board_recruitment_project]" time="0.008" /><testcase classname="tests.test_recruitment_nurture_v2.TestPurchaseStop" name="test_stop_ignores_non_recruitment_source" time="0.006" /><testcase classname="tests.test_recruitment_nurture_v2.TestPurchaseStop" name="test_stop_safe_with_none_and_empty" time="0.001" /><testcase classname="tests.test_recruitment_nurture_v2.TestPurchaseStop" name="test_stop_idempotent_and_resend_failure_never_propagates" time="0.008" /><testcase classname="tests.test_recruitment_nurture_v2.TestPurchaseStop" name="test_payment_status_endpoint_calls_stop" time="0.000" /><testcase classname="tests.test_recruitment_nurture_v2.TestPurchaseStop" name="test_webhook_only_stops_on_paid" time="0.000" /><testcase classname="tests.test_recruitment_nurture_v2.TestLeadEnrollment" name="test_recruitment_lead_creates_nurture_contact_and_stop_flips" time="0.010" /><testcase classname="tests.test_recruitment_nurture_v2.TestAdminStatus" name="test_admin_nurture_status_includes_recruitment_flag" time="0.590" /><testcase classname="tests.test_recruitment_nurture_v2.TestRegression" name="test_diy_checkout_still_returns_session" time="0.864" /><testcase classname="tests.test_recruitment_nurture_v2.TestRegression" name="test_direct_project_checkout_still_returns_session" time="0.748" /><testcase classname="tests.test_recruitment_nurture_v2.TestRegression" name="test_diy_transaction_amount_and_success_url" time="0.944" /><testcase classname="tests.test_recruitment_nurture_v2.TestRegression" name="test_direct_project_transaction_amount_and_success_url" time="0.712" /></testsuite></testsuites>