<?xml version="1.0" encoding="utf-8"?><testsuites name="pytest tests"><testsuite name="pytest" errors="0" failures="0" skipped="0" tests="4" time="6.820" timestamp="2026-08-18T03:08:44.341383+00:00" hostname="agent-env-aefaa5b9-f806-486a-8a94-361a815e43a8"><testcase classname="tests.test_iter47_offer_funnel" name="test_all_checkout_endpoints_return_stripe_session" time="5.309" /><testcase classname="tests.test_iter47_offer_funnel" name="test_payment_status_fake_id_returns_404" time="0.210" /><testcase classname="tests.test_iter47_offer_funnel" name="test_homepage_and_login_reachable" time="0.675" /><testcase classname="tests.test_iter47_offer_funnel" name="test_board_transformation_result_invalid_token_endpoint" time="0.137" /></testsuite></testsuites>