<?xml version="1.0" encoding="utf-8"?><testsuites name="pytest tests"><testsuite name="pytest" errors="0" failures="0" skipped="0" tests="8" time="3.900" timestamp="2026-08-18T03:21:05.441581+00:00" hostname="agent-env-aefaa5b9-f806-486a-8a94-361a815e43a8"><testcase classname="tests.test_iter48_recovery" name="test_bt_recommendations_all_match" time="0.738" /><testcase classname="tests.test_iter48_recovery" name="test_bt_recommendations_no_match" time="0.490" /><testcase classname="tests.test_iter48_recovery" name="test_diy_checkout_without_token_still_200" time="0.922" /><testcase classname="tests.test_iter48_recovery" name="test_diy_checkout_with_result_token_persists_lead_context" time="0.982" /><testcase classname="tests.test_iter48_recovery" name="test_recovery_flag_currently_false" time="0.000" /><testcase classname="tests.test_iter48_recovery" name="test_offer_pages_map_covers_expected_sources" time="0.000" /><testcase classname="tests.test_iter48_recovery" name="test_email_template_shape" time="0.000" /><testcase classname="tests.test_iter48_recovery" name="test_process_abandoned_checkouts_scenarios" time="0.581" /></testsuite></testsuites>