<?xml version="1.0" encoding="utf-8"?><testsuites name="pytest tests"><testsuite name="pytest" errors="0" failures="0" skipped="0" tests="10" time="4.050" timestamp="2026-08-18T03:25:10.603157+00:00" hostname="agent-env-aefaa5b9-f806-486a-8a94-361a815e43a8"><testcase classname="tests.test_iter49_recovery_real_send" name="test_recovery_enabled_flag_is_false" time="0.001" /><testcase classname="tests.test_iter49_recovery_real_send" name="test_real_stripe_session_created_and_backdated" time="1.501" /><testcase classname="tests.test_iter49_recovery_real_send" name="test_stripe_recheck_returns_unpaid_open_for_real_session" time="0.266" /><testcase classname="tests.test_iter49_recovery_real_send" name="test_process_abandoned_checkouts_sends_real_email" time="0.317" /><testcase classname="tests.test_iter49_recovery_real_send" name="test_email_content_and_html_build" time="0.000" /><testcase classname="tests.test_iter49_recovery_real_send" name="test_second_run_does_not_resend_same_txn" time="0.005" /><testcase classname="tests.test_iter49_recovery_real_send" name="test_second_pending_same_email_becomes_skipped" time="0.186" /><testcase classname="tests.test_iter49_recovery_real_send" name="test_paid_customer_pending_becomes_skipped" time="0.187" /><testcase classname="tests.test_iter49_recovery_real_send" name="test_no_stray_recovery_emails_on_real_prod_data" time="0.004" /><testcase classname="tests.test_iter49_recovery_real_send" name="test_env_flag_still_false_after_all_tests" time="0.272" /></testsuite></testsuites>