<?xml version="1.0" encoding="utf-8"?><testsuites name="pytest tests"><testsuite name="pytest" errors="0" failures="0" skipped="0" tests="11" time="2.790" timestamp="2026-08-11T02:42:10.008960+00:00" hostname="agent-env-bb24713a-9226-4066-956f-ee71e92ce731"><testcase classname="tests.test_recruitment_refinement.TestOwnerReviewAuth" name="test_members_me_with_only_admin_cookie" time="0.653" /><testcase classname="tests.test_recruitment_refinement.TestBoardProfileForm" name="test_owner_gets_token_and_public_flow" time="0.919" /><testcase classname="tests.test_recruitment_refinement.TestOwnerReviewAuth" name="test_members_me_without_any_cookie_401" time="0.172" /><testcase classname="tests.test_recruitment_refinement.TestOwnerReviewAuth" name="test_workspace_profile_without_cookie_401" time="0.118" /><testcase classname="tests.test_recruitment_refinement.TestBoardProfileForm" name="test_bad_token_404" time="0.153" /><testcase classname="tests.test_recruitment_refinement.TestOwnerReviewAuth" name="test_workspace_profile_with_admin_cookie_200" time="0.049" /><testcase classname="tests.test_recruitment_refinement.TestStrategyIntake" name="test_put_and_get_strategy_intake" time="0.127" /><testcase classname="tests.test_recruitment_refinement.TestShareLinks" name="test_share_non_agreement_and_agreement" time="0.202" /><testcase classname="tests.test_recruitment_refinement.TestExternalApplicant" name="test_post_external_applicant_with_cv" time="0.099" /><testcase classname="tests.test_recruitment_refinement.TestEntitlementRegression" name="test_member_without_self_guided_cannot_access_course" time="0.438" /><testcase classname="tests.test_recruitment_refinement.TestShareLinks" name="test_shared_bad_token_404" time="0.274" /></testsuite></testsuites>