<?xml version="1.0" encoding="utf-8"?><testsuites name="pytest tests"><testsuite name="pytest" errors="0" failures="0" skipped="0" tests="29" time="10.231" timestamp="2026-08-14T12:02:30.055739+00:00" hostname="agent-env-6f63e93d-f2cc-43d0-bb66-77ee15a3c3d8"><testcase classname="tests.test_batch1_activation.TestPublicRoutes" name="test_route_returns_html[/activate]" time="0.216" /><testcase classname="tests.test_batch1_activation.TestPublicFunnelActivation" name="test_creates_lead_with_offer_source" time="3.054" /><testcase classname="tests.test_batch1_activation.TestPublicRoutes" name="test_route_returns_html[/activate-with-rooney]" time="0.135" /><testcase classname="tests.test_batch1_activation.TestPublicRoutes" name="test_route_returns_html[/activate-your-board-yourself]" time="0.142" /><testcase classname="tests.test_batch1_activation.TestPublicRoutes" name="test_route_returns_html[/board-activation-proposal]" time="0.124" /><testcase classname="tests.test_batch1_activation.TestPublicRoutes" name="test_route_returns_html[/board-activation-intake]" time="0.135" /><testcase classname="tests.test_batch1_activation.TestPublicRoutes" name="test_route_returns_html[/activation-start-here]" time="0.129" /><testcase classname="tests.test_batch1_activation.TestActivationIntakeGating" name="test_context_404_bogus" time="0.140" /><testcase classname="tests.test_batch1_activation.TestActivationIntakeGating" name="test_context_402_unpaid_diy" time="0.790" /><testcase classname="tests.test_batch1_activation.TestActivationIntakeGating" name="test_context_402_unpaid_dwm" time="0.685" /><testcase classname="tests.test_batch1_activation.TestActivationIntakeSubmit" name="test_diy_intake_submit_and_upsert" time="0.666" /><testcase classname="tests.test_batch1_activation.TestPublicFunnelActivation" name="test_missing_required_answer_blocked" time="0.132" /><testcase classname="tests.test_batch1_activation.TestActivationIntakeSubmit" name="test_dwm_intake_submit_calendly_redirect" time="0.245" /><testcase classname="tests.test_batch1_activation.TestPublicFunnelActivation" name="test_missing_required_top_level" time="0.060" /><testcase classname="tests.test_batch1_activation.TestActivationCourseEndpoints" name="test_courses_activation_401_no_auth" time="0.122" /><testcase classname="tests.test_batch1_activation.TestActivationCourseEndpoints" name="test_module_tester_403_activation" time="0.906" /><testcase classname="tests.test_batch1_activation.TestActivationIntakeSubmit" name="test_active_gt_present_rejected" time="0.297" /><testcase classname="tests.test_batch1_activation.TestActivationClaim" name="test_claim_diy_activation_grants_entitlement" time="1.306" /><testcase classname="tests.test_batch1_activation.TestActivationCourseEndpoints" name="test_progress_activation_module6_rejected" time="0.591" /><testcase classname="tests.test_batch1_activation.TestRegression" name="test_diy_recruitment_still_works" time="1.175" /><testcase classname="tests.test_batch1_activation.TestActivationClaim" name="test_claim_diy_activation_seeded_paid_grants_entitlement" time="1.863" /><testcase classname="tests.test_batch1_activation.TestRegression" name="test_diy_reactivation_still_works" time="0.488" /><testcase classname="tests.test_batch1_activation.TestRegression" name="test_recruit_funnel_still_works" time="0.219" /><testcase classname="tests.test_batch1_activation.TestActivationDIYCheckout" name="test_diy_activation_checkout" time="1.524" /><testcase classname="tests.test_batch1_activation.TestActivationClaim" name="test_claim_dwm_activation_rejected" time="1.525" /><testcase classname="tests.test_batch1_activation.TestActivationProjectCheckout" name="test_project_activation_checkout" time="0.779" /><testcase classname="tests.test_batch1_activation.TestActivationVideoConfig" name="test_config_default_empty" time="0.525" /><testcase classname="tests.test_batch1_activation.TestActivationVideoConfig" name="test_recruitment_reactivation_activation_isolated" time="0.220" /><testcase classname="tests.test_batch1_activation.TestClaimSourceHandlesActivation" name="test_diy_activation_branch_present_in_source" time="0.002" /></testsuite></testsuites>