<?xml version="1.0" encoding="utf-8"?><testsuites name="pytest tests"><testsuite name="pytest" errors="0" failures="4" skipped="0" tests="37" time="13.678" timestamp="2026-08-13T21:04:46.627461+00:00" hostname="agent-env-a17f91ba-fba0-414a-ab18-50ce127c19a2"><testcase classname="tests.test_iter28_account_verify.TestRegisterDuplicate" name="test_register_new_then_duplicate_returns_409" time="0.703" /><testcase classname="tests.test_iter28_account_verify.TestClaimSecurity" name="test_claim_fake_session_returns_400" time="0.675" /><testcase classname="tests.test_iter28_account_verify.TestClaimSecurity" name="test_claim_unpaid_session_returns_402" time="1.197" /><testcase classname="tests.test_iter28_account_verify.TestClaimSecurity" name="test_claim_already_linked_to_different_account_returns_409" time="0.393" /><testcase classname="tests.test_iter28_account_verify.TestLoginContract" name="test_login_returns_claimed_source_shape" time="0.613" /><testcase classname="tests.test_iter28_account_verify.TestIntakeRedirectByOffer" name="test_diy_intake_redirects_to_start_here" time="0.386" /><testcase classname="tests.test_iter28_account_verify.TestIntakeRedirectByOffer" name="test_dwm_intake_redirects_to_calendly" time="0.273" /><testcase classname="tests.test_iter28_account_verify.TestDirectProjectCheckoutMetadata" name="test_checkout_metadata_has_direct_project_offer_source" time="0.005"><failure message="KeyError: 'STRIPE_SECRET_KEY'">backend/tests/test_iter28_account_verify.py:221: in test_checkout_metadata_has_direct_project_offer_source
    stripe.api_key = os.environ["STRIPE_SECRET_KEY"]
                     ^^^^^^^^^^^^^^^^^^^^^^^^^^^^^^^
&lt;frozen os&gt;:679: in __getitem__
    ???
E   KeyError: 'STRIPE_SECRET_KEY'</failure></testcase><testcase classname="tests.test_iter28_account_verify.TestPublicLoginLinks" name="test_page_loads_html[/]" time="0.082" /><testcase classname="tests.test_iter28_account_verify.TestPublicLoginLinks" name="test_page_loads_html[/recruit]" time="0.088" /><testcase classname="tests.test_iter28_account_verify.TestPublicLoginLinks" name="test_page_loads_html[/about-rooney]" time="0.097" /><testcase classname="tests.test_iter28_account_verify.TestPublicLoginLinks" name="test_login_page_loads" time="0.092" /><testcase classname="tests.test_board_recruitment_proposal" name="test_payment_config_unchanged" time="0.173" /><testcase classname="tests.test_board_recruitment_proposal" name="test_direct_project_checkout_creates_session" time="1.042"><failure message="RuntimeError: Event loop is closed">backend/tests/test_board_recruitment_proposal.py:75: in test_direct_project_checkout_creates_session
    asyncio.get_event_loop().run_until_complete(check_db())
/usr/local/lib/python3.11/asyncio/base_events.py:629: in run_until_complete
    self._check_closed()
/usr/local/lib/python3.11/asyncio/base_events.py:520: in _check_closed
    raise RuntimeError('Event loop is closed')
E   RuntimeError: Event loop is closed</failure></testcase><testcase classname="tests.test_board_recruitment_proposal" name="test_direct_project_checkout_invalid_origin" time="0.083" /><testcase classname="tests.test_board_recruitment_proposal" name="test_status_missing_session" time="0.092" /><testcase classname="tests.test_board_recruitment_proposal" name="test_status_idempotent_for_pending" time="0.920"><failure message="RuntimeError: Event loop is closed">backend/tests/test_board_recruitment_proposal.py:106: in test_status_idempotent_for_pending
    assert asyncio.get_event_loop().run_until_complete(count()) == 1
           ^^^^^^^^^^^^^^^^^^^^^^^^^^^^^^^^^^^^^^^^^^^^^^^^^^^^
/usr/local/lib/python3.11/asyncio/base_events.py:629: in run_until_complete
    self._check_closed()
/usr/local/lib/python3.11/asyncio/base_events.py:520: in _check_closed
    raise RuntimeError('Event loop is closed')
E   RuntimeError: Event loop is closed</failure></testcase><testcase classname="tests.test_board_recruitment_proposal" name="test_claim_purchase_rejects_unpaid_direct_project" time="1.152"><failure message="RuntimeError: Event loop is closed">backend/tests/test_board_recruitment_proposal.py:142: in test_claim_purchase_rejects_unpaid_direct_project
    asyncio.get_event_loop().run_until_complete(cleanup())
/usr/local/lib/python3.11/asyncio/base_events.py:629: in run_until_complete
    self._check_closed()
/usr/local/lib/python3.11/asyncio/base_events.py:520: in _check_closed
    raise RuntimeError('Event loop is closed')
E   RuntimeError: Event loop is closed</failure></testcase><testcase classname="tests.test_board_recruitment_proposal" name="test_recruit_with_rooney_still_gated" time="0.082" /><testcase classname="tests.test_board_recruitment_proposal" name="test_existing_pages_still_load" time="0.547" /><testcase classname="tests.test_batch_intake_e2e.TestDIYCheckout" name="test_diy_checkout_creates_stripe_session" time="0.841" /><testcase classname="tests.test_batch_intake_e2e.TestDIYCheckout" name="test_diy_checkout_invalid_origin" time="0.087" /><testcase classname="tests.test_batch_intake_e2e.TestDirectProjectCheckout" name="test_direct_project_success_url_is_purchase_success" time="0.652" /><testcase classname="tests.test_batch_intake_e2e.TestIntakeGating" name="test_intake_context_404_for_bogus_session" time="0.093" /><testcase classname="tests.test_batch_intake_e2e.TestIntakeGating" name="test_intake_context_402_for_pending_diy_session" time="0.695" /><testcase classname="tests.test_batch_intake_e2e.TestIntakeGating" name="test_intake_submit_rejected_for_bogus_session" time="0.085" /><testcase classname="tests.test_batch_intake_e2e.TestIntakeSubmitHappyPath" name="test_intake_submit_and_upsert" time="0.698" /><testcase classname="tests.test_batch_intake_e2e.TestRoutes" name="test_route_returns_html[/]" time="0.141" /><testcase classname="tests.test_batch_intake_e2e.TestRoutes" name="test_route_returns_html[/about-rooney]" time="0.127" /><testcase classname="tests.test_batch_intake_e2e.TestRoutes" name="test_route_returns_html[/recruit-your-board-yourself]" time="0.147" /><testcase classname="tests.test_batch_intake_e2e.TestRoutes" name="test_route_returns_html[/board-recruitment-proposal]" time="0.223" /><testcase classname="tests.test_batch_intake_e2e.TestRoutes" name="test_route_returns_html[/board-recruitment-intake]" time="0.138" /><testcase classname="tests.test_batch_intake_e2e.TestRoutes" name="test_route_returns_html[/recruit-with-rooney]" time="0.153" /><testcase classname="tests.test_batch_intake_e2e.TestRoutes" name="test_route_returns_html[/recruit]" time="0.130" /><testcase classname="tests.test_batch_intake_e2e.TestRoutes" name="test_route_returns_html[/reactivate]" time="0.145" /><testcase classname="tests.test_batch_intake_e2e.TestRoutes" name="test_route_returns_html[/activate]" time="0.143" /><testcase classname="tests.test_batch_intake_e2e.TestRoutes" name="test_route_returns_html[/join-a-board]" time="0.173" /></testsuite></testsuites>