<?xml version="1.0" encoding="utf-8"?><testsuites name="pytest tests"><testsuite name="pytest" errors="0" failures="0" skipped="0" tests="23" time="10.284" timestamp="2026-08-14T10:10:40.085629+00:00" hostname="agent-env-dd120449-c5aa-422d-b224-17ebd907f0b9"><testcase classname="tests.test_iter37_cross_product.TestRecruitmentCourse" name="test_self_guided_six_modules" time="0.489" /><testcase classname="tests.test_iter37_cross_product.TestRecruitmentCourse" name="test_basic_six_modules" time="0.098" /><testcase classname="tests.test_iter37_cross_product.TestRecruitmentCourse" name="test_progress_module_6_accepted" time="0.225" /><testcase classname="tests.test_iter37_cross_product.TestRecruitmentCourse" name="test_progress_module_1_complete_percent_over_6" time="0.216" /><testcase classname="tests.test_iter37_cross_product.TestReactivationCourse" name="test_reactivation_5_modules" time="0.585" /><testcase classname="tests.test_iter37_cross_product.TestAccountabilityStages" name="test_stages_module1_to_6" time="0.239" /><testcase classname="tests.test_iter37_cross_product.TestAccountabilityStages" name="test_current_stage_iterates_1_to_7" time="0.002" /><testcase classname="tests.test_iter37_cross_product.TestBoardTransformationRules" name="test_active_greater_than_total_422" time="0.127" /><testcase classname="tests.test_iter37_cross_product.TestBoardTransformationRules" name="test_zero_zero_accepted" time="0.536" /><testcase classname="tests.test_iter37_cross_product.TestBoardTransformationRules" name="test_recruit_yes_fires" time="0.422" /><testcase classname="tests.test_iter37_cross_product.TestBoardTransformationRules" name="test_recruit_not_sure_fires" time="0.452" /><testcase classname="tests.test_iter37_cross_product.TestBoardTransformationRules" name="test_recruit_no_does_not_fire" time="0.410" /><testcase classname="tests.test_iter37_cross_product.TestBoardTransformationRules" name="test_reactivate_requires_present_gt_active" time="0.495" /><testcase classname="tests.test_iter37_cross_product.TestBoardTransformationRules" name="test_reactivate_fires_present_gt_active" time="0.422" /><testcase classname="tests.test_iter37_cross_product.TestBoardTransformationRules" name="test_activate_want_no_does_not_fire" time="0.407" /><testcase classname="tests.test_iter37_cross_product.TestBoardTransformationRules" name="test_activate_fires_when_want_yes_and_now_not_most" time="0.377" /><testcase classname="tests.test_iter37_cross_product.TestBoardTransformationRules" name="test_activate_does_not_fire_when_now_most_do" time="0.601" /><testcase classname="tests.test_iter37_cross_product.TestBoardTransformationRules" name="test_ordering_reactivate_recruit_activate" time="0.790" /><testcase classname="tests.test_iter37_cross_product.TestBoardTransformationRules" name="test_empty_recommendations_possible" time="0.395" /><testcase classname="tests.test_iter37_cross_product.TestBoardTransformationRules" name="test_no_nurture_contact_created" time="0.341" /><testcase classname="tests.test_iter37_cross_product.TestBoardTransformationRules" name="test_result_token_wrong_404" time="0.118" /><testcase classname="tests.test_iter37_cross_product.TestBoardTransformationRules" name="test_select_product_ok" time="0.643" /><testcase classname="tests.test_iter37_cross_product.TestRecruitmentFunnelNurture" name="test_recruitment_lead_creates_nurture_contact" time="1.835" /></testsuite></testsuites>