<?xml version="1.0" encoding="utf-8"?><testsuites name="pytest tests"><testsuite name="pytest" errors="0" failures="1" skipped="0" tests="3" time="52.889" timestamp="2026-08-14T14:07:48.115791+00:00" hostname="agent-env-6f63e93d-f2cc-43d0-bb66-77ee15a3c3d8"><testcase classname="tests.test_batch5_activation_myboard_portfolio" name="test_myboard_and_fundraising_portfolio_end_to_end" time="50.346"><failure message="AssertionError: approved portfolio must have a share token&#10;assert None">tests/test_batch5_activation_myboard_portfolio.py:101: in test_myboard_and_fundraising_portfolio_end_to_end
    assert share_token, "approved portfolio must have a share token"
E   AssertionError: approved portfolio must have a share token
E   assert None</failure></testcase><testcase classname="tests.test_batch5_activation_myboard_portfolio" name="test_activation_accountability_config" time="0.235" /><testcase classname="tests.test_batch5_activation_myboard_portfolio" name="test_activation_nurture_config" time="1.419" /></testsuite></testsuites>