<?xml version="1.0" encoding="utf-8"?><testsuites name="pytest tests"><testsuite name="pytest" errors="0" failures="0" skipped="0" tests="16" time="4.783" timestamp="2026-08-22T13:47:14.463659+00:00" hostname="agent-env-aefaa5b9-f806-486a-8a94-361a815e43a8"><testcase classname="tests.test_iter56_module1_restoration.TestSpotChecks" name="test_bogus_session_intake_blocked" time="0.530" /><testcase classname="tests.test_iter56_module1_restoration.TestSpotChecks" name="test_dwy_checkout_and_intake_submit" time="2.022" /><testcase classname="tests.test_iter56_module1_restoration.TestCourseStructureRestored" name="test_six_modules_positions_and_locks" time="1.448" /><testcase classname="tests.test_iter56_module1_restoration.TestCourseStructureRestored" name="test_module_titles_and_module1_video" time="0.045" /><testcase classname="tests.test_iter56_module1_restoration.TestCourseStructureRestored" name="test_progress_allowed_on_1_2_3" time="0.135" /><testcase classname="tests.test_iter56_module1_restoration.TestCourseStructureRestored" name="test_course_percent_reflects_six_total" time="0.048" /><testcase classname="tests.test_iter56_module1_restoration.TestCourseStructureRestored" name="test_progress_blocked_on_module_4" time="0.047" /><testcase classname="tests.test_iter56_module1_restoration.TestCourseStructureRestored" name="test_workspace_applications_blocked" time="0.052" /><testcase classname="tests.test_iter56_module1_restoration.TestOtherFunnels" name="test_pages_load[/reactivate]" time="0.046" /><testcase classname="tests.test_iter56_module1_restoration.TestOtherFunnels" name="test_pages_load[/activate]" time="0.046" /><testcase classname="tests.test_iter56_module1_restoration.TestOtherFunnels" name="test_reactivation_project_checkout" time="1.055" /><testcase classname="tests.test_iter56_module1_restoration.TestSpotChecks" name="test_grandfathered_members_intact" time="0.001" /><testcase classname="tests.test_iter56_module1_restoration.TestSpotChecks" name="test_stage1b_tester_untouched" time="0.001" /><testcase classname="tests.test_iter56_module1_restoration.TestFreshCustomerJourney" name="test_intake_context_and_submit_redirect" time="1.353" /><testcase classname="tests.test_iter56_module1_restoration.TestSecondPaymentUnlock" name="test_selection_checkout_unchanged" time="0.885" /><testcase classname="tests.test_iter56_module1_restoration.TestSecondPaymentUnlock" name="test_all_six_unlock_after_grant" time="0.136" /></testsuite></testsuites>