<?xml version="1.0" encoding="utf-8"?><testsuites name="pytest tests"><testsuite name="pytest" errors="0" failures="0" skipped="0" tests="37" time="12.941" timestamp="2026-08-13T21:15:36.204611+00:00" hostname="agent-env-a17f91ba-fba0-414a-ab18-50ce127c19a2"><testcase classname="tests.test_board_recruitment_proposal" name="test_payment_config_unchanged" time="0.200" /><testcase classname="tests.test_board_recruitment_proposal" name="test_direct_project_checkout_creates_session" time="1.089" /><testcase classname="tests.test_board_recruitment_proposal" name="test_direct_project_checkout_invalid_origin" time="0.062" /><testcase classname="tests.test_board_recruitment_proposal" name="test_status_missing_session" time="0.066" /><testcase classname="tests.test_board_recruitment_proposal" name="test_status_idempotent_for_pending" time="0.728" /><testcase classname="tests.test_board_recruitment_proposal" name="test_claim_purchase_rejects_direct_project" time="1.096" /><testcase classname="tests.test_board_recruitment_proposal" name="test_recruit_with_rooney_still_gated" time="0.063" /><testcase classname="tests.test_board_recruitment_proposal" name="test_existing_pages_still_load" time="0.370" /><testcase classname="tests.test_batch_intake_e2e.TestDIYCheckout" name="test_diy_checkout_creates_stripe_session" time="0.821" /><testcase classname="tests.test_batch_intake_e2e.TestDIYCheckout" name="test_diy_checkout_invalid_origin" time="0.073" /><testcase classname="tests.test_batch_intake_e2e.TestDirectProjectCheckout" name="test_direct_project_success_url_is_intake" time="0.631" /><testcase classname="tests.test_batch_intake_e2e.TestIntakeGating" name="test_intake_context_404_for_bogus_session" time="0.075" /><testcase classname="tests.test_batch_intake_e2e.TestIntakeGating" name="test_intake_context_402_for_pending_diy_session" time="0.768" /><testcase classname="tests.test_batch_intake_e2e.TestIntakeGating" name="test_intake_submit_rejected_for_bogus_session" time="0.071" /><testcase classname="tests.test_batch_intake_e2e.TestIntakeSubmitHappyPath" name="test_intake_submit_and_upsert" time="0.752" /><testcase classname="tests.test_batch_intake_e2e.TestRoutes" name="test_route_returns_html[/]" time="0.163" /><testcase classname="tests.test_batch_intake_e2e.TestRoutes" name="test_route_returns_html[/about-rooney]" time="0.125" /><testcase classname="tests.test_batch_intake_e2e.TestRoutes" name="test_route_returns_html[/recruit-your-board-yourself]" time="0.132" /><testcase classname="tests.test_batch_intake_e2e.TestRoutes" name="test_route_returns_html[/board-recruitment-proposal]" time="0.151" /><testcase classname="tests.test_batch_intake_e2e.TestRoutes" name="test_route_returns_html[/board-recruitment-intake]" time="0.179" /><testcase classname="tests.test_batch_intake_e2e.TestRoutes" name="test_route_returns_html[/recruit-with-rooney]" time="0.149" /><testcase classname="tests.test_batch_intake_e2e.TestRoutes" name="test_route_returns_html[/recruit]" time="0.139" /><testcase classname="tests.test_batch_intake_e2e.TestRoutes" name="test_route_returns_html[/reactivate]" time="0.142" /><testcase classname="tests.test_batch_intake_e2e.TestRoutes" name="test_route_returns_html[/activate]" time="0.124" /><testcase classname="tests.test_batch_intake_e2e.TestRoutes" name="test_route_returns_html[/join-a-board]" time="0.135" /><testcase classname="tests.test_iter28_account_verify.TestRegisterDuplicate" name="test_register_new_then_duplicate_returns_409" time="0.451" /><testcase classname="tests.test_iter28_account_verify.TestClaimSecurity" name="test_claim_fake_session_returns_400" time="0.455" /><testcase classname="tests.test_iter28_account_verify.TestClaimSecurity" name="test_claim_unpaid_session_returns_402" time="1.029" /><testcase classname="tests.test_iter28_account_verify.TestClaimSecurity" name="test_claim_already_linked_to_different_account_returns_409" time="0.387" /><testcase classname="tests.test_iter28_account_verify.TestLoginContract" name="test_login_returns_claimed_source_shape" time="0.593" /><testcase classname="tests.test_iter28_account_verify.TestIntakeRedirectByOffer" name="test_diy_intake_redirects_to_start_here" time="0.254" /><testcase classname="tests.test_iter28_account_verify.TestIntakeRedirectByOffer" name="test_dwm_intake_redirects_to_calendly" time="0.292" /><testcase classname="tests.test_iter28_account_verify.TestDirectProjectCheckoutMetadata" name="test_checkout_metadata_has_direct_project_offer_source" time="0.718" /><testcase classname="tests.test_iter28_account_verify.TestPublicLoginLinks" name="test_page_loads_html[/]" time="0.073" /><testcase classname="tests.test_iter28_account_verify.TestPublicLoginLinks" name="test_page_loads_html[/recruit]" time="0.074" /><testcase classname="tests.test_iter28_account_verify.TestPublicLoginLinks" name="test_page_loads_html[/about-rooney]" time="0.068" /><testcase classname="tests.test_iter28_account_verify.TestPublicLoginLinks" name="test_login_page_loads" time="0.072" /></testsuite></testsuites>