<?xml version="1.0" encoding="utf-8"?><testsuites name="pytest tests"><testsuite name="pytest" errors="0" failures="0" skipped="0" tests="6" time="1.287" timestamp="2026-08-11T21:38:16.888627+00:00" hostname="agent-env-bb24713a-9226-4066-956f-ee71e92ce731"><testcase classname="tests.test_iter17_admin_reset_removal" name="test_reset_review_data_no_auth_returns_404" time="0.167" /><testcase classname="tests.test_iter17_admin_reset_removal" name="test_reset_review_data_with_admin_returns_404" time="0.390" /><testcase classname="tests.test_iter17_admin_reset_removal" name="test_review_mode_status_active" time="0.048" /><testcase classname="tests.test_iter17_admin_reset_removal" name="test_review_mode_progress_get" time="0.051" /><testcase classname="tests.test_iter17_admin_reset_removal" name="test_review_mode_progress_post_and_delete" time="0.097" /><testcase classname="tests.test_iter17_admin_reset_removal" name="test_workspace_profile_admin" time="0.056" /></testsuite></testsuites>