<?xml version="1.0" encoding="utf-8"?><testsuites name="pytest tests"><testsuite name="pytest" errors="0" failures="0" skipped="0" tests="14" time="6.781" timestamp="2026-08-11T01:04:36.231711+00:00" hostname="agent-env-bb24713a-9226-4066-956f-ee71e92ce731"><testcase classname="tests.test_recruitment_funnel_upgrade.TestReviewMode" name="test_status_public_returns_false" time="0.190" /><testcase classname="tests.test_recruitment_funnel_upgrade.TestReviewMode" name="test_status_admin_returns_true" time="0.430" /><testcase classname="tests.test_recruitment_funnel_upgrade.TestRecruitmentGuarantee" name="test_returns_fallback_when_env_empty" time="0.088" /><testcase classname="tests.test_recruitment_funnel_upgrade.TestTermsAgreements" name="test_invalid_lead_returns_404" time="0.043" /><testcase classname="tests.test_recruitment_funnel_upgrade.TestRecruitmentLeadSubmission" name="test_submit_recruitment_lead_with_guided" time="1.418" /><testcase classname="tests.test_recruitment_funnel_upgrade.TestRecruitmentLeadSubmission" name="test_terms_agreement_records_for_valid_lead" time="0.048" /><testcase classname="tests.test_recruitment_funnel_upgrade.TestRecruitmentLeadSubmission" name="test_submit_missing_support_preference_fails" time="0.044" /><testcase classname="tests.test_recruitment_funnel_upgrade.TestSelfGuidedCourse" name="test_public_returns_401" time="0.048" /><testcase classname="tests.test_recruitment_funnel_upgrade.TestSelfGuidedCourse" name="test_admin_cookie_returns_course_with_6_canonical_modules" time="0.060" /><testcase classname="tests.test_recruitment_funnel_upgrade.TestPaymentsCheckout" name="test_public_checkout_blocked_when_flag_false" time="0.048" /><testcase classname="tests.test_recruitment_funnel_upgrade.TestPaymentsCheckout" name="test_admin_internal_test_returns_stripe_url" time="0.822" /><testcase classname="tests.test_recruitment_funnel_upgrade.TestReactivationRegression" name="test_submit_reactivation_lead" time="1.590" /><testcase classname="tests.test_recruitment_funnel_upgrade.TestFundraisingActivationRegression" name="test_submit_activation_lead" time="1.347" /><testcase classname="tests.test_recruitment_funnel_upgrade.TestPaidMemberAccess" name="test_member_with_entitlement_can_load_course" time="0.469" /></testsuite></testsuites>