<?xml version="1.0" encoding="utf-8"?><testsuites name="pytest tests"><testsuite name="pytest" errors="0" failures="0" skipped="0" tests="37" time="13.114" timestamp="2026-08-22T13:47:24.869836+00:00" hostname="agent-env-aefaa5b9-f806-486a-8a94-361a815e43a8"><testcase classname="tests.test_iter55_label_rename_regression.TestJourneySpotChecks" name="test_diy_297_checkout" time="1.097" /><testcase classname="tests.test_iter53_two_stage_recruitment.TestCourseGating" name="test_six_modules_with_module_one" time="1.108" /><testcase classname="tests.test_iter55_label_rename_regression.TestJourneySpotChecks" name="test_dwy_1497_checkout" time="0.635" /><testcase classname="tests.test_iter53_two_stage_recruitment.TestCourseGating" name="test_progress_allowed_on_1_2_and_3" time="0.616" /><testcase classname="tests.test_iter53_two_stage_recruitment.TestCourseGating" name="test_progress_blocked_on_module_4" time="0.057" /><testcase classname="tests.test_iter55_label_rename_regression.TestJourneySpotChecks" name="test_unpaid_intake_context_blocked" time="0.044" /><testcase classname="tests.test_iter55_label_rename_regression.TestJourneySpotChecks" name="test_grandfathered_both_entitlement_count" time="0.001" /><testcase classname="tests.test_iter53_two_stage_recruitment.TestCheckoutSessions" name="test_diy_297_checkout" time="0.745" /><testcase classname="tests.test_iter53_two_stage_recruitment.TestCourseGating" name="test_workspace_gating_stage1" time="0.169" /><testcase classname="tests.test_iter53_two_stage_recruitment.TestCourseGating" name="test_unlock_after_selection_entitlement" time="1.008" /><testcase classname="tests.test_iter53_two_stage_recruitment.TestCheckoutSessions" name="test_dwy_1497_checkout" time="0.581" /><testcase classname="tests.test_iter53_two_stage_recruitment.TestCheckoutSessions" name="test_selection_onboarding_checkout" time="1.926" /><testcase classname="tests.test_iter55_label_rename_regression.TestRenameStrings" name="test_stage2_progress_403_uses_new_package_name" time="0.916" /><testcase classname="tests.test_iter55_label_rename_regression.TestRenameStrings" name="test_selection_checkout_metadata_and_stripe_product_name" time="1.337" /><testcase classname="tests.test_iter53_two_stage_recruitment.TestCheckoutSessions" name="test_selection_session_unpaid_cannot_claim" time="1.016" /><testcase classname="tests.test_iter55_label_rename_regression.TestRenameStrings" name="test_stage1_only_member_still_locked_out_of_stage2" time="0.717" /><testcase classname="tests.test_iter55_label_rename_regression.TestOtherFunnels" name="test_pages_load[/reactivate]" time="0.047" /><testcase classname="tests.test_iter55_label_rename_regression.TestOtherFunnels" name="test_pages_load[/activate]" time="0.055" /><testcase classname="tests.test_iter55_label_rename_regression.TestOtherFunnels" name="test_reactivation_project_checkout" time="0.864" /><testcase classname="tests.test_iter54_recruitment_verification.TestAStageOneAccess" name="test_intake_context_eligible_and_submit_redirect" time="1.103" /><testcase classname="tests.test_iter54_recruitment_verification.TestBSecondStage" name="test_selection_checkout_distinct_price" time="0.775" /><testcase classname="tests.test_iter54_recruitment_verification.TestAStageOneAccess" name="test_module_2_and_3_accessible_with_titles" time="0.165" /><testcase classname="tests.test_iter54_recruitment_verification.TestAStageOneAccess" name="test_stage_two_locked" time="0.590" /><testcase classname="tests.test_iter54_recruitment_verification.TestUnpaidProtection" name="test_bogus_and_missing_session_blocked" time="0.041" /><testcase classname="tests.test_iter54_recruitment_verification.TestUnpaidProtection" name="test_no_entitlement_member_403" time="0.550" /><testcase classname="tests.test_iter54_recruitment_verification.TestBSecondStage" name="test_unlock_after_entitlement_grant" time="1.437" /><testcase classname="tests.test_iter54_recruitment_verification.TestUnpaidProtection" name="test_register_with_unpaid_real_session_402" time="0.812" /><testcase classname="tests.test_iter53_two_stage_recruitment.TestIntakeRouting" name="test_diy_intake_context_and_submit" time="0.357" /><testcase classname="tests.test_iter54_recruitment_verification.TestBSecondStage" name="test_no_unrelated_entitlements" time="0.001" /><testcase classname="tests.test_iter54_recruitment_verification.TestOtherFunnelsRegression" name="test_pages_load[/reactivate]" time="0.118" /><testcase classname="tests.test_iter54_recruitment_verification.TestOtherFunnelsRegression" name="test_pages_load[/activate]" time="0.181" /><testcase classname="tests.test_iter54_recruitment_verification.TestOtherFunnelsRegression" name="test_reactivation_project_checkout" time="0.620" /><testcase classname="tests.test_iter53_two_stage_recruitment.TestIntakeRouting" name="test_dwy_intake_submit_calendly" time="0.579" /><testcase classname="tests.test_iter53_two_stage_recruitment.TestIntakeRouting" name="test_intake_context_rejects_bogus_session" time="0.060" /><testcase classname="tests.test_iter54_recruitment_verification.TestFirstStagePayment" name="test_diy_297_stripe_session" time="0.578" /><testcase classname="tests.test_iter54_recruitment_verification.TestGrandfathered" name="test_both_entitlement_members_count" time="0.009" /><testcase classname="tests.test_iter54_recruitment_verification.TestCDoWithUs" name="test_dwy_checkout_and_calendly_redirect" time="1.159" /></testsuite></testsuites>