<?xml version="1.0" encoding="utf-8"?><testsuites name="pytest tests"><testsuite name="pytest" errors="0" failures="1" skipped="0" tests="29" time="13.712" timestamp="2026-08-14T11:57:35.403477+00:00" hostname="agent-env-6f63e93d-f2cc-43d0-bb66-77ee15a3c3d8"><testcase classname="tests.test_batch1_activation.TestPublicFunnelActivation" name="test_creates_lead_with_offer_source" time="1.930" /><testcase classname="tests.test_batch1_activation.TestPublicFunnelActivation" name="test_missing_required_answer_blocked" time="0.092" /><testcase classname="tests.test_batch1_activation.TestPublicFunnelActivation" name="test_missing_required_top_level" time="0.102" /><testcase classname="tests.test_batch1_activation.TestActivationVideoConfig" name="test_config_default_empty" time="0.093" /><testcase classname="tests.test_batch1_activation.TestActivationVideoConfig" name="test_recruitment_reactivation_activation_isolated" time="0.299" /><testcase classname="tests.test_batch1_activation.TestActivationDIYCheckout" name="test_diy_activation_checkout" time="1.119" /><testcase classname="tests.test_batch1_activation.TestActivationProjectCheckout" name="test_project_activation_checkout" time="0.755" /><testcase classname="tests.test_batch1_activation.TestActivationIntakeGating" name="test_context_404_bogus" time="0.089" /><testcase classname="tests.test_batch1_activation.TestActivationIntakeGating" name="test_context_402_unpaid_diy" time="0.725" /><testcase classname="tests.test_batch1_activation.TestActivationIntakeGating" name="test_context_402_unpaid_dwm" time="0.797" /><testcase classname="tests.test_batch1_activation.TestActivationIntakeSubmit" name="test_diy_intake_submit_and_upsert" time="0.795" /><testcase classname="tests.test_batch1_activation.TestActivationIntakeSubmit" name="test_dwm_intake_submit_calendly_redirect" time="0.263" /><testcase classname="tests.test_batch1_activation.TestActivationIntakeSubmit" name="test_active_gt_present_rejected" time="0.104" /><testcase classname="tests.test_batch1_activation.TestActivationCourseEndpoints" name="test_courses_activation_401_no_auth" time="0.160" /><testcase classname="tests.test_batch1_activation.TestActivationCourseEndpoints" name="test_module_tester_403_activation" time="0.508" /><testcase classname="tests.test_batch1_activation.TestActivationCourseEndpoints" name="test_progress_activation_module6_rejected" time="0.507" /><testcase classname="tests.test_batch1_activation.TestActivationClaim" name="test_claim_diy_activation_grants_entitlement" time="0.979" /><testcase classname="tests.test_batch1_activation.TestActivationClaim" name="test_claim_diy_activation_seeded_paid_grants_entitlement" time="0.924" /><testcase classname="tests.test_batch1_activation.TestActivationClaim" name="test_claim_dwm_activation_rejected" time="1.118" /><testcase classname="tests.test_batch1_activation.TestClaimSourceHandlesActivation" name="test_diy_activation_branch_present_in_source" time="0.001"><failure message="AssertionError: BUG: claim_recruitment_purchase entitlement resolution does not handle offer_source='direct_diy_board_activation'.&#10;assert ('direct_diy_board_activation' in 'async def claim_recruitment_purchase(db, member: dict, session_id: str) -&gt; dict:\n    &quot;&quot;&quot;Server-side Stripe verification. Grants entitlement only when Stripe confirms payment.&quot;&quot;&quot;\n    stripe.api_key = os.environ[&quot;STRIPE_SECRET_KEY&quot;]\n    existing = await db.purchases.find_one({&quot;session_id&quot;: session_id}, {&quot;_id&quot;: 0})\n    if existing and existing[&quot;user_id&quot;] != member[&quot;user_id&quot;]:\n        raise HTTPException(status_code=409, detail=&quot;This purchase is already linked to a different account&quot;)\n    try:\n        session = stripe.checkout.Session.retrieve(session_id)\n    except stripe.StripeError as exc:\n        raise HTTPException(status_code=400, detail=&quot;We could not verify this purchase with Stripe&quot;) from exc\n    if session.payment_status != &quot;paid&quot;:\n        raise HTTPException(status_code=402, detail=&quot;This payment has not been completed yet&quot;)\n    metadata = session.metadata or {}\n    offer_source = metadata.get(&quot;offer_source&quot;, &quot;&quot;)\n    tier = metadata.get(&quot;selected_tier&quot;, &quot;&quot;)\n    if offer_source == &quot;recruit_with_rooney&quot; and tier == &quot;997&quot;:\n        entitlement = &quot;recruitment_self_guided&quot;\n        product_name = &quot;Recruit With Rooney&quot;\n    elif offer_source == &quot;direct_diy_board_re...er == &quot;497&quot;:\n        entitlement = &quot;reactivation_self_guided&quot;\n        product_name = &quot;Do It Yourself Board Reactivation&quot;\n    elif offer_source == &quot;recruitment&quot; and tier in TIER_ENTITLEMENTS:\n        entitlement = TIER_ENTITLEMENTS[tier]\n        product_name = TIER_PRODUCTS[tier]\n    else:\n        raise HTTPException(status_code=400, detail=&quot;This purchase is not a Recruitment program purchase&quot;)\n    lead_id = metadata.get(&quot;lead_id&quot;, &quot;&quot;)\n    now = datetime.now(timezone.utc).isoformat()\n    purchase = {\n        &quot;purchase_id&quot;: existing[&quot;purchase_id&quot;] if existing else new_uuid(),\n        &quot;user_id&quot;: member[&quot;user_id&quot;],\n        &quot;lead_id&quot;: lead_id,\n        &quot;stripe_customer_id&quot;: session.customer or &quot;&quot;,\n        &quot;session_id&quot;: session_id,\n        &quot;payment_intent_id&quot;: session.payment_intent or &quot;&quot;,\n        &quot;tier&quot;: tier,\n        &quot;product&quot;: product_name,\n        &quot;entitlement&quot;: entitlement,\n        &quot;amount&quot;: session.amount_total,\n        &quot;currency&quot;: session.currency,\n        &quot;payment_status&quot;: session.payment_status,\n        &quot;purchased_at&quot;: existing[&quot;purchased_at&quot;] if existing else now,\n        &quot;updated_at&quot;: now,\n    }\n    if offer_source == &quot;recruit_with_rooney&quot;:\n        ')">backend/tests/test_batch1_activation.py:435: in test_diy_activation_branch_present_in_source
    assert "direct_diy_board_activation" in entitlement_ladder and \
E   AssertionError: BUG: claim_recruitment_purchase entitlement resolution does not handle offer_source='direct_diy_board_activation'.
E   assert ('direct_diy_board_activation' in 'async def claim_recruitment_purchase(db, member: dict, session_id: str) -&gt; dict:\n    """Server-side Stripe verification. Grants entitlement only when Stripe confirms payment."""\n    stripe.api_key = os.environ["STRIPE_SECRET_KEY"]\n    existing = await db.purchases.find_one({"session_id": session_id}, {"_id": 0})\n    if existing and existing["user_id"] != member["user_id"]:\n        raise HTTPException(status_code=409, detail="This purchase is already linked to a different account")\n    try:\n        session = stripe.checkout.Session.retrieve(session_id)\n    except stripe.StripeError as exc:\n        raise HTTPException(status_code=400, detail="We could not verify this purchase with Stripe") from exc\n    if session.payment_status != "paid":\n        raise HTTPException(status_code=402, detail="This payment has not been completed yet")\n    metadata = session.metadata or {}\n    offer_source = metadata.get("offer_source", "")\n    tier = metadata.get("selected_tier", "")\n    if offer_source == "recruit_with_rooney" and tier == "997":\n        entitlement = "recruitment_self_guided"\n        product_name = "Recruit With Rooney"\n    elif offer_source == "direct_diy_board_re...er == "497":\n        entitlement = "reactivation_self_guided"\n        product_name = "Do It Yourself Board Reactivation"\n    elif offer_source == "recruitment" and tier in TIER_ENTITLEMENTS:\n        entitlement = TIER_ENTITLEMENTS[tier]\n        product_name = TIER_PRODUCTS[tier]\n    else:\n        raise HTTPException(status_code=400, detail="This purchase is not a Recruitment program purchase")\n    lead_id = metadata.get("lead_id", "")\n    now = datetime.now(timezone.utc).isoformat()\n    purchase = {\n        "purchase_id": existing["purchase_id"] if existing else new_uuid(),\n        "user_id": member["user_id"],\n        "lead_id": lead_id,\n        "stripe_customer_id": session.customer or "",\n        "session_id": session_id,\n        "payment_intent_id": session.payment_intent or "",\n        "tier": tier,\n        "product": product_name,\n        "entitlement": entitlement,\n        "amount": session.amount_total,\n        "currency": session.currency,\n        "payment_status": session.payment_status,\n        "purchased_at": existing["purchased_at"] if existing else now,\n        "updated_at": now,\n    }\n    if offer_source == "recruit_with_rooney":\n        ')</failure></testcase><testcase classname="tests.test_batch1_activation.TestRegression" name="test_diy_recruitment_still_works" time="0.613" /><testcase classname="tests.test_batch1_activation.TestRegression" name="test_diy_reactivation_still_works" time="0.697" /><testcase classname="tests.test_batch1_activation.TestRegression" name="test_recruit_funnel_still_works" time="0.091" /><testcase classname="tests.test_batch1_activation.TestPublicRoutes" name="test_route_returns_html[/activate]" time="0.135" /><testcase classname="tests.test_batch1_activation.TestPublicRoutes" name="test_route_returns_html[/activate-with-rooney]" time="0.134" /><testcase classname="tests.test_batch1_activation.TestPublicRoutes" name="test_route_returns_html[/activate-your-board-yourself]" time="0.119" /><testcase classname="tests.test_batch1_activation.TestPublicRoutes" name="test_route_returns_html[/board-activation-proposal]" time="0.103" /><testcase classname="tests.test_batch1_activation.TestPublicRoutes" name="test_route_returns_html[/board-activation-intake]" time="0.138" /><testcase classname="tests.test_batch1_activation.TestPublicRoutes" name="test_route_returns_html[/activation-start-here]" time="0.140" /></testsuite></testsuites>