<?xml version="1.0" encoding="utf-8"?><testsuites name="pytest tests"><testsuite name="pytest" errors="0" failures="0" skipped="0" tests="12" time="5.735" timestamp="2026-08-22T11:42:24.633634+00:00" hostname="agent-env-aefaa5b9-f806-486a-8a94-361a815e43a8"><testcase classname="tests.test_iter53_two_stage_recruitment.TestCheckoutSessions" name="test_diy_297_checkout" time="1.470" /><testcase classname="tests.test_iter53_two_stage_recruitment.TestCourseGating" name="test_five_modules_no_module_one" time="1.245" /><testcase classname="tests.test_iter53_two_stage_recruitment.TestCourseGating" name="test_progress_allowed_on_2_and_3" time="0.127" /><testcase classname="tests.test_iter53_two_stage_recruitment.TestCourseGating" name="test_progress_blocked_on_module_4" time="0.040" /><testcase classname="tests.test_iter53_two_stage_recruitment.TestCourseGating" name="test_workspace_gating_stage1" time="0.691" /><testcase classname="tests.test_iter53_two_stage_recruitment.TestCheckoutSessions" name="test_dwy_1497_checkout" time="0.740" /><testcase classname="tests.test_iter53_two_stage_recruitment.TestCourseGating" name="test_unlock_after_selection_entitlement" time="0.909" /><testcase classname="tests.test_iter53_two_stage_recruitment.TestCheckoutSessions" name="test_selection_onboarding_checkout" time="1.652" /><testcase classname="tests.test_iter53_two_stage_recruitment.TestIntakeRouting" name="test_diy_intake_context_and_submit" time="0.879" /><testcase classname="tests.test_iter53_two_stage_recruitment.TestCheckoutSessions" name="test_selection_session_unpaid_cannot_claim" time="0.935" /><testcase classname="tests.test_iter53_two_stage_recruitment.TestIntakeRouting" name="test_dwy_intake_submit_calendly" time="0.900" /><testcase classname="tests.test_iter53_two_stage_recruitment.TestIntakeRouting" name="test_intake_context_rejects_bogus_session" time="0.043" /></testsuite></testsuites>