<?xml version="1.0" encoding="utf-8"?><testsuites name="pytest tests"><testsuite name="pytest" errors="0" failures="0" skipped="0" tests="24" time="79.215" timestamp="2026-08-14T09:05:36.980293+00:00" hostname="agent-env-dd120449-c5aa-422d-b224-17ebd907f0b9"><testcase classname="tests.test_iter35_conversation_ai_and_step4" name="test_A1_generation_completes_with_substantial_content" time="73.494" /><testcase classname="tests.test_iter35_conversation_ai_and_step4" name="test_A2_correct_board_member_name" time="0.000" /><testcase classname="tests.test_iter35_conversation_ai_and_step4" name="test_A3_exact_recommitment_quoted" time="0.002" /><testcase classname="tests.test_iter35_conversation_ai_and_step4" name="test_A4_organization_reactivation_context_used" time="0.000" /><testcase classname="tests.test_iter35_conversation_ai_and_step4" name="test_A5_script_adapts_to_clarity_seeking_response" time="0.000" /><testcase classname="tests.test_iter35_conversation_ai_and_step4" name="test_A6_no_invented_motives_or_psychology" time="0.000" /><testcase classname="tests.test_iter35_conversation_ai_and_step4" name="test_A7_no_invented_governance_legal_procedure" time="0.000" /><testcase classname="tests.test_iter35_conversation_ai_and_step4" name="test_A8_founder_remains_decision_maker" time="0.000" /><testcase classname="tests.test_iter35_conversation_ai_and_step4" name="test_A9_structured_sections_present" time="0.001" /><testcase classname="tests.test_iter35_conversation_ai_and_step4" name="test_A10_no_generic_ai_language" time="0.000" /><testcase classname="tests.test_iter35_conversation_ai_and_step4" name="test_A11_conclusion_and_outcome_remain_founder_driven" time="0.223" /><testcase classname="tests.test_iter35_conversation_ai_and_step4" name="test_B1_self_guided_course_module4_loads" time="0.097" /><testcase classname="tests.test_iter35_conversation_ai_and_step4" name="test_B2_step3_and_myboard_share_same_member_ids" time="0.276" /><testcase classname="tests.test_iter35_conversation_ai_and_step4" name="test_B3_conversation_data_preserved_on_records" time="0.112" /><testcase classname="tests.test_iter35_conversation_ai_and_step4" name="test_B4_stepping_down_blocked_from_portfolio" time="0.107" /><testcase classname="tests.test_iter35_conversation_ai_and_step4" name="test_B5_conversation_script_not_in_public_endpoints" time="0.114" /><testcase classname="tests.test_iter35_conversation_ai_and_step4" name="test_B6_tenant_isolation_cross_founder_404" time="0.586" /><testcase classname="tests.test_iter35_conversation_ai_and_step4" name="test_N1_batch1_funnel_lead" time="1.421" /><testcase classname="tests.test_iter35_conversation_ai_and_step4" name="test_N2_batch2_public_recommitment_form" time="0.117" /><testcase classname="tests.test_iter35_conversation_ai_and_step4" name="test_N3_batch3_step3" time="0.097" /><testcase classname="tests.test_iter35_conversation_ai_and_step4" name="test_N4_recruitment_only_403_on_my_board" time="0.423" /><testcase classname="tests.test_iter35_conversation_ai_and_step4" name="test_N5_recruitment_only_can_access_own_course" time="0.112" /><testcase classname="tests.test_iter35_conversation_ai_and_step4" name="test_N6_auth_login_works" time="0.361" /><testcase classname="tests.test_iter35_conversation_ai_and_step4" name="test_N7_admin_reactivation_overview" time="0.470" /></testsuite></testsuites>