<?xml version="1.0" encoding="utf-8"?><testsuites name="pytest tests"><testsuite name="pytest" errors="0" failures="0" skipped="0" tests="11" time="4.786" timestamp="2026-08-11T19:24:47.078680+00:00" hostname="agent-env-bb24713a-9226-4066-956f-ee71e92ce731"><testcase classname="tests.test_batch3_verification" name="test_strategy_intake_persistence" time="0.863" /><testcase classname="tests.test_batch3_verification" name="test_strategy_pdf_download" time="0.502" /><testcase classname="tests.test_batch3_verification" name="test_public_opportunity_view_intro_sentences" time="0.185" /><testcase classname="tests.test_batch3_verification" name="test_decision_do_not_move_forward" time="0.197" /><testcase classname="tests.test_batch3_verification" name="test_decision_move_forward_idempotent_and_agreement_gating" time="0.293" /><testcase classname="tests.test_batch3_verification" name="test_decision_bad_payload" time="0.132" /><testcase classname="tests.test_batch3_verification" name="test_sign_get_returns_branded_record" time="0.138" /><testcase classname="tests.test_batch3_verification" name="test_sign_drawn_requires_signature_image" time="0.137" /><testcase classname="tests.test_batch3_verification" name="test_sign_typed_and_immutability" time="1.062" /><testcase classname="tests.test_batch3_verification" name="test_sign_cross_token_isolation" time="0.154" /><testcase classname="tests.test_batch3_verification" name="test_results_route_serves_html" time="0.113" /></testsuite></testsuites>