<?xml version="1.0" encoding="utf-8"?><testsuites name="pytest tests"><testsuite name="pytest" errors="0" failures="0" skipped="0" tests="15" time="6.654" timestamp="2026-08-22T12:02:48.510843+00:00" hostname="agent-env-aefaa5b9-f806-486a-8a94-361a815e43a8"><testcase classname="tests.test_iter54_recruitment_verification.TestBSecondStage" name="test_selection_checkout_distinct_price" time="1.437" /><testcase classname="tests.test_iter54_recruitment_verification.TestAStageOneAccess" name="test_intake_context_eligible_and_submit_redirect" time="1.476" /><testcase classname="tests.test_iter54_recruitment_verification.TestAStageOneAccess" name="test_module_2_and_3_accessible_with_titles" time="0.362" /><testcase classname="tests.test_iter54_recruitment_verification.TestBSecondStage" name="test_unlock_after_entitlement_grant" time="0.399" /><testcase classname="tests.test_iter54_recruitment_verification.TestBSecondStage" name="test_no_unrelated_entitlements" time="0.001" /><testcase classname="tests.test_iter54_recruitment_verification.TestUnpaidProtection" name="test_bogus_and_missing_session_blocked" time="0.043" /><testcase classname="tests.test_iter54_recruitment_verification.TestAStageOneAccess" name="test_stage_two_locked" time="0.349" /><testcase classname="tests.test_iter54_recruitment_verification.TestUnpaidProtection" name="test_no_entitlement_member_403" time="0.389" /><testcase classname="tests.test_iter54_recruitment_verification.TestOtherFunnelsRegression" name="test_pages_load[/reactivate]" time="0.098" /><testcase classname="tests.test_iter54_recruitment_verification.TestUnpaidProtection" name="test_register_with_unpaid_real_session_402" time="1.666" /><testcase classname="tests.test_iter54_recruitment_verification.TestOtherFunnelsRegression" name="test_pages_load[/activate]" time="0.097" /><testcase classname="tests.test_iter54_recruitment_verification.TestOtherFunnelsRegression" name="test_reactivation_project_checkout" time="1.461" /><testcase classname="tests.test_iter54_recruitment_verification.TestGrandfathered" name="test_both_entitlement_members_count" time="0.004" /><testcase classname="tests.test_iter54_recruitment_verification.TestFirstStagePayment" name="test_diy_297_stripe_session" time="0.584" /><testcase classname="tests.test_iter54_recruitment_verification.TestCDoWithUs" name="test_dwy_checkout_and_calendly_redirect" time="1.133" /></testsuite></testsuites>