<?xml version="1.0" encoding="utf-8"?><testsuites name="pytest tests"><testsuite name="pytest" errors="0" failures="0" skipped="0" tests="15" time="4.455" timestamp="2026-08-11T20:55:28.396940+00:00" hostname="agent-env-bb24713a-9226-4066-956f-ee71e92ce731"><testcase classname="tests.test_iteration16_org_mission_gate" name="test_generate_without_mission_returns_422" time="1.000" /><testcase classname="tests.test_iteration16_org_mission_gate" name="test_generate_after_setting_mission_passes_gate" time="0.442" /><testcase classname="tests.test_iteration16_org_mission_gate" name="test_material_pdf_unauth_returns_401" time="0.190" /><testcase classname="tests.test_iteration16_org_mission_gate" name="test_material_pdf_cross_tenant_returns_404" time="0.122" /><testcase classname="tests.test_iteration16_org_mission_gate" name="test_material_pdf_valid_branded" time="0.154" /><testcase classname="tests.test_iteration16_org_mission_gate" name="test_put_branding_and_strategy_pdf_reflects" time="0.248" /><testcase classname="tests.test_iteration16_org_mission_gate" name="test_shared_returns_branding_and_org" time="0.106" /><testcase classname="tests.test_iteration16_org_mission_gate" name="test_shared_bad_token_404" time="0.121" /><testcase classname="tests.test_iteration16_org_mission_gate" name="test_list_signatures_includes_token" time="0.134" /><testcase classname="tests.test_iteration16_org_mission_gate" name="test_sign_get_returns_branding" time="0.169" /><testcase classname="tests.test_iteration16_org_mission_gate" name="test_sign_drawn_without_image_returns_422" time="0.109" /><testcase classname="tests.test_iteration16_org_mission_gate" name="test_sign_uploaded_without_image_returns_422" time="0.125" /><testcase classname="tests.test_iteration16_org_mission_gate" name="test_sign_uploaded_method_success_and_second_409" time="0.728" /><testcase classname="tests.test_iteration16_org_mission_gate" name="test_conditional_offer_blocked_when_docs_not_approved" time="0.403" /><testcase classname="tests.test_iteration16_org_mission_gate" name="test_put_and_get_onboarding_session" time="0.272" /></testsuite></testsuites>