<?xml version="1.0" encoding="utf-8"?><testsuites name="pytest tests"><testsuite name="pytest" errors="0" failures="1" skipped="0" tests="24" time="70.108" timestamp="2026-08-14T08:53:33.195039+00:00" hostname="agent-env-dd120449-c5aa-422d-b224-17ebd907f0b9"><testcase classname="tests.test_iter35_conversation_ai_and_step4" name="test_A1_generation_completes_with_substantial_content" time="64.887" /><testcase classname="tests.test_iter35_conversation_ai_and_step4" name="test_A2_correct_board_member_name" time="0.001" /><testcase classname="tests.test_iter35_conversation_ai_and_step4" name="test_A3_exact_recommitment_quoted" time="0.001" /><testcase classname="tests.test_iter35_conversation_ai_and_step4" name="test_A4_organization_reactivation_context_used" time="0.001"><failure message="AssertionError: Organization name absent from script&#10;assert ('UITest Nonprofit' in 'DIFFICULT CONVERSATION SCRIPT\n\nBoard Member: TEST Batch3 Sarah Recommit\nCurrent Board Role: Board Member — Community Outreach\nRecommitment Response: Yes — but I need greater clarity about my role and responsibilities.\n\nBEFORE YOU SPEAK WITH TEST\n\nWhat They Told You\nTEST has 10+ years of experience in nonprofit and healthcare settings, currently serving as a Program Director at Community Health Initiative. She joined the board because she cares about the mission and was invited by a friend. She expected to contribute strategic guidance and community connections, but says her role has only been somewhat clear and she would benefit from a written role description with clearer committee expectations. She has 3 prior nonprofit board experiences, participates in strategy sessions, and attended the last one. Her primary participation barrier is meeting times that sometimes conflict with work travel. She is available 5 to 7 hours per month, can attend most meetings, and is interested in owning community engagement and fundraising events. She is comfortable making introductions. She expressed interest in chairing the outreach committee and would like an onboarding refresher and ...fined differently and would need to be structured clearly — and that you are open to that conversation if she wants to explore it.\n\n8. CLOSE WITH CLEAR NEXT STEPS\nClose the conversation by summarizing what was agreed. Name the specific area or areas she is committing to own, confirm what the organization will provide — written role description, committee scope, onboarding refresher — and set a date by which those materials will be in her hands. If she is taking on the community engagement working group or outreach committee leadership, agree on a 90-day check-in. If any part of the commitment remains open — such as the committee chair decision — set a specific date by which she will confirm. If the conversation surfaced interest in exploring an advisory role instead, note that as a follow-up item and agree on how that conversation will happen. End by thanking her for her honesty and for the community connections and experience she brings. After this conversation, record the actual conclusion — what she committed to, what remains open, and what the next step is — in the Conversation Conclusion field. Do not rely on memory or assume the form response reflects the final decision.' or 'UITest' in 'DIFFICULT CONVERSATION SCRIPT\n\nBoard Member: TEST Batch3 Sarah Recommit\nCurrent Board Role: Board Member — Community Outreach\nRecommitment Response: Yes — but I need greater clarity about my role and responsibilities.\n\nBEFORE YOU SPEAK WITH TEST\n\nWhat They Told You\nTEST has 10+ years of experience in nonprofit and healthcare settings, currently serving as a Program Director at Community Health Initiative. She joined the board because she cares about the mission and was invited by a friend. She expected to contribute strategic guidance and community connections, but says her role has only been somewhat clear and she would benefit from a written role description with clearer committee expectations. She has 3 prior nonprofit board experiences, participates in strategy sessions, and attended the last one. Her primary participation barrier is meeting times that sometimes conflict with work travel. She is available 5 to 7 hours per month, can attend most meetings, and is interested in owning community engagement and fundraising events. She is comfortable making introductions. She expressed interest in chairing the outreach committee and would like an onboarding refresher and ...fined differently and would need to be structured clearly — and that you are open to that conversation if she wants to explore it.\n\n8. CLOSE WITH CLEAR NEXT STEPS\nClose the conversation by summarizing what was agreed. Name the specific area or areas she is committing to own, confirm what the organization will provide — written role description, committee scope, onboarding refresher — and set a date by which those materials will be in her hands. If she is taking on the community engagement working group or outreach committee leadership, agree on a 90-day check-in. If any part of the commitment remains open — such as the committee chair decision — set a specific date by which she will confirm. If the conversation surfaced interest in exploring an advisory role instead, note that as a follow-up item and agree on how that conversation will happen. End by thanking her for her honesty and for the community connections and experience she brings. After this conversation, record the actual conclusion — what she committed to, what remains open, and what the next step is — in the Conversation Conclusion field. Do not rely on memory or assume the form response reflects the final decision.')">backend/tests/test_iter35_conversation_ai_and_step4.py:128: in test_A4_organization_reactivation_context_used
    assert "UITest Nonprofit" in text or "UITest" in text, "Organization name absent from script"
E   AssertionError: Organization name absent from script
E   assert ('UITest Nonprofit' in 'DIFFICULT CONVERSATION SCRIPT\n\nBoard Member: TEST Batch3 Sarah Recommit\nCurrent Board Role: Board Member — Community Outreach\nRecommitment Response: Yes — but I need greater clarity about my role and responsibilities.\n\nBEFORE YOU SPEAK WITH TEST\n\nWhat They Told You\nTEST has 10+ years of experience in nonprofit and healthcare settings, currently serving as a Program Director at Community Health Initiative. She joined the board because she cares about the mission and was invited by a friend. She expected to contribute strategic guidance and community connections, but says her role has only been somewhat clear and she would benefit from a written role description with clearer committee expectations. She has 3 prior nonprofit board experiences, participates in strategy sessions, and attended the last one. Her primary participation barrier is meeting times that sometimes conflict with work travel. She is available 5 to 7 hours per month, can attend most meetings, and is interested in owning community engagement and fundraising events. She is comfortable making introductions. She expressed interest in chairing the outreach committee and would like an onboarding refresher and ...fined differently and would need to be structured clearly — and that you are open to that conversation if she wants to explore it.\n\n8. CLOSE WITH CLEAR NEXT STEPS\nClose the conversation by summarizing what was agreed. Name the specific area or areas she is committing to own, confirm what the organization will provide — written role description, committee scope, onboarding refresher — and set a date by which those materials will be in her hands. If she is taking on the community engagement working group or outreach committee leadership, agree on a 90-day check-in. If any part of the commitment remains open — such as the committee chair decision — set a specific date by which she will confirm. If the conversation surfaced interest in exploring an advisory role instead, note that as a follow-up item and agree on how that conversation will happen. End by thanking her for her honesty and for the community connections and experience she brings. After this conversation, record the actual conclusion — what she committed to, what remains open, and what the next step is — in the Conversation Conclusion field. Do not rely on memory or assume the form response reflects the final decision.' or 'UITest' in 'DIFFICULT CONVERSATION SCRIPT\n\nBoard Member: TEST Batch3 Sarah Recommit\nCurrent Board Role: Board Member — Community Outreach\nRecommitment Response: Yes — but I need greater clarity about my role and responsibilities.\n\nBEFORE YOU SPEAK WITH TEST\n\nWhat They Told You\nTEST has 10+ years of experience in nonprofit and healthcare settings, currently serving as a Program Director at Community Health Initiative. She joined the board because she cares about the mission and was invited by a friend. She expected to contribute strategic guidance and community connections, but says her role has only been somewhat clear and she would benefit from a written role description with clearer committee expectations. She has 3 prior nonprofit board experiences, participates in strategy sessions, and attended the last one. Her primary participation barrier is meeting times that sometimes conflict with work travel. She is available 5 to 7 hours per month, can attend most meetings, and is interested in owning community engagement and fundraising events. She is comfortable making introductions. She expressed interest in chairing the outreach committee and would like an onboarding refresher and ...fined differently and would need to be structured clearly — and that you are open to that conversation if she wants to explore it.\n\n8. CLOSE WITH CLEAR NEXT STEPS\nClose the conversation by summarizing what was agreed. Name the specific area or areas she is committing to own, confirm what the organization will provide — written role description, committee scope, onboarding refresher — and set a date by which those materials will be in her hands. If she is taking on the community engagement working group or outreach committee leadership, agree on a 90-day check-in. If any part of the commitment remains open — such as the committee chair decision — set a specific date by which she will confirm. If the conversation surfaced interest in exploring an advisory role instead, note that as a follow-up item and agree on how that conversation will happen. End by thanking her for her honesty and for the community connections and experience she brings. After this conversation, record the actual conclusion — what she committed to, what remains open, and what the next step is — in the Conversation Conclusion field. Do not rely on memory or assume the form response reflects the final decision.')</failure></testcase><testcase classname="tests.test_iter35_conversation_ai_and_step4" name="test_A5_script_adapts_to_clarity_seeking_response" time="0.000" /><testcase classname="tests.test_iter35_conversation_ai_and_step4" name="test_A6_no_invented_motives_or_psychology" time="0.000" /><testcase classname="tests.test_iter35_conversation_ai_and_step4" name="test_A7_no_invented_governance_legal_procedure" time="0.000" /><testcase classname="tests.test_iter35_conversation_ai_and_step4" name="test_A8_founder_remains_decision_maker" time="0.000" /><testcase classname="tests.test_iter35_conversation_ai_and_step4" name="test_A9_structured_sections_present" time="0.001" /><testcase classname="tests.test_iter35_conversation_ai_and_step4" name="test_A10_no_generic_ai_language" time="0.000" /><testcase classname="tests.test_iter35_conversation_ai_and_step4" name="test_A11_conclusion_and_outcome_remain_founder_driven" time="0.443" /><testcase classname="tests.test_iter35_conversation_ai_and_step4" name="test_B1_self_guided_course_module4_loads" time="0.108" /><testcase classname="tests.test_iter35_conversation_ai_and_step4" name="test_B2_step3_and_myboard_share_same_member_ids" time="0.290" /><testcase classname="tests.test_iter35_conversation_ai_and_step4" name="test_B3_conversation_data_preserved_on_records" time="0.130" /><testcase classname="tests.test_iter35_conversation_ai_and_step4" name="test_B4_stepping_down_blocked_from_portfolio" time="0.143" /><testcase classname="tests.test_iter35_conversation_ai_and_step4" name="test_B5_conversation_script_not_in_public_endpoints" time="0.125" /><testcase classname="tests.test_iter35_conversation_ai_and_step4" name="test_B6_tenant_isolation_cross_founder_404" time="0.623" /><testcase classname="tests.test_iter35_conversation_ai_and_step4" name="test_N1_batch1_funnel_lead" time="1.544" /><testcase classname="tests.test_iter35_conversation_ai_and_step4" name="test_N2_batch2_public_recommitment_form" time="0.100" /><testcase classname="tests.test_iter35_conversation_ai_and_step4" name="test_N3_batch3_step3" time="0.111" /><testcase classname="tests.test_iter35_conversation_ai_and_step4" name="test_N4_recruitment_only_403_on_my_board" time="0.482" /><testcase classname="tests.test_iter35_conversation_ai_and_step4" name="test_N5_recruitment_only_can_access_own_course" time="0.134" /><testcase classname="tests.test_iter35_conversation_ai_and_step4" name="test_N6_auth_login_works" time="0.338" /><testcase classname="tests.test_iter35_conversation_ai_and_step4" name="test_N7_admin_reactivation_overview" time="0.457" /></testsuite></testsuites>