<?xml version="1.0" encoding="utf-8"?><testsuites name="pytest tests"><testsuite name="pytest" errors="0" failures="0" skipped="0" tests="7" time="3.400" timestamp="2026-08-11T04:51:18.898402+00:00" hostname="agent-env-bb24713a-9226-4066-956f-ee71e92ce731"><testcase classname="tests.test_modules_1_to_6_refactor" name="test_unauth_workspace_applications_401" time="0.202" /><testcase classname="tests.test_modules_1_to_6_refactor" name="test_generate_standard_application_and_readiness" time="0.474" /><testcase classname="tests.test_modules_1_to_6_refactor" name="test_external_applicant_name_only" time="0.148" /><testcase classname="tests.test_modules_1_to_6_refactor" name="test_external_applicant_missing_name_422" time="0.044" /><testcase classname="tests.test_modules_1_to_6_refactor" name="test_generation_registry_module_assignments" time="1.478" /><testcase classname="tests.test_modules_1_to_6_refactor" name="test_external_applicant_signature_name_only_required" time="0.197" /><testcase classname="tests.test_modules_1_to_6_refactor" name="test_publish_endpoint_exists_but_not_called" time="0.066" /></testsuite></testsuites>