<?xml version="1.0" encoding="utf-8"?><testsuites name="pytest tests"><testsuite name="pytest" errors="0" failures="0" skipped="0" tests="17" time="40.755" timestamp="2026-08-11T03:02:42.814485+00:00" hostname="agent-env-bb24713a-9226-4066-956f-ee71e92ce731"><testcase classname="tests.test_reference_library.TestReferenceLibraryAccess" name="test_list_without_cookie_401" time="0.210" /><testcase classname="tests.test_reference_library.TestReferenceLibraryAccess" name="test_post_without_cookie_401" time="0.110" /><testcase classname="tests.test_reference_library.TestReferenceLibraryAccess" name="test_patch_without_cookie_401" time="0.107" /><testcase classname="tests.test_reference_library.TestReferenceLibraryAccess" name="test_delete_without_cookie_401" time="0.123" /><testcase classname="tests.test_reference_library.TestReferenceLibraryAccess" name="test_list_with_member_cookie_forbidden" time="0.473" /><testcase classname="tests.test_reference_library.TestReferenceLibraryAccess" name="test_post_with_member_cookie_forbidden" time="0.044" /><testcase classname="tests.test_reference_library.TestReferenceLibraryAccess" name="test_list_with_admin_cookie_ok" time="0.359" /><testcase classname="tests.test_reference_library.TestReferenceRoundTrip" name="test_upload_test_txt" time="0.082" /><testcase classname="tests.test_reference_library.TestReferenceRoundTrip" name="test_listed_unapproved" time="0.045" /><testcase classname="tests.test_reference_library.TestReferenceRoundTrip" name="test_patch_module_9_returns_422" time="0.042" /><testcase classname="tests.test_reference_library.TestReferenceRoundTrip" name="test_approve_then_delete" time="0.133" /><testcase classname="tests.test_reference_library.TestReferenceRetrievalGating" name="test_unapproved_returns_empty" time="1.488" /><testcase classname="tests.test_reference_library.TestReferenceRetrievalGating" name="test_approved_returns_rules_and_content" time="0.004" /><testcase classname="tests.test_reference_library.TestReferenceRetrievalGating" name="test_revoke_founder_end_state" time="0.001" /><testcase classname="tests.test_reference_library.TestModule1Blueprint" name="test_generate_blueprint" time="37.406" /><testcase classname="tests.test_reference_library.TestModule1Blueprint" name="test_privacy_spot_check" time="0.000" /><testcase classname="tests.test_reference_library.TestModule1Blueprint" name="test_cleanup_test_data" time="0.006" /></testsuite></testsuites>