<?xml version="1.0" encoding="utf-8"?><testsuites name="pytest tests"><testsuite name="pytest" errors="0" failures="0" skipped="0" tests="15" time="5.333" timestamp="2026-08-11T16:17:37.260979+00:00" hostname="agent-env-bb24713a-9226-4066-956f-ee71e92ce731"><testcase classname="tests.test_batch11_final_verification" name="test_recruit_page_loads" time="0.149" /><testcase classname="tests.test_batch11_final_verification" name="test_recruit_checkout_page_loads" time="0.164" /><testcase classname="tests.test_batch11_final_verification" name="test_recruit_process_page_loads" time="0.129" /><testcase classname="tests.test_batch11_final_verification" name="test_funnel_config_has_advisory_option" time="0.001" /><testcase classname="tests.test_batch11_final_verification" name="test_testimonial_cyrena_quote_updated" time="0.000" /><testcase classname="tests.test_batch11_final_verification" name="test_six_stage_names_locked_in_source" time="0.009" /><testcase classname="tests.test_batch11_final_verification" name="test_review_progress_get_without_admin_returns_null" time="0.132" /><testcase classname="tests.test_batch11_final_verification" name="test_review_progress_post_without_admin_401" time="0.138" /><testcase classname="tests.test_batch11_final_verification" name="test_review_progress_full_cycle" time="1.162" /><testcase classname="tests.test_batch11_final_verification" name="test_csv_import_unauth_401" time="0.123" /><testcase classname="tests.test_batch11_final_verification" name="test_csv_import_requires_consent" time="0.060" /><testcase classname="tests.test_batch11_final_verification" name="test_csv_import_preview_no_writes" time="0.122" /><testcase classname="tests.test_batch11_final_verification" name="test_csv_import_commit_and_dedupe" time="2.288" /><testcase classname="tests.test_batch11_final_verification" name="test_workspace_opportunity_get_auto_creates" time="0.065" /><testcase classname="tests.test_batch11_final_verification" name="test_public_application_page_loads_or_404" time="0.204" /></testsuite></testsuites>