<?xml version="1.0" encoding="utf-8"?><testsuites name="pytest tests"><testsuite name="pytest" errors="0" failures="0" skipped="0" tests="28" time="43.487" timestamp="2026-08-14T10:10:57.352587+00:00" hostname="agent-env-dd120449-c5aa-422d-b224-17ebd907f0b9"><testcase classname="tests.test_batch5_reactivation_myboard.TestMyBoard" name="test_unauth_401" time="0.167" /><testcase classname="tests.test_batch5_reactivation_myboard.TestMyBoard" name="test_recruitment_only_403" time="0.427" /><testcase classname="tests.test_batch5_reactivation_myboard.TestMyBoard" name="test_shape_and_groups" time="0.486" /><testcase classname="tests.test_batch5_reactivation_myboard.TestMyBoard" name="test_stepping_down_portfolio_returns_409" time="0.132" /><testcase classname="tests.test_batch5_reactivation_myboard.TestMyBoard" name="test_no_duplicate_members_from_myboard_calls" time="0.344" /><testcase classname="tests.test_batch5_reactivation_myboard.TestPortfolioLive" name="test_generate_active_portfolio_live" time="33.823" /><testcase classname="tests.test_batch5_reactivation_myboard.TestPortfolioLive" name="test_workflow_edit_approve_pdf_no_ai" time="0.534" /><testcase classname="tests.test_batch5_reactivation_myboard.TestPortfolioLive" name="test_public_portfolio_and_pdf" time="0.352" /><testcase classname="tests.test_batch5_reactivation_myboard.TestPortfolioLive" name="test_public_wrong_token_404" time="0.119" /><testcase classname="tests.test_batch5_reactivation_myboard.TestPortfolioLive" name="test_draft_portfolio_not_public" time="0.098" /><testcase classname="tests.test_batch5_reactivation_myboard.TestPortfolioLive" name="test_portfolio_email_preview" time="0.123" /><testcase classname="tests.test_batch5_reactivation_myboard.TestPortfolioLive" name="test_portfolio_email_send" time="0.453" /><testcase classname="tests.test_batch5_reactivation_myboard.TestPortfolioLive" name="test_version_safety_edit_after_send_returns_to_draft" time="0.562" /><testcase classname="tests.test_batch5_reactivation_myboard.TestPortfolioLive" name="test_cross_tenant_portfolio_404" time="0.566" /><testcase classname="tests.test_batch5_reactivation_myboard.TestAdvisoryEmailSubject" name="test_advisory_subject" time="0.096" /><testcase classname="tests.test_batch5_reactivation_myboard.TestAccountability" name="test_stage_emails_portfolios_cta" time="0.223" /><testcase classname="tests.test_batch5_reactivation_myboard.TestAccountability" name="test_enrollment_only_for_diy_497" time="0.010" /><testcase classname="tests.test_batch5_reactivation_myboard.TestAccountability" name="test_process_ignore_window_no_real_send" time="0.013" /><testcase classname="tests.test_batch5_reactivation_myboard.TestAccountability" name="test_refunded_ends_engagement" time="0.002" /><testcase classname="tests.test_batch5_reactivation_myboard.TestNurture" name="test_flag_is_false_and_excluded" time="1.860" /><testcase classname="tests.test_batch5_reactivation_myboard.TestNurture" name="test_templates_exact" time="0.000" /><testcase classname="tests.test_batch5_reactivation_myboard.TestNurture" name="test_purchase_sources_and_stop" time="0.005" /><testcase classname="tests.test_batch5_reactivation_myboard.TestVideoReadiness" name="test_direct_reactivation_config_empty_video" time="0.133" /><testcase classname="tests.test_batch5_reactivation_myboard.TestVideoReadiness" name="test_no_course_videos_for_reactivation" time="0.001" /><testcase classname="tests.test_batch5_reactivation_myboard.TestRegression" name="test_funnel_lead_reactivation" time="1.431" /><testcase classname="tests.test_batch5_reactivation_myboard.TestRegression" name="test_roster_and_step3" time="0.262" /><testcase classname="tests.test_batch5_reactivation_myboard.TestRegression" name="test_admin_overview" time="0.483" /><testcase classname="tests.test_batch5_reactivation_myboard.TestRegression" name="test_recruitment_member_still_works" time="0.642" /></testsuite></testsuites>