<?xml version="1.0" encoding="utf-8"?><testsuites name="pytest tests"><testsuite name="pytest" errors="0" failures="0" skipped="0" tests="60" time="22.622" timestamp="2026-08-14T12:47:38.682912+00:00" hostname="agent-env-6f63e93d-f2cc-43d0-bb66-77ee15a3c3d8"><testcase classname="tests.test_batch1_activation.TestPublicRoutes" name="test_route_returns_html[/activate]" time="0.347" /><testcase classname="tests.test_batch_intake_e2e.TestRoutes" name="test_route_returns_html[/]" time="0.308" /><testcase classname="tests.test_batch_intake_e2e.TestRoutes" name="test_route_returns_html[/about-rooney]" time="0.137" /><testcase classname="tests.test_batch1_activation.TestPublicRoutes" name="test_route_returns_html[/activate-with-rooney]" time="0.221" /><testcase classname="tests.test_batch_intake_e2e.TestRoutes" name="test_route_returns_html[/recruit-your-board-yourself]" time="0.150" /><testcase classname="tests.test_batch1_activation.TestPublicRoutes" name="test_route_returns_html[/activate-your-board-yourself]" time="0.250" /><testcase classname="tests.test_batch_intake_e2e.TestRoutes" name="test_route_returns_html[/board-recruitment-proposal]" time="0.121" /><testcase classname="tests.test_batch_intake_e2e.TestRoutes" name="test_route_returns_html[/board-recruitment-intake]" time="0.139" /><testcase classname="tests.test_batch1_activation.TestPublicRoutes" name="test_route_returns_html[/board-activation-proposal]" time="0.133" /><testcase classname="tests.test_batch_intake_e2e.TestRoutes" name="test_route_returns_html[/recruit-with-rooney]" time="0.197" /><testcase classname="tests.test_batch1_activation.TestPublicRoutes" name="test_route_returns_html[/board-activation-intake]" time="0.132" /><testcase classname="tests.test_batch_intake_e2e.TestRoutes" name="test_route_returns_html[/recruit]" time="0.114" /><testcase classname="tests.test_batch1_activation.TestPublicRoutes" name="test_route_returns_html[/activation-start-here]" time="0.113" /><testcase classname="tests.test_batch_intake_e2e.TestRoutes" name="test_route_returns_html[/reactivate]" time="0.152" /><testcase classname="tests.test_batch1_activation.TestPublicFunnelActivation" name="test_creates_lead_with_offer_source" time="2.668" /><testcase classname="tests.test_batch_intake_e2e.TestRoutes" name="test_route_returns_html[/activate]" time="0.186" /><testcase classname="tests.test_batch_intake_e2e.TestRoutes" name="test_route_returns_html[/join-a-board]" time="0.234" /><testcase classname="tests.test_batch1_activation.TestActivationIntakeGating" name="test_context_404_bogus" time="0.230" /><testcase classname="tests.test_batch1_activation.TestActivationIntakeGating" name="test_context_402_unpaid_diy" time="0.957" /><testcase classname="tests.test_batch1_activation.TestActivationIntakeGating" name="test_context_402_unpaid_dwm" time="0.764" /><testcase classname="tests.test_batch1_activation.TestActivationIntakeSubmit" name="test_diy_intake_submit_and_upsert" time="0.718" /><testcase classname="tests.test_batch1_activation.TestPublicFunnelActivation" name="test_missing_required_answer_blocked" time="0.089" /><testcase classname="tests.test_batch1_activation.TestPublicFunnelActivation" name="test_missing_required_top_level" time="0.064" /><testcase classname="tests.test_batch1_activation.TestActivationCourseEndpoints" name="test_courses_activation_401_no_auth" time="0.154" /><testcase classname="tests.test_batch1_activation.TestActivationCourseEndpoints" name="test_module_tester_403_activation" time="0.620" /><testcase classname="tests.test_batch1_activation.TestActivationIntakeSubmit" name="test_dwm_intake_submit_calendly_redirect" time="0.388" /><testcase classname="tests.test_batch1_activation.TestActivationCourseEndpoints" name="test_progress_activation_module6_rejected" time="1.550" /><testcase classname="tests.test_batch1_activation.TestActivationIntakeSubmit" name="test_active_gt_present_rejected" time="0.075" /><testcase classname="tests.test_batch1_activation.TestRegression" name="test_diy_recruitment_still_works" time="0.776" /><testcase classname="tests.test_batch1_activation.TestRegression" name="test_diy_reactivation_still_works" time="0.677" /><testcase classname="tests.test_batch1_activation.TestRegression" name="test_recruit_funnel_still_works" time="0.077" /><testcase classname="tests.test_batch1_activation.TestActivationClaim" name="test_claim_diy_activation_grants_entitlement" time="1.614" /><testcase classname="tests.test_batch_intake_e2e.TestIntakeGating" name="test_intake_context_404_for_bogus_session" time="0.522" /><testcase classname="tests.test_batch_intake_e2e.TestIntakeGating" name="test_intake_context_402_for_pending_diy_session" time="0.918" /><testcase classname="tests.test_batch_intake_e2e.TestIntakeGating" name="test_intake_submit_rejected_for_bogus_session" time="0.101" /><testcase classname="tests.test_batch1_reactivation.TestIntakeContextSecurity" name="test_bogus_session_returns_404" time="0.597" /><testcase classname="tests.test_batch1_activation.TestActivationClaim" name="test_claim_diy_activation_seeded_paid_grants_entitlement" time="1.643" /><testcase classname="tests.test_batch1_reactivation.TestIntakeContextSecurity" name="test_unpaid_session_returns_402" time="0.934" /><testcase classname="tests.test_batch1_reactivation.TestIntakeContextSecurity" name="test_recruitment_session_returns_404" time="1.023" /><testcase classname="tests.test_batch1_activation.TestActivationClaim" name="test_claim_dwm_activation_rejected" time="1.326" /><testcase classname="tests.test_batch1_activation.TestActivationVideoConfig" name="test_config_default_empty" time="0.264" /><testcase classname="tests.test_batch1_activation.TestActivationVideoConfig" name="test_recruitment_reactivation_activation_isolated" time="0.308" /><testcase classname="tests.test_batch1_reactivation.TestRecruitmentRegression" name="test_recruitment_diy_checkout_still_works" time="1.593" /><testcase classname="tests.test_batch_intake_e2e.TestDIYCheckout" name="test_diy_checkout_creates_stripe_session" time="1.475" /><testcase classname="tests.test_batch1_reactivation.TestRecruitmentRegression" name="test_recruitment_direct_project_checkout_still_works" time="0.888" /><testcase classname="tests.test_batch_intake_e2e.TestDIYCheckout" name="test_diy_checkout_invalid_origin" time="0.740" /><testcase classname="tests.test_batch1_reactivation.TestReactivationLeadCapture" name="test_short_form_lead_capture" time="3.254" /><testcase classname="tests.test_batch1_reactivation.TestRecruitmentRegression" name="test_recruitment_short_form_still_5_fields" time="1.526" /><testcase classname="tests.test_batch1_reactivation.TestReactivationCheckouts" name="test_diy_checkout_creates_session_497" time="0.631" /><testcase classname="tests.test_batch1_reactivation.TestReactivationCheckouts" name="test_project_checkout_creates_session_1997" time="0.792" /><testcase classname="tests.test_batch1_activation.TestActivationProjectCheckout" name="test_project_activation_checkout" time="0.876" /><testcase classname="tests.test_batch1_reactivation.TestReactivationLeadCapture" name="test_short_form_rejects_missing_disengaged_count" time="0.509" /><testcase classname="tests.test_batch1_activation.TestActivationDIYCheckout" name="test_diy_activation_checkout" time="1.056" /><testcase classname="tests.test_batch1_activation.TestClaimSourceHandlesActivation" name="test_diy_activation_branch_present_in_source" time="0.002" /><testcase classname="tests.test_batch_intake_e2e.TestDirectProjectCheckout" name="test_direct_project_success_url_is_intake" time="0.912" /><testcase classname="tests.test_batch_intake_e2e.TestIntakeSubmitHappyPath" name="test_intake_submit_and_upsert" time="1.513" /><testcase classname="tests.test_batch1_reactivation.TestReactivationConfig" name="test_config_returns_empty_video" time="0.199" /><testcase classname="tests.test_batch1_reactivation.TestClaimPurchaseRejectsDWM" name="test_direct_board_reactivation_project_cannot_be_claimed" time="1.112" /><testcase classname="tests.test_batch1_reactivation.TestNurtureFlags" name="test_reactivation_not_in_enabled_sources" time="1.448" /><testcase classname="tests.test_batch1_reactivation.TestReactivationCourseAccess" name="test_recruitment_only_member_gets_403" time="0.419" /></testsuite></testsuites>