<?xml version="1.0" encoding="utf-8"?><testsuites name="pytest tests"><testsuite name="pytest" errors="0" failures="0" skipped="0" tests="6" time="5.144" timestamp="2026-08-10T18:04:35.845874+00:00" hostname="agent-env-bb24713a-9226-4066-956f-ee71e92ce731"><testcase classname="tests.test_auto_publish_scheduler" name="test_publish_now_true_publishes_valid_article" time="0.033" /><testcase classname="tests.test_auto_publish_scheduler" name="test_publish_now_false_creates_pending_review" time="0.003" /><testcase classname="tests.test_auto_publish_scheduler" name="test_validation_fails_twice_no_publish_and_alerts_owner" time="0.003" /><testcase classname="tests.test_auto_publish_scheduler" name="test_marketing_loop_uses_publish_now_true" time="0.043" /><testcase classname="tests.test_auto_publish_scheduler" name="test_manual_generate_default_is_publish_now_false" time="0.179" /><testcase classname="tests.test_auto_publish_scheduler" name="test_public_blog_posts_only_returns_published" time="0.294" /></testsuite></testsuites>