<?xml version="1.0" encoding="utf-8"?><testsuites name="pytest tests"><testsuite name="pytest" errors="0" failures="0" skipped="0" tests="10" time="4.665" timestamp="2026-08-22T12:15:58.005485+00:00" hostname="agent-env-aefaa5b9-f806-486a-8a94-361a815e43a8"><testcase classname="tests.test_iter55_label_rename_regression.TestJourneySpotChecks" name="test_diy_297_checkout" time="1.244" /><testcase classname="tests.test_iter55_label_rename_regression.TestRenameStrings" name="test_stage2_progress_403_uses_new_package_name" time="1.221" /><testcase classname="tests.test_iter55_label_rename_regression.TestRenameStrings" name="test_selection_checkout_metadata_and_stripe_product_name" time="1.360" /><testcase classname="tests.test_iter55_label_rename_regression.TestJourneySpotChecks" name="test_dwy_1497_checkout" time="1.117" /><testcase classname="tests.test_iter55_label_rename_regression.TestJourneySpotChecks" name="test_unpaid_intake_context_blocked" time="0.058" /><testcase classname="tests.test_iter55_label_rename_regression.TestJourneySpotChecks" name="test_grandfathered_both_entitlement_count" time="0.002" /><testcase classname="tests.test_iter55_label_rename_regression.TestRenameStrings" name="test_stage1_only_member_still_locked_out_of_stage2" time="0.147" /><testcase classname="tests.test_iter55_label_rename_regression.TestOtherFunnels" name="test_pages_load[/reactivate]" time="0.074" /><testcase classname="tests.test_iter55_label_rename_regression.TestOtherFunnels" name="test_pages_load[/activate]" time="0.075" /><testcase classname="tests.test_iter55_label_rename_regression.TestOtherFunnels" name="test_reactivation_project_checkout" time="0.701" /></testsuite></testsuites>