<?xml version="1.0" encoding="utf-8"?><testsuites name="pytest tests"><testsuite name="pytest" errors="0" failures="0" skipped="0" tests="13" time="2.422" timestamp="2026-09-03T13:33:44.682834+00:00" hostname="agent-env-2a612c1c-5f41-4188-9733-5f22d5a67283"><testcase classname="tests.test_iter60_board_fix_intake_member.TestSecurityGates" name="test_submit_no_auth_401" time="0.397" /><testcase classname="tests.test_iter60_board_fix_intake_member.TestMemberModeIntakeSubmit" name="test_submit_with_empty_session_id_first_time" time="0.473" /><testcase classname="tests.test_iter60_board_fix_intake_member.TestSecurityGates" name="test_submit_member_without_entitlement_403" time="0.502" /><testcase classname="tests.test_iter60_board_fix_intake_member.TestMemberModeIntakeSubmit" name="test_context_reopen_returns_saved_answers" time="0.080" /><testcase classname="tests.test_iter60_board_fix_intake_member.TestMemberModeIntakeSubmit" name="test_edit_submit_redirects_to_roadmap_and_no_duplicates" time="0.303" /><testcase classname="tests.test_iter60_board_fix_intake_member.TestMemberModeIntakeSubmit" name="test_submit_with_bearer_token" time="0.171" /><testcase classname="tests.test_iter60_board_fix_intake_member.TestBylawsUpload" name="test_upload_pdf_success" time="0.302" /><testcase classname="tests.test_iter60_board_fix_intake_member.TestSecurityGates" name="test_submit_bogus_session_id_403" time="0.545" /><testcase classname="tests.test_iter60_board_fix_intake_member.TestBylawsUpload" name="test_context_and_mongo_reflect_bylaws" time="0.078" /><testcase classname="tests.test_iter60_board_fix_intake_member.TestBylawsUpload" name="test_upload_txt_rejected" time="0.113" /><testcase classname="tests.test_iter60_board_fix_intake_member.TestSecurityGates" name="test_context_bogus_session_id_not_eligible" time="0.140" /><testcase classname="tests.test_iter60_board_fix_intake_member.TestBylawsUpload" name="test_upload_without_auth_unauthorized" time="0.149" /><testcase classname="tests.test_iter60_board_fix_intake_member.TestSecurityGates" name="test_bylaws_bogus_session_id_403" time="0.137" /></testsuite></testsuites>