<?xml version="1.0" encoding="utf-8"?><testsuites name="pytest tests"><testsuite name="pytest" errors="0" failures="0" skipped="0" tests="60" time="20.188" timestamp="2026-08-14T12:15:07.458580+00:00" hostname="agent-env-6f63e93d-f2cc-43d0-bb66-77ee15a3c3d8"><testcase classname="tests.test_batch1_activation.TestPublicRoutes" name="test_route_returns_html[/activate]" time="0.158" /><testcase classname="tests.test_batch_intake_e2e.TestRoutes" name="test_route_returns_html[/]" time="0.176" /><testcase classname="tests.test_batch1_activation.TestPublicRoutes" name="test_route_returns_html[/activate-with-rooney]" time="0.118" /><testcase classname="tests.test_batch_intake_e2e.TestRoutes" name="test_route_returns_html[/about-rooney]" time="0.147" /><testcase classname="tests.test_batch1_activation.TestPublicRoutes" name="test_route_returns_html[/activate-your-board-yourself]" time="0.114" /><testcase classname="tests.test_batch_intake_e2e.TestRoutes" name="test_route_returns_html[/recruit-your-board-yourself]" time="0.159" /><testcase classname="tests.test_batch1_activation.TestPublicRoutes" name="test_route_returns_html[/board-activation-proposal]" time="0.128" /><testcase classname="tests.test_batch_intake_e2e.TestRoutes" name="test_route_returns_html[/board-recruitment-proposal]" time="0.103" /><testcase classname="tests.test_batch1_activation.TestPublicRoutes" name="test_route_returns_html[/board-activation-intake]" time="0.128" /><testcase classname="tests.test_batch_intake_e2e.TestRoutes" name="test_route_returns_html[/board-recruitment-intake]" time="0.133" /><testcase classname="tests.test_batch1_activation.TestPublicRoutes" name="test_route_returns_html[/activation-start-here]" time="0.146" /><testcase classname="tests.test_batch_intake_e2e.TestRoutes" name="test_route_returns_html[/recruit-with-rooney]" time="0.144" /><testcase classname="tests.test_batch1_activation.TestPublicFunnelActivation" name="test_creates_lead_with_offer_source" time="3.915" /><testcase classname="tests.test_batch_intake_e2e.TestRoutes" name="test_route_returns_html[/recruit]" time="0.191" /><testcase classname="tests.test_batch_intake_e2e.TestRoutes" name="test_route_returns_html[/reactivate]" time="0.146" /><testcase classname="tests.test_batch_intake_e2e.TestRoutes" name="test_route_returns_html[/activate]" time="0.101" /><testcase classname="tests.test_batch_intake_e2e.TestRoutes" name="test_route_returns_html[/join-a-board]" time="0.107" /><testcase classname="tests.test_batch1_activation.TestActivationIntakeGating" name="test_context_404_bogus" time="0.157" /><testcase classname="tests.test_batch1_activation.TestActivationIntakeGating" name="test_context_402_unpaid_diy" time="0.798" /><testcase classname="tests.test_batch1_activation.TestActivationIntakeGating" name="test_context_402_unpaid_dwm" time="0.754" /><testcase classname="tests.test_batch1_activation.TestActivationIntakeSubmit" name="test_diy_intake_submit_and_upsert" time="0.637" /><testcase classname="tests.test_batch1_activation.TestActivationIntakeSubmit" name="test_dwm_intake_submit_calendly_redirect" time="0.292" /><testcase classname="tests.test_batch1_activation.TestActivationIntakeSubmit" name="test_active_gt_present_rejected" time="0.077" /><testcase classname="tests.test_batch1_activation.TestActivationCourseEndpoints" name="test_courses_activation_401_no_auth" time="0.141" /><testcase classname="tests.test_batch1_activation.TestActivationCourseEndpoints" name="test_module_tester_403_activation" time="0.489" /><testcase classname="tests.test_batch1_activation.TestPublicFunnelActivation" name="test_missing_required_answer_blocked" time="0.058" /><testcase classname="tests.test_batch1_activation.TestActivationCourseEndpoints" name="test_progress_activation_module6_rejected" time="1.289" /><testcase classname="tests.test_batch1_activation.TestPublicFunnelActivation" name="test_missing_required_top_level" time="0.068" /><testcase classname="tests.test_batch1_activation.TestRegression" name="test_diy_recruitment_still_works" time="0.747" /><testcase classname="tests.test_batch1_activation.TestRegression" name="test_diy_reactivation_still_works" time="0.452" /><testcase classname="tests.test_batch1_activation.TestRegression" name="test_recruit_funnel_still_works" time="0.059" /><testcase classname="tests.test_batch1_activation.TestActivationClaim" name="test_claim_diy_activation_grants_entitlement" time="1.523" /><testcase classname="tests.test_batch_intake_e2e.TestIntakeGating" name="test_intake_context_404_for_bogus_session" time="0.550" /><testcase classname="tests.test_batch_intake_e2e.TestIntakeGating" name="test_intake_context_402_for_pending_diy_session" time="0.809" /><testcase classname="tests.test_batch_intake_e2e.TestIntakeGating" name="test_intake_submit_rejected_for_bogus_session" time="0.120" /><testcase classname="tests.test_batch1_activation.TestActivationClaim" name="test_claim_diy_activation_seeded_paid_grants_entitlement" time="1.480" /><testcase classname="tests.test_batch1_reactivation.TestIntakeContextSecurity" name="test_bogus_session_returns_404" time="0.570" /><testcase classname="tests.test_batch1_reactivation.TestIntakeContextSecurity" name="test_unpaid_session_returns_402" time="0.783" /><testcase classname="tests.test_batch1_reactivation.TestIntakeContextSecurity" name="test_recruitment_session_returns_404" time="0.963" /><testcase classname="tests.test_batch1_activation.TestActivationClaim" name="test_claim_dwm_activation_rejected" time="1.274" /><testcase classname="tests.test_batch1_activation.TestActivationVideoConfig" name="test_config_default_empty" time="0.285" /><testcase classname="tests.test_batch1_activation.TestActivationVideoConfig" name="test_recruitment_reactivation_activation_isolated" time="0.226" /><testcase classname="tests.test_batch1_reactivation.TestRecruitmentRegression" name="test_recruitment_diy_checkout_still_works" time="1.460" /><testcase classname="tests.test_batch_intake_e2e.TestDIYCheckout" name="test_diy_checkout_creates_stripe_session" time="1.383" /><testcase classname="tests.test_batch1_reactivation.TestRecruitmentRegression" name="test_recruitment_direct_project_checkout_still_works" time="0.586" /><testcase classname="tests.test_batch_intake_e2e.TestDIYCheckout" name="test_diy_checkout_invalid_origin" time="0.453" /><testcase classname="tests.test_batch1_reactivation.TestReactivationLeadCapture" name="test_short_form_lead_capture" time="2.551" /><testcase classname="tests.test_batch1_reactivation.TestRecruitmentRegression" name="test_recruitment_short_form_still_5_fields" time="1.658" /><testcase classname="tests.test_batch1_reactivation.TestReactivationCheckouts" name="test_diy_checkout_creates_session_497" time="0.693" /><testcase classname="tests.test_batch1_reactivation.TestReactivationCheckouts" name="test_project_checkout_creates_session_1997" time="0.608" /><testcase classname="tests.test_batch1_reactivation.TestReactivationLeadCapture" name="test_short_form_rejects_missing_disengaged_count" time="0.384" /><testcase classname="tests.test_batch1_activation.TestActivationDIYCheckout" name="test_diy_activation_checkout" time="1.224" /><testcase classname="tests.test_batch1_activation.TestActivationProjectCheckout" name="test_project_activation_checkout" time="1.037" /><testcase classname="tests.test_batch1_activation.TestClaimSourceHandlesActivation" name="test_diy_activation_branch_present_in_source" time="0.002" /><testcase classname="tests.test_batch1_reactivation.TestNurtureFlags" name="test_reactivation_not_in_enabled_sources" time="1.679" /><testcase classname="tests.test_batch_intake_e2e.TestDirectProjectCheckout" name="test_direct_project_success_url_is_intake" time="0.661" /><testcase classname="tests.test_batch_intake_e2e.TestIntakeSubmitHappyPath" name="test_intake_submit_and_upsert" time="0.620" /><testcase classname="tests.test_batch1_reactivation.TestReactivationCourseAccess" name="test_recruitment_only_member_gets_403" time="0.816" /><testcase classname="tests.test_batch1_reactivation.TestReactivationConfig" name="test_config_returns_empty_video" time="0.158" /><testcase classname="tests.test_batch1_reactivation.TestClaimPurchaseRejectsDWM" name="test_direct_board_reactivation_project_cannot_be_claimed" time="0.930" /></testsuite></testsuites>