<?xml version="1.0" encoding="utf-8"?><testsuites name="pytest tests"><testsuite name="pytest" errors="0" failures="2" skipped="0" tests="13" time="10.407" timestamp="2026-08-04T12:16:54.065036+00:00" hostname="agent-env-842afe40-6103-40e1-ab8f-44bf887b7a6b"><testcase classname="tests.test_applicant_admin_e2e" name="test_admin_seed_hash_and_indexes" time="0.006" /><testcase classname="tests.test_applicant_admin_e2e" name="test_auth_me_requires_auth" time="0.213" /><testcase classname="tests.test_applicant_admin_e2e" name="test_admin_login_sets_httponly_cookie_and_me_works" time="0.432" /><testcase classname="tests.test_applicant_admin_e2e" name="test_admin_endpoints_block_unauthenticated" time="0.130" /><testcase classname="tests.test_applicant_admin_e2e" name="test_auth_lockout_after_five_invalid_attempts" time="0.526"><failure message="assert 401 == 429&#10; +  where 401 = &lt;Response [401]&gt;.status_code">backend/tests/test_applicant_admin_e2e.py:95: in test_auth_lockout_after_five_invalid_attempts
    assert sixth.status_code == 429
E   assert 401 == 429
E    +  where 401 = &lt;Response [401]&gt;.status_code</failure></testcase><testcase classname="tests.test_applicant_admin_e2e" name="test_cors_preflight_allows_credentials" time="0.071"><failure message="AssertionError: assert None == 'true'&#10; +  where None = get('access-control-allow-credentials')&#10; +    where get = {'Date': 'Tue, 04 Aug 2026 12:16:56 GMT', 'Connection': 'keep-alive', 'Access-Control-Allow-Origin': '*', 'Access-Control-Allow-Headers': '*', 'Access-Control-Allow-Methods': 'GET, POST, PUT, DELETE, OPTIONS, HEAD, PATCH', 'Access-Control-Max-Age': '300', 'set-cookie': '__cf_bm=mcW6lEdExfh_bHsVhFbxI6c4uNj76R_gvVQnifKai_w-1785845816.305212-1.0.1.1-UyE73cBH37Fk39dTnVJa_H2txRtYc.ZWSXlgZ_TkHknCdiFRLxYrjORFekUZ8OsolmuFv2EkPwn.U4l8Y7kFv7p0ijBMhC4JHdY_.sUJqLNhCCkdaIlqhAFYqZXVwB3K; HttpOnly; SameSite=None; Secure; Path=/; Domain=preview.emergentagent.com; Expires=Tue, 04 Aug 2026 12:46:56 GMT', 'X-Robots-Tag': 'noindex, nofollow', 'Server': 'cloudflare', 'CF-RAY': 'a25d7effebd5462e-ORD'}.get&#10; +      where {'Date': 'Tue, 04 Aug 2026 12:16:56 GMT', 'Connection': 'keep-alive', 'Access-Control-Allow-Origin': '*', 'Access-Control-Allow-Headers': '*', 'Access-Control-Allow-Methods': 'GET, POST, PUT, DELETE, OPTIONS, HEAD, PATCH', 'Access-Control-Max-Age': '300', 'set-cookie': '__cf_bm=mcW6lEdExfh_bHsVhFbxI6c4uNj76R_gvVQnifKai_w-1785845816.305212-1.0.1.1-UyE73cBH37Fk39dTnVJa_H2txRtYc.ZWSXlgZ_TkHknCdiFRLxYrjORFekUZ8OsolmuFv2EkPwn.U4l8Y7kFv7p0ijBMhC4JHdY_.sUJqLNhCCkdaIlqhAFYqZXVwB3K; HttpOnly; SameSite=None; Secure; Path=/; Domain=preview.emergentagent.com; Expires=Tue, 04 Aug 2026 12:46:56 GMT', 'X-Robots-Tag': 'noindex, nofollow', 'Server': 'cloudflare', 'CF-RAY': 'a25d7effebd5462e-ORD'} = &lt;Response [204]&gt;.headers">backend/tests/test_applicant_admin_e2e.py:110: in test_cors_preflight_allows_credentials
    assert response.headers.get("access-control-allow-credentials") == "true"
E   AssertionError: assert None == 'true'
E    +  where None = get('access-control-allow-credentials')
E    +    where get = {'Date': 'Tue, 04 Aug 2026 12:16:56 GMT', 'Connection': 'keep-alive', 'Access-Control-Allow-Origin': '*', 'Access-Control-Allow-Headers': '*', 'Access-Control-Allow-Methods': 'GET, POST, PUT, DELETE, OPTIONS, HEAD, PATCH', 'Access-Control-Max-Age': '300', 'set-cookie': '__cf_bm=mcW6lEdExfh_bHsVhFbxI6c4uNj76R_gvVQnifKai_w-1785845816.305212-1.0.1.1-UyE73cBH37Fk39dTnVJa_H2txRtYc.ZWSXlgZ_TkHknCdiFRLxYrjORFekUZ8OsolmuFv2EkPwn.U4l8Y7kFv7p0ijBMhC4JHdY_.sUJqLNhCCkdaIlqhAFYqZXVwB3K; HttpOnly; SameSite=None; Secure; Path=/; Domain=preview.emergentagent.com; Expires=Tue, 04 Aug 2026 12:46:56 GMT', 'X-Robots-Tag': 'noindex, nofollow', 'Server': 'cloudflare', 'CF-RAY': 'a25d7effebd5462e-ORD'}.get
E    +      where {'Date': 'Tue, 04 Aug 2026 12:16:56 GMT', 'Connection': 'keep-alive', 'Access-Control-Allow-Origin': '*', 'Access-Control-Allow-Headers': '*', 'Access-Control-Allow-Methods': 'GET, POST, PUT, DELETE, OPTIONS, HEAD, PATCH', 'Access-Control-Max-Age': '300', 'set-cookie': '__cf_bm=mcW6lEdExfh_bHsVhFbxI6c4uNj76R_gvVQnifKai_w-1785845816.305212-1.0.1.1-UyE73cBH37Fk39dTnVJa_H2txRtYc.ZWSXlgZ_TkHknCdiFRLxYrjORFekUZ8OsolmuFv2EkPwn.U4l8Y7kFv7p0ijBMhC4JHdY_.sUJqLNhCCkdaIlqhAFYqZXVwB3K; HttpOnly; SameSite=None; Secure; Path=/; Domain=preview.emergentagent.com; Expires=Tue, 04 Aug 2026 12:46:56 GMT', 'X-Robots-Tag': 'noindex, nofollow', 'Server': 'cloudflare', 'CF-RAY': 'a25d7effebd5462e-ORD'} = &lt;Response [204]&gt;.headers</failure></testcase><testcase classname="tests.test_applicant_admin_e2e" name="test_create_us_applicant_and_verify_persistence" time="1.266" /><testcase classname="tests.test_applicant_admin_e2e" name="test_upsert_same_email_preserves_created_at_and_id" time="1.302" /><testcase classname="tests.test_applicant_admin_e2e" name="test_resume_persisted_in_gridfs_and_downloadable" time="1.690" /><testcase classname="tests.test_applicant_admin_e2e" name="test_create_uk_applicant" time="1.211" /><testcase classname="tests.test_applicant_admin_e2e" name="test_block_outside_country" time="0.125" /><testcase classname="tests.test_applicant_admin_e2e" name="test_assessment_with_marketing_consent_sync_fields" time="1.660" /><testcase classname="tests.test_applicant_admin_e2e" name="test_assessment_without_marketing_consent_not_requested" time="0.695" /></testsuite></testsuites>