<?xml version="1.0" encoding="utf-8"?><testsuites name="pytest tests"><testsuite name="pytest" errors="0" failures="0" skipped="0" tests="11" time="12.844" timestamp="2026-08-04T16:24:33.579458+00:00" hostname="agent-env-842afe40-6103-40e1-ab8f-44bf887b7a6b"><testcase classname="tests.test_nonprofit_board_builder_automation_e2e" name="test_assessment_with_email_permission_true_and_owner_email_sent" time="1.637" /><testcase classname="tests.test_nonprofit_board_builder_automation_e2e" name="test_assessment_without_permission_not_requested_and_no_contact" time="0.545" /><testcase classname="tests.test_nonprofit_board_builder_automation_e2e" name="test_applicant_create_and_confirmation_and_resend_sync" time="1.461" /><testcase classname="tests.test_nonprofit_board_builder_automation_e2e" name="test_applicant_duplicate_email_updates_without_duplicate_record" time="1.423" /><testcase classname="tests.test_nonprofit_board_builder_automation_e2e" name="test_resend_segments_topics_and_env_ids_match" time="0.279" /><testcase classname="tests.test_nonprofit_board_builder_automation_e2e" name="test_temp_test_segment_owner_only_setup" time="0.676" /><testcase classname="tests.test_nonprofit_board_builder_automation_e2e" name="test_nonprofit_weekly_report_broadcast_idempotent_and_tracked_action" time="1.683" /><testcase classname="tests.test_nonprofit_board_builder_automation_e2e" name="test_nonprofit_no_action_adds_only_unclicked_over_72h" time="1.127" /><testcase classname="tests.test_nonprofit_board_builder_automation_e2e" name="test_applicant_weekly_report_broadcast_idempotent_and_tracked_action" time="1.168" /><testcase classname="tests.test_nonprofit_board_builder_automation_e2e" name="test_applicant_no_action_adds_only_unclicked_over_72h" time="1.328" /><testcase classname="tests.test_nonprofit_board_builder_automation_e2e" name="test_weekly_report_shape_failure_dedupe_and_privacy_page_content" time="0.222" /></testsuite></testsuites>