<?xml version="1.0" encoding="utf-8"?><testsuites name="pytest tests"><testsuite name="pytest" errors="0" failures="0" skipped="1" tests="12" time="9.647" timestamp="2026-08-10T13:48:53.259213+00:00" hostname="agent-env-bb24713a-9226-4066-956f-ee71e92ce731"><testcase classname="tests.test_recruitment_and_blog.TestValidateArticleWordCount" name="test_max_650_enforced" time="1.684" /><testcase classname="tests.test_recruitment_and_blog.TestRecruitmentSubmission" name="test_valid_self_guided_submission_persists_top_level_support_preference" time="1.655" /><testcase classname="tests.test_recruitment_and_blog.TestRecruitmentSubmission" name="test_accomplish_other_free_text_persisted" time="1.295" /><testcase classname="tests.test_recruitment_and_blog.TestValidateArticleWordCount" name="test_min_300_enforced" time="0.000" /><testcase classname="tests.test_recruitment_and_blog.TestValidateArticleWordCount" name="test_target_450_passes" time="0.000" /><testcase classname="tests.test_recruitment_and_blog.TestOtherFunnelsRegression" name="test_reactivation_submission_does_not_require_support_preference" time="1.427" /><testcase classname="tests.test_recruitment_and_blog.TestRecruitmentSubmission" name="test_invalid_support_preference_returns_422" time="0.072" /><testcase classname="tests.test_recruitment_and_blog.TestRecruitmentSubmission" name="test_missing_support_preference_returns_422" time="0.076" /><testcase classname="tests.test_recruitment_and_blog.TestRecruitmentSubmission" name="test_missing_accomplish_areas_returns_422" time="0.077" /><testcase classname="tests.test_recruitment_and_blog.TestOtherFunnelsRegression" name="test_fundraising_activation_submission" time="1.448" /><testcase classname="tests.test_recruitment_and_blog.TestRecruitmentSubmission" name="test_all_four_support_options_accepted" time="5.534" /><testcase classname="tests.test_recruitment_and_blog.TestBlogGeneration" name="test_duplicate_generation_same_category_and_date_returns_409" time="0.290"><skipped type="pytest.skip" message="Previous generation test did not populate meta">/app/backend/tests/test_recruitment_and_blog.py:206: Previous generation test did not populate meta</skipped></testcase></testsuite></testsuites>