<?xml version="1.0" encoding="utf-8"?><testsuites name="pytest tests"><testsuite name="pytest" errors="0" failures="0" skipped="0" tests="8" time="2.822" timestamp="2026-08-29T08:02:19.081677+00:00" hostname="agent-env-11b47e72-8a16-409b-892d-5987dd2a3e09"><testcase classname="tests.test_stripe_webhook_signature.TestSignature" name="test_valid_signature_returns_200" time="0.300" /><testcase classname="tests.test_stripe_webhook_signature.TestSignature" name="test_wrong_secret_returns_400" time="0.133" /><testcase classname="tests.test_stripe_webhook_signature.TestSignature" name="test_unsigned_post_returns_400" time="0.143" /><testcase classname="tests.test_stripe_webhook_signature.TestSignature" name="test_tampered_body_returns_400" time="0.101" /><testcase classname="tests.test_stripe_webhook_signature.TestIdempotency" name="test_replay_is_idempotent" time="1.426" /><testcase classname="tests.test_stripe_webhook_signature.TestIdempotency" name="test_expired_event_accepted" time="0.130" /><testcase classname="tests.test_stripe_webhook_signature.TestIdempotency" name="test_async_payment_failed_accepted" time="0.096" /><testcase classname="tests.test_stripe_webhook_signature" name="test_production_endpoint_alive" time="0.364" /></testsuite></testsuites>